Log file open, 12/15/20 20:33:50
LogInit: Display: Running engine for game: BA_Project
LogPlatformFile: Not using cached read wrapper
LogTaskGraph: Started task graph with 5 named threads and 26 total threads with 3 sets of task threads.
LogStats: Stats thread started at 0.165977
LogD3D11RHI: Loaded GFSDK_Aftermath_Lib.x64.dll
LogICUInternationalization: ICU TimeZone Detection - Raw Offset: +0:00, Platform Override: ''
LogPluginManager: Mounting plugin Paper2D
LogPluginManager: Mounting plugin AISupport
LogPluginManager: Mounting plugin LightPropagationVolume
LogPluginManager: Mounting plugin CameraShakePreviewer
LogPluginManager: Mounting plugin ActorLayerUtilities
LogPluginManager: Mounting plugin AnimationSharing
LogPluginManager: Mounting plugin CLionSourceCodeAccess
LogPluginManager: Mounting plugin CodeLiteSourceCodeAccess
LogPluginManager: Mounting plugin GitSourceControl
LogPluginManager: Mounting plugin KDevelopSourceCodeAccess
LogPluginManager: Mounting plugin NullSourceCodeAccess
LogPluginManager: Mounting plugin PerforceSourceControl
LogPluginManager: Mounting plugin PlasticSourceControl
LogPluginManager: Mounting plugin RiderSourceCodeAccess
LogPluginManager: Mounting plugin SubversionSourceControl
LogPluginManager: Mounting plugin UObjectPlugin
LogPluginManager: Mounting plugin VisualStudioCodeSourceCodeAccess
LogPluginManager: Mounting plugin VisualStudioSourceCodeAccess
LogPluginManager: Mounting plugin XCodeSourceCodeAccess
LogPluginManager: Mounting plugin AssetManagerEditor
LogPluginManager: Mounting plugin CryptoKeys
LogPluginManager: Mounting plugin CurveEditorTools
LogPluginManager: Mounting plugin DataValidation
LogPluginManager: Mounting plugin EditorScriptingUtilities
LogPluginManager: Mounting plugin FacialAnimation
LogPluginManager: Mounting plugin GameplayTagsEditor
LogPluginManager: Mounting plugin GeometryMode
LogPluginManager: Mounting plugin MacGraphicsSwitching
LogPluginManager: Mounting plugin MaterialAnalyzer
LogPluginManager: Mounting plugin MobileLauncherProfileWizard
LogPluginManager: Mounting plugin PluginBrowser
LogPluginManager: Mounting plugin SpeedTreeImporter
LogPluginManager: Mounting plugin DatasmithContent
LogPluginManager: Mounting plugin VariantManagerContent
LogPluginManager: Mounting plugin AlembicImporter
LogPluginManager: Mounting plugin AutomationUtils
LogPluginManager: Mounting plugin BackChannel
LogPluginManager: Mounting plugin ChaosCloth
LogPluginManager: Mounting plugin ChaosClothEditor
LogPluginManager: Mounting plugin ChaosEditor
LogPluginManager: Mounting plugin ChaosNiagara
LogPluginManager: Mounting plugin ChaosSolverPlugin
LogPluginManager: Mounting plugin CharacterAI
LogPluginManager: Mounting plugin GeometryCache
LogPluginManager: Mounting plugin GeometryCollectionPlugin
LogPluginManager: Mounting plugin GeometryProcessing
LogPluginManager: Mounting plugin PlanarCut
LogPluginManager: Mounting plugin PlatformCrypto
LogPluginManager: Mounting plugin ProxyLODPlugin
LogPluginManager: Mounting plugin SkeletalReduction
LogPluginManager: Mounting plugin Niagara
LogPluginManager: Mounting plugin MagicLeap
LogPluginManager: Mounting plugin MagicLeapLightEstimation
LogPluginManager: Mounting plugin MagicLeapMedia
LogPluginManager: Mounting plugin MagicLeapPassableWorld
LogPluginManager: Mounting plugin MLSDK
LogPluginManager: Mounting plugin AndroidMedia
LogPluginManager: Mounting plugin AvfMedia
LogPluginManager: Mounting plugin ImgMedia
LogPluginManager: Mounting plugin MediaCompositing
LogPluginManager: Mounting plugin MediaPlayerEditor
LogPluginManager: Mounting plugin WebMMedia
LogPluginManager: Mounting plugin WmfMedia
LogPluginManager: Mounting plugin MeshPainting
LogPluginManager: Mounting plugin TcpMessaging
LogPluginManager: Mounting plugin UdpMessaging
LogPluginManager: Mounting plugin ActorSequence
LogPluginManager: Mounting plugin LevelSequenceEditor
LogPluginManager: Mounting plugin MatineeToLevelSequence
LogPluginManager: Mounting plugin MovieRenderPipeline
LogPluginManager: Mounting plugin TemplateSequence
LogPluginManager: Mounting plugin NetcodeUnitTest
LogPluginManager: Mounting plugin NUTUnrealEngine4
LogPluginManager: Mounting plugin OnlineSubsystemGooglePlay
LogPluginManager: Mounting plugin OnlineSubsystemIOS
LogPluginManager: Mounting plugin OnlineSubsystem
LogPluginManager: Mounting plugin OnlineSubsystemNull
LogPluginManager: Mounting plugin OnlineSubsystemUtils
LogPluginManager: Mounting plugin LauncherChunkInstaller
LogPluginManager: Mounting plugin AndroidDeviceProfileSelector
LogPluginManager: Mounting plugin AndroidMoviePlayer
LogPluginManager: Mounting plugin AndroidPermission
LogPluginManager: Mounting plugin AppleImageUtils
LogPluginManager: Mounting plugin AppleMoviePlayer
LogPluginManager: Mounting plugin ArchVisCharacter
LogPluginManager: Mounting plugin AssetTags
LogPluginManager: Mounting plugin AudioCapture
LogPluginManager: Mounting plugin CableComponent
LogPluginManager: Mounting plugin CustomMeshComponent
LogPluginManager: Mounting plugin EditableMesh
LogPluginManager: Mounting plugin ExampleDeviceProfileSelector
LogPluginManager: Mounting plugin GoogleCloudMessaging
LogPluginManager: Mounting plugin GooglePAD
LogPluginManager: Mounting plugin IOSDeviceProfileSelector
LogPluginManager: Mounting plugin LinuxDeviceProfileSelector
LogPluginManager: Mounting plugin LocationServicesBPLibrary
LogPluginManager: Mounting plugin MobilePatchingUtils
LogPluginManager: Mounting plugin OculusVR
LogPluginManager: Mounting plugin PhysXVehicles
LogPluginManager: Mounting plugin PostSplashScreen
LogPluginManager: Mounting plugin ProceduralMeshComponent
LogPluginManager: Mounting plugin RuntimePhysXCooking
LogPluginManager: Mounting plugin SignificanceManager
LogPluginManager: Mounting plugin SoundFields
LogPluginManager: Mounting plugin Synthesis
LogPluginManager: Mounting plugin WebMMoviePlayer
LogPluginManager: Mounting plugin WindowsMoviePlayer
LogPluginManager: Mounting plugin ScreenshotTools
LogInit: Using libcurl 7.55.1-DEV
LogInit:  - built for x86_64-pc-win32
LogInit:  - supports SSL with OpenSSL/1.1.1
LogInit:  - supports HTTP deflate (compression) using libz 1.2.8
LogInit:  - other features:
LogInit:      CURL_VERSION_SSL
LogInit:      CURL_VERSION_LIBZ
LogInit:      CURL_VERSION_IPV6
LogInit:      CURL_VERSION_ASYNCHDNS
LogInit:      CURL_VERSION_LARGEFILE
LogInit:      CURL_VERSION_IDN
LogInit:  CurlRequestOptions (configurable via config and command line):
LogInit:  - bVerifyPeer = true  - Libcurl will verify peer certificate
LogInit:  - bUseHttpProxy = false  - Libcurl will NOT use HTTP proxy
LogInit:  - bDontReuseConnections = false  - Libcurl will reuse connections
LogInit:  - MaxHostConnections = 16  - Libcurl will limit the number of connections to a host
LogInit:  - LocalHostAddr = Default
LogInit:  - BufferSize = 65536
LogOnline: OSS: Creating online subsystem instance for: NULL
LogInit: WinSock: version 1.1 (2.2), MaxSocks=32767, MaxUdp=65467
LogOnline: OSS: TryLoadSubsystemAndSetDefault: Loaded subsystem for module [NULL]
LogInit: Build: ++UE4+Release-4.25-CL-14469661
LogInit: Engine Version: 4.25.4-14469661+++UE4+Release-4.25
LogInit: Compatible Engine Version: 4.25.0-13144385+++UE4+Release-4.25
LogInit: Net CL: 13144385
LogInit: OS: Windows 10 (Release 1909) (), CPU: Intel(R) Core(TM) i7-9700KF CPU @ 3.60GHz, GPU: NVIDIA GeForce RTX 2060 SUPER
LogInit: Compiled (64-bit): Oct 11 2020 08:10:49
LogInit: Compiled with Visual C++: 19.24.28315.00
LogInit: Build Configuration: Development
LogInit: Branch Name: ++UE4+Release-4.25
LogInit: Command Line:  /Game/Maps/L_PlaytestV2 -game -PIEVIACONSOLE -Multiprocess GameUserSettingsINI=C:/Users/krunk/OneDrive/Documents/GitHub/8Ball-Studios-Repo/8Ball_Project/Saved/Config/Windows/PIEGameUserSettings0.ini -MultiprocessSaveConfig -MultiprocessOSS -messaging -SessionName="Play in Standalone Game" -windowed -ResX=1280 -ResY=720
LogInit: Base Directory: D:/Unreal/UE_4.25/Engine/Binaries/Win64/
LogInit: Allocator: TBB
LogInit: Installed Engine Build: 1
LogDevObjectVersion: Number of dev versions registered: 26
LogDevObjectVersion:   Dev-Blueprints (B0D832E4-1F89-4F0D-ACCF-7EB736FD4AA2): 10
LogDevObjectVersion:   Dev-Build (E1C64328-A22C-4D53-A36C-8E866417BD8C): 0
LogDevObjectVersion:   Dev-Core (375EC13C-06E4-48FB-B500-84F0262A717E): 4
LogDevObjectVersion:   Dev-Editor (E4B068ED-F494-42E9-A231-DA0B2E46BB41): 38
LogDevObjectVersion:   Dev-Framework (CFFC743F-43B0-4480-9391-14DF171D2073): 37
LogDevObjectVersion:   Dev-Mobile (B02B49B5-BB20-44E9-A304-32B752E40360): 2
LogDevObjectVersion:   Dev-Networking (A4E4105C-59A1-49B5-A7C5-40C4547EDFEE): 0
LogDevObjectVersion:   Dev-Online (39C831C9-5AE6-47DC-9A44-9C173E1C8E7C): 0
LogDevObjectVersion:   Dev-Physics (78F01B33-EBEA-4F98-B9B4-84EACCB95AA2): 4
LogDevObjectVersion:   Dev-Platform (6631380F-2D4D-43E0-8009-CF276956A95A): 0
LogDevObjectVersion:   Dev-Rendering (12F88B9F-8875-4AFC-A67C-D90C383ABD29): 43
LogDevObjectVersion:   Dev-Sequencer (7B5AE74C-D270-4C10-A958-57980B212A5A): 12
LogDevObjectVersion:   Dev-VR (D7296918-1DD6-4BDD-9DE2-64A83CC13884): 3
LogDevObjectVersion:   Dev-LoadTimes (C2A15278-BFE7-4AFE-6C17-90FF531DF755): 1
LogDevObjectVersion:   Private-Geometry (6EACA3D4-40EC-4CC1-B786-8BED09428FC5): 3
LogDevObjectVersion:   Dev-AnimPhys (29E575DD-E0A3-4627-9D10-D276232CDCEA): 17
LogDevObjectVersion:   Dev-Anim (AF43A65D-7FD3-4947-9873-3E8ED9C1BB05): 7
LogDevObjectVersion:   Dev-ReflectionCapture (6B266CEC-1EC7-4B8F-A30B-E4D90942FC07): 1
LogDevObjectVersion:   Dev-Automation (0DF73D61-A23F-47EA-B727-89E90C41499A): 1
LogDevObjectVersion:   FortniteMain (601D1886-AC64-4F84-AA16-D3DE0DEAC7D6): 31
LogDevObjectVersion:   Dev-Enterprise (9DFFBCD6-494F-0158-E221-12823C92A888): 10
LogDevObjectVersion:   Dev-Niagara (F2AED0AC-9AFE-416F-8664-AA7FFA26D6FC): 1
LogDevObjectVersion:   Dev-Destruction (174F1F0B-B4C6-45A5-B13F-2EE8D0FB917D): 10
LogDevObjectVersion:   Dev-Physics-Ext (35F94A83-E258-406C-A318-09F59610247C): 37
LogDevObjectVersion:   Dev-PhysicsMaterial-Chaos (B68FC16E-8B1B-42E2-B453-215C058844FE): 1
LogDevObjectVersion:   Dev-CineCamera (B2E18506-4273-CFC2-A54E-F4BB758BBA07): 1
LogInit: Presizing for max 25165824 objects, including 0 objects not considered by GC, pre-allocating 0 bytes for permanent pool.
LogConfig: Applying CVar settings from Section [/Script/Engine.StreamingSettings] File [C:/Users/krunk/OneDrive/Documents/GitHub/8Ball-Studios-Repo/8Ball_Project/Saved/Config/Windows/Engine.ini]
LogConfig: Setting CVar [[s.MinBulkDataSizeForAsyncLoading:131072]]
LogConfig: Setting CVar [[s.AsyncLoadingThreadEnabled:0]]
LogConfig: Setting CVar [[s.EventDrivenLoaderEnabled:1]]
LogConfig: Setting CVar [[s.WarnIfTimeLimitExceeded:0]]
LogConfig: Setting CVar [[s.TimeLimitExceededMultiplier:1.5]]
LogConfig: Setting CVar [[s.TimeLimitExceededMinTime:0.005]]
LogConfig: Setting CVar [[s.UseBackgroundLevelStreaming:1]]
LogConfig: Setting CVar [[s.PriorityAsyncLoadingExtraTime:15.0]]
LogConfig: Setting CVar [[s.LevelStreamingActorsUpdateTimeLimit:5.0]]
LogConfig: Setting CVar [[s.PriorityLevelStreamingActorsUpdateExtraTime:5.0]]
LogConfig: Setting CVar [[s.LevelStreamingComponentsRegistrationGranularity:10]]
LogConfig: Setting CVar [[s.UnregisterComponentsTimeLimit:1.0]]
LogConfig: Setting CVar [[s.LevelStreamingComponentsUnregistrationGranularity:5]]
LogConfig: Setting CVar [[s.FlushStreamingOnExit:1]]
LogInit: Object subsystem initialized
LogConfig: Setting CVar [[con.DebugEarlyDefault:1]]
LogConfig: Setting CVar [[r.setres:1280x720]]
[2020.12.15-20.33.51:050][  0]LogConfig: Setting CVar [[con.DebugEarlyDefault:1]]
[2020.12.15-20.33.51:050][  0]LogConfig: Setting CVar [[r.setres:1280x720]]
[2020.12.15-20.33.51:050][  0]LogConfig: Applying CVar settings from Section [/Script/Engine.RendererSettings] File [C:/Users/krunk/OneDrive/Documents/GitHub/8Ball-Studios-Repo/8Ball_Project/Saved/Config/Windows/Engine.ini]
[2020.12.15-20.33.51:050][  0]LogConfig: Setting CVar [[r.GPUCrashDebugging:0]]
[2020.12.15-20.33.51:050][  0]LogConfig: Setting CVar [[r.DefaultFeature.AutoExposure:0]]
[2020.12.15-20.33.51:050][  0]LogConfig: Applying CVar settings from Section [/Script/Engine.RendererOverrideSettings] File [C:/Users/krunk/OneDrive/Documents/GitHub/8Ball-Studios-Repo/8Ball_Project/Saved/Config/Windows/Engine.ini]
[2020.12.15-20.33.51:050][  0]LogConfig: Applying CVar settings from Section [/Script/Engine.StreamingSettings] File [C:/Users/krunk/OneDrive/Documents/GitHub/8Ball-Studios-Repo/8Ball_Project/Saved/Config/Windows/Engine.ini]
[2020.12.15-20.33.51:050][  0]LogConfig: Setting CVar [[s.MinBulkDataSizeForAsyncLoading:131072]]
[2020.12.15-20.33.51:050][  0]LogConfig: Setting CVar [[s.AsyncLoadingThreadEnabled:0]]
[2020.12.15-20.33.51:050][  0]LogConfig: Setting CVar [[s.EventDrivenLoaderEnabled:1]]
[2020.12.15-20.33.51:050][  0]LogConfig: Setting CVar [[s.WarnIfTimeLimitExceeded:0]]
[2020.12.15-20.33.51:050][  0]LogConfig: Setting CVar [[s.TimeLimitExceededMultiplier:1.5]]
[2020.12.15-20.33.51:050][  0]LogConfig: Setting CVar [[s.TimeLimitExceededMinTime:0.005]]
[2020.12.15-20.33.51:050][  0]LogConfig: Setting CVar [[s.UseBackgroundLevelStreaming:1]]
[2020.12.15-20.33.51:050][  0]LogConfig: Setting CVar [[s.PriorityAsyncLoadingExtraTime:15.0]]
[2020.12.15-20.33.51:050][  0]LogConfig: Setting CVar [[s.LevelStreamingActorsUpdateTimeLimit:5.0]]
[2020.12.15-20.33.51:050][  0]LogConfig: Setting CVar [[s.PriorityLevelStreamingActorsUpdateExtraTime:5.0]]
[2020.12.15-20.33.51:050][  0]LogConfig: Setting CVar [[s.LevelStreamingComponentsRegistrationGranularity:10]]
[2020.12.15-20.33.51:050][  0]LogConfig: Setting CVar [[s.UnregisterComponentsTimeLimit:1.0]]
[2020.12.15-20.33.51:050][  0]LogConfig: Setting CVar [[s.LevelStreamingComponentsUnregistrationGranularity:5]]
[2020.12.15-20.33.51:050][  0]LogConfig: Setting CVar [[s.FlushStreamingOnExit:1]]
[2020.12.15-20.33.51:050][  0]LogConfig: Applying CVar settings from Section [/Script/Engine.GarbageCollectionSettings] File [C:/Users/krunk/OneDrive/Documents/GitHub/8Ball-Studios-Repo/8Ball_Project/Saved/Config/Windows/Engine.ini]
[2020.12.15-20.33.51:050][  0]LogConfig: Setting CVar [[gc.MaxObjectsNotConsideredByGC:1]]
[2020.12.15-20.33.51:050][  0]LogConfig: Setting CVar [[gc.SizeOfPermanentObjectPool:0]]
[2020.12.15-20.33.51:050][  0]LogConfig: Setting CVar [[gc.FlushStreamingOnGC:0]]
[2020.12.15-20.33.51:050][  0]LogConfig: Setting CVar [[gc.NumRetriesBeforeForcingGC:10]]
[2020.12.15-20.33.51:050][  0]LogConfig: Setting CVar [[gc.AllowParallelGC:1]]
[2020.12.15-20.33.51:050][  0]LogConfig: Setting CVar [[gc.TimeBetweenPurgingPendingKillObjects:61.1]]
[2020.12.15-20.33.51:050][  0]LogConfig: Setting CVar [[gc.MaxObjectsInEditor:25165824]]
[2020.12.15-20.33.51:050][  0]LogConfig: Setting CVar [[gc.IncrementalBeginDestroyEnabled:1]]
[2020.12.15-20.33.51:050][  0]LogConfig: Setting CVar [[gc.CreateGCClusters:1]]
[2020.12.15-20.33.51:050][  0]LogConfig: Setting CVar [[gc.MinGCClusterSize:5]]
[2020.12.15-20.33.51:050][  0]LogConfig: Setting CVar [[gc.ActorClusteringEnabled:0]]
[2020.12.15-20.33.51:050][  0]LogConfig: Setting CVar [[gc.BlueprintClusteringEnabled:0]]
[2020.12.15-20.33.51:050][  0]LogConfig: Setting CVar [[gc.UseDisregardForGCOnDedicatedServers:0]]
[2020.12.15-20.33.51:050][  0]LogConfig: Applying CVar settings from Section [/Script/Engine.NetworkSettings] File [C:/Users/krunk/OneDrive/Documents/GitHub/8Ball-Studios-Repo/8Ball_Project/Saved/Config/Windows/Engine.ini]
[2020.12.15-20.33.51:050][  0]LogConfig: Applying CVar settings from Section [/Script/UnrealEd.CookerSettings] File [C:/Users/krunk/OneDrive/Documents/GitHub/8Ball-Studios-Repo/8Ball_Project/Saved/Config/Windows/Engine.ini]
[2020.12.15-20.33.51:055][  0]LogConfig: Applying CVar settings from Section [ViewDistanceQuality@3] File [C:/Users/krunk/OneDrive/Documents/GitHub/8Ball-Studios-Repo/8Ball_Project/Saved/Config/Windows/Scalability.ini]
[2020.12.15-20.33.51:055][  0]LogConfig: Setting CVar [[r.SkeletalMeshLODBias:0]]
[2020.12.15-20.33.51:055][  0]LogConfig: Setting CVar [[r.ViewDistanceScale:1.0]]
[2020.12.15-20.33.51:055][  0]LogConfig: Applying CVar settings from Section [AntiAliasingQuality@3] File [C:/Users/krunk/OneDrive/Documents/GitHub/8Ball-Studios-Repo/8Ball_Project/Saved/Config/Windows/Scalability.ini]
[2020.12.15-20.33.51:055][  0]LogConfig: Setting CVar [[r.PostProcessAAQuality:4]]
[2020.12.15-20.33.51:055][  0]LogConfig: Applying CVar settings from Section [ShadowQuality@3] File [C:/Users/krunk/OneDrive/Documents/GitHub/8Ball-Studios-Repo/8Ball_Project/Saved/Config/Windows/Scalability.ini]
[2020.12.15-20.33.51:055][  0]LogConfig: Setting CVar [[r.LightFunctionQuality:1]]
[2020.12.15-20.33.51:055][  0]LogConfig: Setting CVar [[r.ShadowQuality:5]]
[2020.12.15-20.33.51:055][  0]LogConfig: Setting CVar [[r.Shadow.CSM.MaxCascades:10]]
[2020.12.15-20.33.51:055][  0]LogConfig: Setting CVar [[r.Shadow.MaxResolution:2048]]
[2020.12.15-20.33.51:055][  0]LogConfig: Setting CVar [[r.Shadow.MaxCSMResolution:2048]]
[2020.12.15-20.33.51:055][  0]LogConfig: Setting CVar [[r.Shadow.RadiusThreshold:0.01]]
[2020.12.15-20.33.51:056][  0]LogConfig: Setting CVar [[r.Shadow.DistanceScale:1.0]]
[2020.12.15-20.33.51:056][  0]LogConfig: Setting CVar [[r.Shadow.CSM.TransitionScale:1.0]]
[2020.12.15-20.33.51:056][  0]LogConfig: Setting CVar [[r.Shadow.PreShadowResolutionFactor:1.0]]
[2020.12.15-20.33.51:056][  0]LogConfig: Setting CVar [[r.DistanceFieldShadowing:1]]
[2020.12.15-20.33.51:056][  0]LogConfig: Setting CVar [[r.DistanceFieldAO:1]]
[2020.12.15-20.33.51:056][  0]LogConfig: Setting CVar [[r.AOQuality:2]]
[2020.12.15-20.33.51:056][  0]LogConfig: Setting CVar [[r.VolumetricFog:1]]
[2020.12.15-20.33.51:056][  0]LogConfig: Setting CVar [[r.VolumetricFog.GridPixelSize:8]]
[2020.12.15-20.33.51:056][  0]LogConfig: Setting CVar [[r.VolumetricFog.GridSizeZ:128]]
[2020.12.15-20.33.51:056][  0]LogConfig: Setting CVar [[r.VolumetricFog.HistoryMissSupersampleCount:4]]
[2020.12.15-20.33.51:056][  0]LogConfig: Setting CVar [[r.LightMaxDrawDistanceScale:1]]
[2020.12.15-20.33.51:056][  0]LogConfig: Setting CVar [[r.CapsuleShadows:1]]
[2020.12.15-20.33.51:056][  0]LogConfig: Applying CVar settings from Section [PostProcessQuality@3] File [C:/Users/krunk/OneDrive/Documents/GitHub/8Ball-Studios-Repo/8Ball_Project/Saved/Config/Windows/Scalability.ini]
[2020.12.15-20.33.51:056][  0]LogConfig: Setting CVar [[r.MotionBlurQuality:4]]
[2020.12.15-20.33.51:056][  0]LogConfig: Setting CVar [[r.AmbientOcclusionMipLevelFactor:0.4]]
[2020.12.15-20.33.51:056][  0]LogConfig: Setting CVar [[r.AmbientOcclusionMaxQuality:100]]
[2020.12.15-20.33.51:056][  0]LogConfig: Setting CVar [[r.AmbientOcclusionLevels:-1]]
[2020.12.15-20.33.51:056][  0]LogConfig: Setting CVar [[r.AmbientOcclusionRadiusScale:1.0]]
[2020.12.15-20.33.51:056][  0]LogConfig: Setting CVar [[r.DepthOfFieldQuality:2]]
[2020.12.15-20.33.51:056][  0]LogConfig: Setting CVar [[r.RenderTargetPoolMin:400]]
[2020.12.15-20.33.51:056][  0]LogConfig: Setting CVar [[r.LensFlareQuality:2]]
[2020.12.15-20.33.51:056][  0]LogConfig: Setting CVar [[r.SceneColorFringeQuality:1]]
[2020.12.15-20.33.51:056][  0]LogConfig: Setting CVar [[r.EyeAdaptationQuality:2]]
[2020.12.15-20.33.51:056][  0]LogConfig: Setting CVar [[r.BloomQuality:5]]
[2020.12.15-20.33.51:056][  0]LogConfig: Setting CVar [[r.FastBlurThreshold:100]]
[2020.12.15-20.33.51:056][  0]LogConfig: Setting CVar [[r.Upscale.Quality:3]]
[2020.12.15-20.33.51:056][  0]LogConfig: Setting CVar [[r.Tonemapper.GrainQuantization:1]]
[2020.12.15-20.33.51:056][  0]LogConfig: Setting CVar [[r.LightShaftQuality:1]]
[2020.12.15-20.33.51:056][  0]LogConfig: Setting CVar [[r.Filter.SizeScale:1]]
[2020.12.15-20.33.51:056][  0]LogConfig: Setting CVar [[r.Tonemapper.Quality:5]]
[2020.12.15-20.33.51:056][  0]LogConfig: Setting CVar [[r.DOF.Gather.AccumulatorQuality:1        ; higher gathering accumulator quality]]
[2020.12.15-20.33.51:056][  0]LogConfig: Setting CVar [[r.DOF.Gather.PostfilterMethod:1          ; Median3x3 postfilering method]]
[2020.12.15-20.33.51:056][  0]LogConfig: Setting CVar [[r.DOF.Gather.EnableBokehSettings:0       ; no bokeh simulation when gathering]]
[2020.12.15-20.33.51:056][  0]LogConfig: Setting CVar [[r.DOF.Gather.RingCount:4                 ; medium number of samples when gathering]]
[2020.12.15-20.33.51:056][  0]LogConfig: Setting CVar [[r.DOF.Scatter.ForegroundCompositing:1    ; additive foreground scattering]]
[2020.12.15-20.33.51:056][  0]LogConfig: Setting CVar [[r.DOF.Scatter.BackgroundCompositing:2    ; additive background scattering]]
[2020.12.15-20.33.51:056][  0]LogConfig: Setting CVar [[r.DOF.Scatter.EnableBokehSettings:1      ; bokeh simulation when scattering]]
[2020.12.15-20.33.51:056][  0]LogConfig: Setting CVar [[r.DOF.Scatter.MaxSpriteRatio:0.1         ; only a maximum of 10% of scattered bokeh]]
[2020.12.15-20.33.51:056][  0]LogConfig: Setting CVar [[r.DOF.Recombine.Quality:1                ; cheap slight out of focus]]
[2020.12.15-20.33.51:056][  0]LogConfig: Setting CVar [[r.DOF.Recombine.EnableBokehSettings:0    ; no bokeh simulation on slight out of focus]]
[2020.12.15-20.33.51:056][  0]LogConfig: Setting CVar [[r.DOF.TemporalAAQuality:1                ; more stable temporal accumulation]]
[2020.12.15-20.33.51:056][  0]LogConfig: Setting CVar [[r.DOF.Kernel.MaxForegroundRadius:0.025]]
[2020.12.15-20.33.51:056][  0]LogConfig: Setting CVar [[r.DOF.Kernel.MaxBackgroundRadius:0.025]]
[2020.12.15-20.33.51:056][  0]LogConfig: Applying CVar settings from Section [TextureQuality@3] File [C:/Users/krunk/OneDrive/Documents/GitHub/8Ball-Studios-Repo/8Ball_Project/Saved/Config/Windows/Scalability.ini]
[2020.12.15-20.33.51:056][  0]LogConfig: Setting CVar [[r.Streaming.MipBias:0]]
[2020.12.15-20.33.51:056][  0]LogConfig: Setting CVar [[r.Streaming.AmortizeCPUToGPUCopy:0]]
[2020.12.15-20.33.51:056][  0]LogConfig: Setting CVar [[r.Streaming.MaxNumTexturesToStreamPerFrame:0]]
[2020.12.15-20.33.51:056][  0]LogConfig: Setting CVar [[r.Streaming.Boost:1]]
[2020.12.15-20.33.51:056][  0]LogConfig: Setting CVar [[r.MaxAnisotropy:8]]
[2020.12.15-20.33.51:056][  0]LogConfig: Setting CVar [[r.VT.MaxAnisotropy:8]]
[2020.12.15-20.33.51:056][  0]LogConfig: Setting CVar [[r.Streaming.LimitPoolSizeToVRAM:0]]
[2020.12.15-20.33.51:056][  0]LogConfig: Setting CVar [[r.Streaming.PoolSize:1000]]
[2020.12.15-20.33.51:056][  0]LogConfig: Setting CVar [[r.Streaming.MaxEffectiveScreenSize:0]]
[2020.12.15-20.33.51:056][  0]LogConfig: Applying CVar settings from Section [EffectsQuality@3] File [C:/Users/krunk/OneDrive/Documents/GitHub/8Ball-Studios-Repo/8Ball_Project/Saved/Config/Windows/Scalability.ini]
[2020.12.15-20.33.51:056][  0]LogConfig: Setting CVar [[r.TranslucencyLightingVolumeDim:64]]
[2020.12.15-20.33.51:056][  0]LogConfig: Setting CVar [[r.RefractionQuality:2]]
[2020.12.15-20.33.51:056][  0]LogConfig: Setting CVar [[r.SSR.Quality:3]]
[2020.12.15-20.33.51:056][  0]LogConfig: Setting CVar [[r.SSR.HalfResSceneColor:0]]
[2020.12.15-20.33.51:056][  0]LogConfig: Setting CVar [[r.SceneColorFormat:4]]
[2020.12.15-20.33.51:056][  0]LogConfig: Setting CVar [[r.DetailMode:2]]
[2020.12.15-20.33.51:056][  0]LogConfig: Setting CVar [[r.TranslucencyVolumeBlur:1]]
[2020.12.15-20.33.51:056][  0]LogConfig: Setting CVar [[r.MaterialQualityLevel:1 ; High quality]]
[2020.12.15-20.33.51:056][  0]LogConfig: Setting CVar [[r.SSS.Scale:1]]
[2020.12.15-20.33.51:056][  0]LogConfig: Setting CVar [[r.SSS.SampleSet:2]]
[2020.12.15-20.33.51:056][  0]LogConfig: Setting CVar [[r.SSS.Quality:1]]
[2020.12.15-20.33.51:056][  0]LogConfig: Setting CVar [[r.SSS.HalfRes:0]]
[2020.12.15-20.33.51:056][  0]LogConfig: Setting CVar [[r.SSGI.Quality:3]]
[2020.12.15-20.33.51:056][  0]LogConfig: Setting CVar [[r.EmitterSpawnRateScale:1.0]]
[2020.12.15-20.33.51:056][  0]LogConfig: Setting CVar [[r.ParticleLightQuality:2]]
[2020.12.15-20.33.51:056][  0]LogConfig: Setting CVar [[r.SkyAtmosphere.AerialPerspectiveLUT.FastApplyOnOpaque:1 ; Always have FastSkyLUT 1 in this case to avoid wrong sky]]
[2020.12.15-20.33.51:056][  0]LogConfig: Setting CVar [[r.SkyAtmosphere.AerialPerspectiveLUT.SampleCountPerSlice:1]]
[2020.12.15-20.33.51:056][  0]LogConfig: Setting CVar [[r.SkyAtmosphere.AerialPerspectiveLUT.DepthResolution:16.0]]
[2020.12.15-20.33.51:056][  0]LogConfig: Setting CVar [[r.SkyAtmosphere.FastSkyLUT:1]]
[2020.12.15-20.33.51:056][  0]LogConfig: Setting CVar [[r.SkyAtmosphere.FastSkyLUT.SampleCountMin:4.0]]
[2020.12.15-20.33.51:056][  0]LogConfig: Setting CVar [[r.SkyAtmosphere.FastSkyLUT.SampleCountMax:32.0]]
[2020.12.15-20.33.51:056][  0]LogConfig: Setting CVar [[r.SkyAtmosphere.SampleCountMin:4.0]]
[2020.12.15-20.33.51:056][  0]LogConfig: Setting CVar [[r.SkyAtmosphere.SampleCountMax:32.0]]
[2020.12.15-20.33.51:056][  0]LogConfig: Setting CVar [[r.SkyAtmosphere.TransmittanceLUT.UseSmallFormat:0]]
[2020.12.15-20.33.51:056][  0]LogConfig: Setting CVar [[r.SkyAtmosphere.TransmittanceLUT.SampleCount:10.0]]
[2020.12.15-20.33.51:056][  0]LogConfig: Setting CVar [[r.SkyAtmosphere.MultiScatteringLUT.SampleCount:15.0]]
[2020.12.15-20.33.51:056][  0]LogConfig: Applying CVar settings from Section [FoliageQuality@3] File [C:/Users/krunk/OneDrive/Documents/GitHub/8Ball-Studios-Repo/8Ball_Project/Saved/Config/Windows/Scalability.ini]
[2020.12.15-20.33.51:056][  0]LogConfig: Setting CVar [[foliage.DensityScale:1.0]]
[2020.12.15-20.33.51:056][  0]LogConfig: Setting CVar [[grass.DensityScale:1.0]]
[2020.12.15-20.33.51:056][  0]LogConfig: Applying CVar settings from Section [ShadingQuality@3] File [C:/Users/krunk/OneDrive/Documents/GitHub/8Ball-Studios-Repo/8Ball_Project/Saved/Config/Windows/Scalability.ini]
[2020.12.15-20.33.51:056][  0]LogConfig: Setting CVar [[r.HairStrands.SkyLighting.SampleCount:16]]
[2020.12.15-20.33.51:056][  0]LogConfig: Setting CVar [[r.HairStrands.SkyLighting.JitterIntegration:0]]
[2020.12.15-20.33.51:056][  0]LogConfig: Setting CVar [[r.HairStrands.SkyAO.SampleCount:16]]
[2020.12.15-20.33.51:056][  0]LogConfig: Setting CVar [[r.HairStrands.DeepShadow.SuperSampling:0]]
[2020.12.15-20.33.51:056][  0]LogConfig: Setting CVar [[r.HairStrands.VisibilityPPLL:0]]
[2020.12.15-20.33.51:057][  0]LogConfig: Setting CVar [[r.HairStrands.RasterizationScale:0.5]]
[2020.12.15-20.33.51:057][  0]LogConfig: Setting CVar [[r.HairStrands.VelocityRasterizationScale:1]]
[2020.12.15-20.33.51:057][  0]LogInit: Selected Device Profile: [Windows]
[2020.12.15-20.33.51:057][  0]LogInit: Applying CVar settings loaded from the selected device profile: [Windows]
[2020.12.15-20.33.51:057][  0]LogHAL: Display: Platform has ~ 16 GB [17085243392 / 17179869184 / 16], which maps to Larger [LargestMinGB=32, LargerMinGB=12, DefaultMinGB=8, SmallerMinGB=6, SmallestMinGB=0)
[2020.12.15-20.33.51:057][  0]LogInit: Going up to parent DeviceProfile []
[2020.12.15-20.33.51:057][  0]LogConfig: Applying CVar settings from Section [ViewDistanceQuality@3] File [C:/Users/krunk/OneDrive/Documents/GitHub/8Ball-Studios-Repo/8Ball_Project/Saved/Config/Windows/Scalability.ini]
[2020.12.15-20.33.51:057][  0]LogConfig: Setting CVar [[r.SkeletalMeshLODBias:0]]
[2020.12.15-20.33.51:057][  0]LogConfig: Setting CVar [[r.ViewDistanceScale:1.0]]
[2020.12.15-20.33.51:057][  0]LogConfig: Applying CVar settings from Section [AntiAliasingQuality@3] File [C:/Users/krunk/OneDrive/Documents/GitHub/8Ball-Studios-Repo/8Ball_Project/Saved/Config/Windows/Scalability.ini]
[2020.12.15-20.33.51:057][  0]LogConfig: Setting CVar [[r.PostProcessAAQuality:4]]
[2020.12.15-20.33.51:057][  0]LogConfig: Applying CVar settings from Section [ShadowQuality@3] File [C:/Users/krunk/OneDrive/Documents/GitHub/8Ball-Studios-Repo/8Ball_Project/Saved/Config/Windows/Scalability.ini]
[2020.12.15-20.33.51:057][  0]LogConfig: Setting CVar [[r.LightFunctionQuality:1]]
[2020.12.15-20.33.51:057][  0]LogConfig: Setting CVar [[r.ShadowQuality:5]]
[2020.12.15-20.33.51:057][  0]LogConfig: Setting CVar [[r.Shadow.CSM.MaxCascades:10]]
[2020.12.15-20.33.51:057][  0]LogConfig: Setting CVar [[r.Shadow.MaxResolution:2048]]
[2020.12.15-20.33.51:057][  0]LogConfig: Setting CVar [[r.Shadow.MaxCSMResolution:2048]]
[2020.12.15-20.33.51:057][  0]LogConfig: Setting CVar [[r.Shadow.RadiusThreshold:0.01]]
[2020.12.15-20.33.51:057][  0]LogConfig: Setting CVar [[r.Shadow.DistanceScale:1.0]]
[2020.12.15-20.33.51:057][  0]LogConfig: Setting CVar [[r.Shadow.CSM.TransitionScale:1.0]]
[2020.12.15-20.33.51:057][  0]LogConfig: Setting CVar [[r.Shadow.PreShadowResolutionFactor:1.0]]
[2020.12.15-20.33.51:057][  0]LogConfig: Setting CVar [[r.DistanceFieldShadowing:1]]
[2020.12.15-20.33.51:057][  0]LogConfig: Setting CVar [[r.DistanceFieldAO:1]]
[2020.12.15-20.33.51:057][  0]LogConfig: Setting CVar [[r.AOQuality:2]]
[2020.12.15-20.33.51:057][  0]LogConfig: Setting CVar [[r.VolumetricFog:1]]
[2020.12.15-20.33.51:057][  0]LogConfig: Setting CVar [[r.VolumetricFog.GridPixelSize:8]]
[2020.12.15-20.33.51:057][  0]LogConfig: Setting CVar [[r.VolumetricFog.GridSizeZ:128]]
[2020.12.15-20.33.51:057][  0]LogConfig: Setting CVar [[r.VolumetricFog.HistoryMissSupersampleCount:4]]
[2020.12.15-20.33.51:057][  0]LogConfig: Setting CVar [[r.LightMaxDrawDistanceScale:1]]
[2020.12.15-20.33.51:057][  0]LogConfig: Setting CVar [[r.CapsuleShadows:1]]
[2020.12.15-20.33.51:057][  0]LogConfig: Applying CVar settings from Section [PostProcessQuality@3] File [C:/Users/krunk/OneDrive/Documents/GitHub/8Ball-Studios-Repo/8Ball_Project/Saved/Config/Windows/Scalability.ini]
[2020.12.15-20.33.51:057][  0]LogConfig: Setting CVar [[r.MotionBlurQuality:4]]
[2020.12.15-20.33.51:057][  0]LogConfig: Setting CVar [[r.AmbientOcclusionMipLevelFactor:0.4]]
[2020.12.15-20.33.51:057][  0]LogConfig: Setting CVar [[r.AmbientOcclusionMaxQuality:100]]
[2020.12.15-20.33.51:057][  0]LogConfig: Setting CVar [[r.AmbientOcclusionLevels:-1]]
[2020.12.15-20.33.51:057][  0]LogConfig: Setting CVar [[r.AmbientOcclusionRadiusScale:1.0]]
[2020.12.15-20.33.51:057][  0]LogConfig: Setting CVar [[r.DepthOfFieldQuality:2]]
[2020.12.15-20.33.51:057][  0]LogConfig: Setting CVar [[r.RenderTargetPoolMin:400]]
[2020.12.15-20.33.51:057][  0]LogConfig: Setting CVar [[r.LensFlareQuality:2]]
[2020.12.15-20.33.51:057][  0]LogConfig: Setting CVar [[r.SceneColorFringeQuality:1]]
[2020.12.15-20.33.51:057][  0]LogConfig: Setting CVar [[r.EyeAdaptationQuality:2]]
[2020.12.15-20.33.51:057][  0]LogConfig: Setting CVar [[r.BloomQuality:5]]
[2020.12.15-20.33.51:057][  0]LogConfig: Setting CVar [[r.FastBlurThreshold:100]]
[2020.12.15-20.33.51:057][  0]LogConfig: Setting CVar [[r.Upscale.Quality:3]]
[2020.12.15-20.33.51:057][  0]LogConfig: Setting CVar [[r.Tonemapper.GrainQuantization:1]]
[2020.12.15-20.33.51:057][  0]LogConfig: Setting CVar [[r.LightShaftQuality:1]]
[2020.12.15-20.33.51:057][  0]LogConfig: Setting CVar [[r.Filter.SizeScale:1]]
[2020.12.15-20.33.51:057][  0]LogConfig: Setting CVar [[r.Tonemapper.Quality:5]]
[2020.12.15-20.33.51:057][  0]LogConfig: Setting CVar [[r.DOF.Gather.AccumulatorQuality:1        ; higher gathering accumulator quality]]
[2020.12.15-20.33.51:057][  0]LogConfig: Setting CVar [[r.DOF.Gather.PostfilterMethod:1          ; Median3x3 postfilering method]]
[2020.12.15-20.33.51:057][  0]LogConfig: Setting CVar [[r.DOF.Gather.EnableBokehSettings:0       ; no bokeh simulation when gathering]]
[2020.12.15-20.33.51:057][  0]LogConfig: Setting CVar [[r.DOF.Gather.RingCount:4                 ; medium number of samples when gathering]]
[2020.12.15-20.33.51:057][  0]LogConfig: Setting CVar [[r.DOF.Scatter.ForegroundCompositing:1    ; additive foreground scattering]]
[2020.12.15-20.33.51:057][  0]LogConfig: Setting CVar [[r.DOF.Scatter.BackgroundCompositing:2    ; additive background scattering]]
[2020.12.15-20.33.51:057][  0]LogConfig: Setting CVar [[r.DOF.Scatter.EnableBokehSettings:1      ; bokeh simulation when scattering]]
[2020.12.15-20.33.51:057][  0]LogConfig: Setting CVar [[r.DOF.Scatter.MaxSpriteRatio:0.1         ; only a maximum of 10% of scattered bokeh]]
[2020.12.15-20.33.51:057][  0]LogConfig: Setting CVar [[r.DOF.Recombine.Quality:1                ; cheap slight out of focus]]
[2020.12.15-20.33.51:057][  0]LogConfig: Setting CVar [[r.DOF.Recombine.EnableBokehSettings:0    ; no bokeh simulation on slight out of focus]]
[2020.12.15-20.33.51:057][  0]LogConfig: Setting CVar [[r.DOF.TemporalAAQuality:1                ; more stable temporal accumulation]]
[2020.12.15-20.33.51:057][  0]LogConfig: Setting CVar [[r.DOF.Kernel.MaxForegroundRadius:0.025]]
[2020.12.15-20.33.51:057][  0]LogConfig: Setting CVar [[r.DOF.Kernel.MaxBackgroundRadius:0.025]]
[2020.12.15-20.33.51:057][  0]LogConfig: Applying CVar settings from Section [TextureQuality@3] File [C:/Users/krunk/OneDrive/Documents/GitHub/8Ball-Studios-Repo/8Ball_Project/Saved/Config/Windows/Scalability.ini]
[2020.12.15-20.33.51:057][  0]LogConfig: Setting CVar [[r.Streaming.MipBias:0]]
[2020.12.15-20.33.51:057][  0]LogConfig: Setting CVar [[r.Streaming.AmortizeCPUToGPUCopy:0]]
[2020.12.15-20.33.51:057][  0]LogConfig: Setting CVar [[r.Streaming.MaxNumTexturesToStreamPerFrame:0]]
[2020.12.15-20.33.51:058][  0]LogConfig: Setting CVar [[r.Streaming.Boost:1]]
[2020.12.15-20.33.51:058][  0]LogConfig: Setting CVar [[r.MaxAnisotropy:8]]
[2020.12.15-20.33.51:058][  0]LogConfig: Setting CVar [[r.VT.MaxAnisotropy:8]]
[2020.12.15-20.33.51:058][  0]LogConfig: Setting CVar [[r.Streaming.LimitPoolSizeToVRAM:0]]
[2020.12.15-20.33.51:058][  0]LogConfig: Setting CVar [[r.Streaming.PoolSize:1000]]
[2020.12.15-20.33.51:058][  0]LogConfig: Setting CVar [[r.Streaming.MaxEffectiveScreenSize:0]]
[2020.12.15-20.33.51:058][  0]LogConfig: Applying CVar settings from Section [EffectsQuality@3] File [C:/Users/krunk/OneDrive/Documents/GitHub/8Ball-Studios-Repo/8Ball_Project/Saved/Config/Windows/Scalability.ini]
[2020.12.15-20.33.51:058][  0]LogConfig: Setting CVar [[r.TranslucencyLightingVolumeDim:64]]
[2020.12.15-20.33.51:058][  0]LogConfig: Setting CVar [[r.RefractionQuality:2]]
[2020.12.15-20.33.51:058][  0]LogConfig: Setting CVar [[r.SSR.Quality:3]]
[2020.12.15-20.33.51:058][  0]LogConfig: Setting CVar [[r.SSR.HalfResSceneColor:0]]
[2020.12.15-20.33.51:058][  0]LogConfig: Setting CVar [[r.SceneColorFormat:4]]
[2020.12.15-20.33.51:058][  0]LogConfig: Setting CVar [[r.DetailMode:2]]
[2020.12.15-20.33.51:058][  0]LogConfig: Setting CVar [[r.TranslucencyVolumeBlur:1]]
[2020.12.15-20.33.51:058][  0]LogConfig: Setting CVar [[r.MaterialQualityLevel:1 ; High quality]]
[2020.12.15-20.33.51:058][  0]LogConfig: Setting CVar [[r.SSS.Scale:1]]
[2020.12.15-20.33.51:058][  0]LogConfig: Setting CVar [[r.SSS.SampleSet:2]]
[2020.12.15-20.33.51:058][  0]LogConfig: Setting CVar [[r.SSS.Quality:1]]
[2020.12.15-20.33.51:058][  0]LogConfig: Setting CVar [[r.SSS.HalfRes:0]]
[2020.12.15-20.33.51:058][  0]LogConfig: Setting CVar [[r.SSGI.Quality:3]]
[2020.12.15-20.33.51:058][  0]LogConfig: Setting CVar [[r.EmitterSpawnRateScale:1.0]]
[2020.12.15-20.33.51:058][  0]LogConfig: Setting CVar [[r.ParticleLightQuality:2]]
[2020.12.15-20.33.51:058][  0]LogConfig: Setting CVar [[r.SkyAtmosphere.AerialPerspectiveLUT.FastApplyOnOpaque:1 ; Always have FastSkyLUT 1 in this case to avoid wrong sky]]
[2020.12.15-20.33.51:058][  0]LogConfig: Setting CVar [[r.SkyAtmosphere.AerialPerspectiveLUT.SampleCountPerSlice:1]]
[2020.12.15-20.33.51:058][  0]LogConfig: Setting CVar [[r.SkyAtmosphere.AerialPerspectiveLUT.DepthResolution:16.0]]
[2020.12.15-20.33.51:058][  0]LogConfig: Setting CVar [[r.SkyAtmosphere.FastSkyLUT:1]]
[2020.12.15-20.33.51:058][  0]LogConfig: Setting CVar [[r.SkyAtmosphere.FastSkyLUT.SampleCountMin:4.0]]
[2020.12.15-20.33.51:058][  0]LogConfig: Setting CVar [[r.SkyAtmosphere.FastSkyLUT.SampleCountMax:32.0]]
[2020.12.15-20.33.51:058][  0]LogConfig: Setting CVar [[r.SkyAtmosphere.SampleCountMin:4.0]]
[2020.12.15-20.33.51:058][  0]LogConfig: Setting CVar [[r.SkyAtmosphere.SampleCountMax:32.0]]
[2020.12.15-20.33.51:058][  0]LogConfig: Setting CVar [[r.SkyAtmosphere.TransmittanceLUT.UseSmallFormat:0]]
[2020.12.15-20.33.51:058][  0]LogConfig: Setting CVar [[r.SkyAtmosphere.TransmittanceLUT.SampleCount:10.0]]
[2020.12.15-20.33.51:058][  0]LogConfig: Setting CVar [[r.SkyAtmosphere.MultiScatteringLUT.SampleCount:15.0]]
[2020.12.15-20.33.51:058][  0]LogConfig: Applying CVar settings from Section [FoliageQuality@3] File [C:/Users/krunk/OneDrive/Documents/GitHub/8Ball-Studios-Repo/8Ball_Project/Saved/Config/Windows/Scalability.ini]
[2020.12.15-20.33.51:058][  0]LogConfig: Setting CVar [[foliage.DensityScale:1.0]]
[2020.12.15-20.33.51:058][  0]LogConfig: Setting CVar [[grass.DensityScale:1.0]]
[2020.12.15-20.33.51:058][  0]LogConfig: Applying CVar settings from Section [ShadingQuality@3] File [C:/Users/krunk/OneDrive/Documents/GitHub/8Ball-Studios-Repo/8Ball_Project/Saved/Config/Windows/Scalability.ini]
[2020.12.15-20.33.51:058][  0]LogConfig: Setting CVar [[r.HairStrands.SkyLighting.SampleCount:16]]
[2020.12.15-20.33.51:058][  0]LogConfig: Setting CVar [[r.HairStrands.SkyLighting.JitterIntegration:0]]
[2020.12.15-20.33.51:058][  0]LogConfig: Setting CVar [[r.HairStrands.SkyAO.SampleCount:16]]
[2020.12.15-20.33.51:058][  0]LogConfig: Setting CVar [[r.HairStrands.DeepShadow.SuperSampling:0]]
[2020.12.15-20.33.51:058][  0]LogConfig: Setting CVar [[r.HairStrands.VisibilityPPLL:0]]
[2020.12.15-20.33.51:058][  0]LogConfig: Setting CVar [[r.HairStrands.RasterizationScale:0.5]]
[2020.12.15-20.33.51:058][  0]LogConfig: Setting CVar [[r.HairStrands.VelocityRasterizationScale:1]]
[2020.12.15-20.33.51:058][  0]LogConfig: Applying CVar settings from Section [Startup] File [../../../Engine/Config/ConsoleVariables.ini]
[2020.12.15-20.33.51:059][  0]LogConfig: Setting CVar [[net.UseAdaptiveNetUpdateFrequency:0]]
[2020.12.15-20.33.51:059][  0]LogConfig: Setting CVar [[p.chaos.AllowCreatePhysxBodies:1]]
[2020.12.15-20.33.51:059][  0]LogConfig: Setting CVar [[fx.SkipVectorVMBackendOptimizations:1]]
[2020.12.15-20.33.51:059][  0]LogConfig: Applying CVar settings from Section [ConsoleVariables] File [C:/Users/krunk/OneDrive/Documents/GitHub/8Ball-Studios-Repo/8Ball_Project/Saved/Config/Windows/Engine.ini]
[2020.12.15-20.33.51:059][  0]LogInit: Computer: DESKTOP-RCQRLHM
[2020.12.15-20.33.51:059][  0]LogInit: User: krunk
[2020.12.15-20.33.51:059][  0]LogInit: CPU Page size=4096, Cores=8
[2020.12.15-20.33.51:059][  0]LogInit: High frequency timer resolution =10.000000 MHz
[2020.12.15-20.33.51:059][  0]LogMemory: Memory total: Physical=15.9GB (16GB approx)
[2020.12.15-20.33.51:059][  0]LogMemory: Platform Memory Stats for Windows
[2020.12.15-20.33.51:059][  0]LogMemory: Process Physical Memory: 114.34 MB used, 114.34 MB peak
[2020.12.15-20.33.51:059][  0]LogMemory: Process Virtual Memory: 118.31 MB used, 118.31 MB peak
[2020.12.15-20.33.51:059][  0]LogMemory: Physical Memory: 8280.68 MB used,  8013.07 MB free, 16293.76 MB total
[2020.12.15-20.33.51:059][  0]LogMemory: Virtual Memory: 5167.14 MB used,  134212560.00 MB free, 134217728.00 MB total
[2020.12.15-20.33.51:064][  0]LogWindows: WindowsPlatformFeatures enabled
[2020.12.15-20.33.51:118][  0]LogInit: Physics initialised using underlying interface: PhysX
[2020.12.15-20.33.51:118][  0]LogInit: Using OS detected language (en-GB).
[2020.12.15-20.33.51:118][  0]LogInit: Using OS detected locale (en-GB).
[2020.12.15-20.33.51:119][  0]LogTextLocalizationManager: No specific localization for 'en-GB' exists, so the 'en' localization will be used.
[2020.12.15-20.33.51:325][  0]LogSlate: New Slate User Created.  User Index 0, Is Virtual User: 0
[2020.12.15-20.33.51:325][  0]LogSlate: Slate User Registered.  User Index 0, Is Virtual User: 0
[2020.12.15-20.33.51:333][  0]LogD3D11RHI: D3D11 min allowed feature level: 11_0
[2020.12.15-20.33.51:333][  0]LogD3D11RHI: D3D11 max allowed feature level: 11_0
[2020.12.15-20.33.51:333][  0]LogD3D11RHI: D3D11 adapters:
[2020.12.15-20.33.51:402][  0]LogD3D11RHI:    0. 'NVIDIA GeForce RTX 2060 SUPER' (Feature Level 11_0)
[2020.12.15-20.33.51:402][  0]LogD3D11RHI:       8031/0/8146 MB DedicatedVideo/DedicatedSystem/SharedSystem, Outputs:2, VendorId:0x10de
[2020.12.15-20.33.51:404][  0]LogD3D11RHI:    1. 'Microsoft Basic Render Driver' (Feature Level 11_0)
[2020.12.15-20.33.51:404][  0]LogD3D11RHI:       0/0/8146 MB DedicatedVideo/DedicatedSystem/SharedSystem, Outputs:0, VendorId:0x1414
[2020.12.15-20.33.51:405][  0]LogD3D11RHI: Chosen D3D11 Adapter: 0
[2020.12.15-20.33.51:410][  0]LogD3D11RHI: Creating new Direct3DDevice
[2020.12.15-20.33.51:410][  0]LogD3D11RHI:     GPU DeviceId: 0x1f06 (for the marketing name, search the web for "GPU Device Id")
[2020.12.15-20.33.51:410][  0]LogWindows: EnumDisplayDevices:
[2020.12.15-20.33.51:410][  0]LogWindows:    0. 'NVIDIA GeForce RTX 2060 SUPER' (P:1 D:1)
[2020.12.15-20.33.51:411][  0]LogWindows:    1. 'NVIDIA GeForce RTX 2060 SUPER' (P:0 D:1)
[2020.12.15-20.33.51:411][  0]LogWindows:    2. 'NVIDIA GeForce RTX 2060 SUPER' (P:0 D:0)
[2020.12.15-20.33.51:411][  0]LogWindows:    3. 'NVIDIA GeForce RTX 2060 SUPER' (P:0 D:0)
[2020.12.15-20.33.51:411][  0]LogWindows: DebugString: FoundDriverCount:4 
[2020.12.15-20.33.51:411][  0]LogD3D11RHI:     Adapter Name: NVIDIA GeForce RTX 2060 SUPER
[2020.12.15-20.33.51:411][  0]LogD3D11RHI:   Driver Version: 460.79 (internal:27.21.14.6079, unified:460.79)
[2020.12.15-20.33.51:411][  0]LogD3D11RHI:      Driver Date: 12-3-2020
[2020.12.15-20.33.51:411][  0]LogRHI: Texture pool is 5621 MB (70% of 8031 MB)
[2020.12.15-20.33.51:466][  0]LogD3D11RHI: RHI has support for 64 bit atomics
[2020.12.15-20.33.51:466][  0]LogD3D11RHI: Async texture creation enabled
[2020.12.15-20.33.51:466][  0]LogD3D11RHI: Array index from any shader is supported
[2020.12.15-20.33.51:492][  0]LogD3D11RHI: GPU Timing Frequency: 1000.000000 (Debug: 2 2)
[2020.12.15-20.33.51:780][  0]LogTargetPlatformManager: Display: Loaded TargetPlatform 'WindowsNoEditor'
[2020.12.15-20.33.51:784][  0]LogTargetPlatformManager: Display: Loaded TargetPlatform 'Windows'
[2020.12.15-20.33.51:793][  0]LogTargetPlatformManager: Display: Loaded TargetPlatform 'WindowsClient'
[2020.12.15-20.33.51:802][  0]LogTargetPlatformManager: Display: Loaded TargetPlatform 'WindowsServer'
[2020.12.15-20.33.51:802][  0]LogTargetPlatformManager: Display: Building Assets For Windows
[2020.12.15-20.33.51:810][  0]LogAudioDebug: Display: Lib vorbis DLL was dynamically loaded.
[2020.12.15-20.33.51:865][  0]LogShaderCompilers: Guid format shader working directory is -27 characters bigger than the processId version (C:/Users/krunk/OneDrive/Documents/GitHub/8Ball-Studios-Repo/8Ball_Project/Intermediate/Shaders/WorkingDirectory/4500/).
[2020.12.15-20.33.51:865][  0]LogShaderCompilers: Cleaned the shader compiler working directory 'C:/Users/krunk/AppData/Local/Temp/UnrealShaderWorkingDir/C7D8DF56431F1B9FED429791214A9F7C/'.
[2020.12.15-20.33.51:866][  0]LogXGEController: Cannot use XGE Controller as Incredibuild is not installed on this machine.
[2020.12.15-20.33.51:866][  0]LogShaderCompilers: Cannot use XGE Shader Compiler as Incredibuild is not installed on this machine.
[2020.12.15-20.33.51:866][  0]LogShaderCompilers: Display: Using Local Shader Compiler.
[2020.12.15-20.33.52:817][  0]LogDerivedDataCache: Display: Max Cache Size: 512 MB
[2020.12.15-20.33.52:861][  0]LogDerivedDataCache: Loaded boot cache 0.04s 75MB C:/Users/krunk/AppData/Local/UnrealEngine/4.25/DerivedDataCache/Boot.ddc.
[2020.12.15-20.33.52:861][  0]LogDerivedDataCache: Display: Loaded Boot cache: C:/Users/krunk/AppData/Local/UnrealEngine/4.25/DerivedDataCache/Boot.ddc
[2020.12.15-20.33.52:861][  0]LogDerivedDataCache: FDerivedDataBackendGraph:  Pak pak cache file C:/Users/krunk/OneDrive/Documents/GitHub/8Ball-Studios-Repo/8Ball_Project/DerivedDataCache/DDC.ddp not found, will not use a pak cache.
[2020.12.15-20.33.52:861][  0]LogDerivedDataCache: Unable to find inner node Pak for hierarchical cache Hierarchy.
[2020.12.15-20.33.52:861][  0]LogDerivedDataCache: FDerivedDataBackendGraph:  CompressedPak pak cache file C:/Users/krunk/OneDrive/Documents/GitHub/8Ball-Studios-Repo/8Ball_Project/DerivedDataCache/Compressed.ddp not found, will not use a pak cache.
[2020.12.15-20.33.52:861][  0]LogDerivedDataCache: Unable to find inner node CompressedPak for hierarchical cache Hierarchy.
[2020.12.15-20.33.52:871][  0]LogDerivedDataCache: Display: Pak cache opened for reading ../../../Engine/DerivedDataCache/Compressed.ddp.
[2020.12.15-20.33.52:871][  0]LogDerivedDataCache: FDerivedDataBackendGraph:  EnterprisePak pak cache file ../../../Enterprise/DerivedDataCache/Compressed.ddp not found, will not use a pak cache.
[2020.12.15-20.33.52:871][  0]LogDerivedDataCache: Unable to find inner node EnterprisePak for hierarchical cache Hierarchy.
[2020.12.15-20.33.52:872][  0]LogDerivedDataCache: Using Local data cache path C:/Users/krunk/AppData/Local/UnrealEngine/Common/DerivedDataCache: Writable
[2020.12.15-20.33.52:872][  0]LogDerivedDataCache: Shared data cache path not found in *engine.ini, will not use an Shared cache.
[2020.12.15-20.33.52:872][  0]LogDerivedDataCache: Unable to find inner node Shared for hierarchical cache Hierarchy.
[2020.12.15-20.33.52:911][  0]LogSlate: Using FreeType 2.10.0
[2020.12.15-20.33.52:912][  0]LogSlate: SlateFontServices - WITH_FREETYPE: 1, WITH_HARFBUZZ: 1
[2020.12.15-20.33.52:998][  0]LogInit: Using OS detected language (en-GB).
[2020.12.15-20.33.52:998][  0]LogInit: Using OS detected locale (en-GB).
[2020.12.15-20.33.52:998][  0]LogTextLocalizationManager: No localization for 'en-GB' exists, so 'en' will be used for the language.
[2020.12.15-20.33.52:998][  0]LogTextLocalizationManager: No localization for 'en-GB' exists, so 'en' will be used for the locale.
[2020.12.15-20.33.52:998][  0]LogSlate: FontCache flush requested. Reason: Culture for localization was changed
[2020.12.15-20.33.52:998][  0]LogSlate: FontCache flush requested. Reason: Culture for localization was changed
[2020.12.15-20.33.52:999][  0]LogTextLocalizationManager: Compacting localization data took   0.00ms
[2020.12.15-20.33.53:001][  0]LogAssetRegistry: FAssetRegistry took 0.0016 seconds to start up
[2020.12.15-20.33.53:165][  0]LogPackageLocalizationCache: Processed 18 localized package path(s) for 1 prioritized culture(s) in 0.000538 seconds
[2020.12.15-20.33.53:217][  0]LogInit: Selected Device Profile: [Windows]
[2020.12.15-20.33.53:329][  0]LogMeshReduction: Using QuadricMeshReduction for automatic static mesh reduction
[2020.12.15-20.33.53:329][  0]LogMeshReduction: Using SimplygonMeshReduction for automatic skeletal mesh reduction
[2020.12.15-20.33.53:329][  0]LogMeshReduction: Using ProxyLODMeshReduction for automatic mesh merging
[2020.12.15-20.33.53:329][  0]LogMeshReduction: No distributed automatic mesh merging module available
[2020.12.15-20.33.53:329][  0]LogMeshMerging: No distributed automatic mesh merging module available
[2020.12.15-20.33.53:345][  0]LogNetVersion: BA_Project 1.0.0, NetCL: 13144385, EngineNetVer: 14, GameNetVer: 0 (Checksum: 1708554116)
[2020.12.15-20.33.53:597][  0]LogAISub: UAISubsystem::UAISubsystem AISubsystem (000001D40BA72480), frame # 0
[2020.12.15-20.33.53:597][  0]LogAISub: UAISubsystem::UAISubsystem AIPerceptionSystem (000001D40BA05E40), frame # 0
[2020.12.15-20.33.53:598][  0]LogAISub: UAISubsystem::UAISubsystem EnvQueryManager (000001D40BA03C00), frame # 0
[2020.12.15-20.33.53:702][  0]LogCollectionManager: Loaded 0 collections in 0.000647 seconds
[2020.12.15-20.33.53:704][  0]LogFileCache: Scanning file cache for directory 'C:/Users/krunk/OneDrive/Documents/GitHub/8Ball-Studios-Repo/8Ball_Project/Saved/Collections/' took 0.00s
[2020.12.15-20.33.53:705][  0]LogFileCache: Scanning file cache for directory 'C:/Users/krunk/OneDrive/Documents/GitHub/8Ball-Studios-Repo/8Ball_Project/Content/Developers/krunk/Collections/' took 0.00s
[2020.12.15-20.33.53:705][  0]LogFileCache: Scanning file cache for directory 'C:/Users/krunk/OneDrive/Documents/GitHub/8Ball-Studios-Repo/8Ball_Project/Content/Collections/' took 0.00s
[2020.12.15-20.33.53:705][  0]LogCollectionManager: Fixed up redirectors for 0 collections in 0.000003 seconds (updated 0 objects)
[2020.12.15-20.33.53:769][  0]LogMoviePlayer: Initializing movie player
[2020.12.15-20.33.53:949][  0]LogTcpMessaging: Initializing TcpMessaging bridge
[2020.12.15-20.33.53:953][  0]LogUdpMessaging: Initializing bridge on interface 0.0.0.0:0 to multicast group 230.0.0.1:6666.
[2020.12.15-20.33.53:994][  0]SourceControl: Source control is disabled
[2020.12.15-20.33.53:994][  0]SourceControl: Source control is disabled
[2020.12.15-20.33.54:001][  0]SourceControl: Source control is disabled
[2020.12.15-20.33.54:133][  0]LogAndroidPermission: UAndroidPermissionCallbackProxy::GetInstance
[2020.12.15-20.33.54:151][  0]LogAudioCaptureCore: Display: No Audio Capture implementations found. Audio input will be silent.
[2020.12.15-20.33.54:151][  0]LogAudioCaptureCore: Display: No Audio Capture implementations found. Audio input will be silent.
[2020.12.15-20.33.54:196][  0]LogOcInput: OculusInput pre-init called
[2020.12.15-20.33.54:213][  0]LogUObjectArray: 19008 objects as part of root set at end of initial load.
[2020.12.15-20.33.54:213][  0]LogUObjectAllocator: 5004960 out of 0 bytes used by permanent object pool.
[2020.12.15-20.33.54:213][  0]LogUObjectArray: CloseDisregardForGC: 0/0 objects in disregard for GC pool
[2020.12.15-20.33.54:255][  0]LogEngine: Initializing Engine...
[2020.12.15-20.33.54:255][  0]LogMagicLeap: Warning: VR disabled because ZI is not enabled.  To enable, in the editor, Edit -> Project Settings -> Plugins -> Magic Leap Plugin -> Enable Zero Iteration
[2020.12.15-20.33.54:256][  0]LogStats: UGameplayTagsManager::InitializeManager -  0.000 s
[2020.12.15-20.33.54:360][  0]LogInit: Initializing FReadOnlyCVARCache
[2020.12.15-20.33.54:365][  0]LogAudioMixer: Display: Audio Mixer Platform Settings:
[2020.12.15-20.33.54:365][  0]LogAudioMixer: Display: 	Sample Rate:						  48000
[2020.12.15-20.33.54:365][  0]LogAudioMixer: Display: 	Callback Buffer Frame Size Requested: 1024
[2020.12.15-20.33.54:365][  0]LogAudioMixer: Display: 	Callback Buffer Frame Size To Use:	  1024
[2020.12.15-20.33.54:365][  0]LogAudioMixer: Display: 	Number of buffers to queue:			  2
[2020.12.15-20.33.54:365][  0]LogAudioMixer: Display: 	Max Channels (voices):				  32
[2020.12.15-20.33.54:365][  0]LogAudioMixer: Display: 	Number of Async Source Workers:		  0
[2020.12.15-20.33.54:365][  0]LogAudio: Display: AudioDevice MaxSources: 32
[2020.12.15-20.33.54:365][  0]LogAudio: Display: Using built-in audio occlusion.
[2020.12.15-20.33.54:365][  0]LogAudioMixer: Display: Initializing audio mixer.
[2020.12.15-20.33.54:378][  0]LogAudioMixer: Display: 0: FrontLeft
[2020.12.15-20.33.54:378][  0]LogAudioMixer: Display: 1: FrontRight
[2020.12.15-20.33.54:411][  0]LogAudioMixer: Display: Using Audio Device HeadSetPort (Realtek High Definition Audio)
[2020.12.15-20.33.54:416][  0]LogAudioMixer: Display: Initializing Sound Submixes...
[2020.12.15-20.33.54:419][  0]LogAudioMixer: Display: Creating Master Submix 'MasterSubmixDefault'
[2020.12.15-20.33.54:420][  0]LogAudioMixer: Display: Creating Master Submix 'MasterReverbSubmixDefault'
[2020.12.15-20.33.54:420][  0]LogAudioMixer: Display: Creating Master Submix 'MasterEQSubmixDefault'
[2020.12.15-20.33.54:421][  0]LogInit: FAudioDevice initialized.
[2020.12.15-20.33.54:422][  0]LogNetVersion: Set ProjectVersion to 1.0.0.0. Version Checksum will be recalculated on next use.
[2020.12.15-20.33.54:422][  0]LogInit: Texture streaming: Enabled
[2020.12.15-20.33.54:628][  0]LogUObjectGlobals: Warning: Failed to load '/Game/Widgets/WBP_TempDeath': Can't find file.
[2020.12.15-20.33.54:628][  0]LogUObjectGlobals: Warning: Failed to load '/Game/Widgets/WBP_TempDeath': Can't find file.
[2020.12.15-20.33.54:635][  0]LogUObjectGlobals: Warning: Failed to load '/Game/Widgets/WBP_TempDeath': Can't find file.
[2020.12.15-20.33.54:635][  0]LogUObjectGlobals: Warning: Failed to load '/Game/Widgets/WBP_TempDeath': Can't find file.
[2020.12.15-20.33.55:561][  0]LogSlate: Updating window title bar state: overlay mode, drag disabled, window buttons hidden, title bar hidden
[2020.12.15-20.33.55:561][  0]LogInit: Display: Game Engine Initialized.
[2020.12.15-20.33.55:562][  0]LogNiagaraEditor: Warning: GEditor isn't valid! Particle reset commands will not work for Niagara components!
[2020.12.15-20.33.55:591][  0]LogInit: Display: Starting Game.
[2020.12.15-20.33.55:591][  0]LogNet: Browse: /Game/Maps/L_PlaytestV2?Name=Player
[2020.12.15-20.33.55:591][  0]LogLoad: LoadMap: /Game/Maps/L_PlaytestV2?Name=Player
[2020.12.15-20.33.55:591][  0]LogWorld: BeginTearingDown for /Temp/Untitled_0
[2020.12.15-20.33.55:592][  0]LogWorld: UWorld::CleanupWorld for Untitled, bSessionEnded=true, bCleanupResources=true
[2020.12.15-20.33.55:592][  0]LogSlate: InvalidateAllWidgets triggered.  All widgets were invalidated
[2020.12.15-20.33.55:609][  0]LogUObjectHash: Compacting FUObjectHashTables data took   1.06ms
[2020.12.15-20.33.55:692][  0]LogAIModule: Creating AISystem for world L_PlaytestV2
[2020.12.15-20.33.55:692][  0]LogAISub: UAISubsystem::UAISubsystem EnvQueryManager (000001D4041F5A00), frame # 0
[2020.12.15-20.33.55:692][  0]LogAISub: UAISubsystem::UAISubsystem AIPerceptionSystem (000001D4122CFB00), frame # 0
[2020.12.15-20.33.55:693][  0]LogLoad: Game class is 'FirstPersonGameMode_C'
[2020.12.15-20.33.55:693][  0]LogStreaming: Display: ULevelStreaming::RequestLevel(/Game/Maps/L_AP_Library) is flushing async loading
[2020.12.15-20.33.55:693][  0]LogStreaming: Display: Flushing async loaders.
[2020.12.15-20.33.55:942][  0]LogMaterial: Display: Missing cached shader map for material lambert3, compiling. 
[2020.12.15-20.33.55:943][  0]LogMaterial: Warning: C:\Users\krunk\OneDrive\Documents\GitHub\8Ball-Studios-Repo\8Ball_Project\Content\Art_Team\Models\Enviro\Library\lambert3.uasset: Failed to compile Material for platform PCD3D_SM5, Default Material will be used in game.
[2020.12.15-20.33.55:943][  0]LogMaterial: Display: 	(Node TextureSample) TextureSample> Sampler type is Color, should be Linear Color for /Game/Art_Team/Models/Enviro/Library/Trim_1_basecolor.Trim_1_basecolor
[2020.12.15-20.33.56:099][  0]LogNavigation: Warning: Recreating dtNavMesh instance due mismatch in number of bytes required to store serialized maxTiles (288, 9 bits) vs calculated maxtiles (0, 1073741824 bits)
[2020.12.15-20.33.56:099][  0]LogNavigation: Warning: ConstructTiledNavMesh: Failed to create navmesh of size 0.
[2020.12.15-20.33.56:101][  0]LogStreaming: Display: ULevelStreaming::RequestLevel(/Game/Maps/L_WineCellar) is flushing async loading
[2020.12.15-20.33.56:156][  0]LogStreaming: Display: ULevelStreaming::RequestLevel(/Game/Maps/L_Loungah) is flushing async loading
[2020.12.15-20.33.56:224][  0]LogStreaming: Display: ULevelStreaming::RequestLevel(/Game/Maps/l_AP_Foyer) is flushing async loading
[2020.12.15-20.33.56:339][  0]LogStreaming: Error: Couldn't find file for package /Game/StarterContent/Textures/T_Concrete_Poured_N requested by async loading code. NameToLoad: /Game/StarterContent/Textures/T_Concrete_Poured_N
[2020.12.15-20.33.56:479][  0]LogStreaming: Display: ULevelStreaming::RequestLevel(/Game/Maps/l_AP_SacraficeRoom) is flushing async loading
[2020.12.15-20.33.57:108][  0]LogWorld: Bringing World /Game/Maps/L_PlaytestV2.L_PlaytestV2 up for play (max tick rate 0) at 2020.12.15-20.33.57
[2020.12.15-20.33.57:110][  0]LogWorld: Bringing up level for play took: 0.023794
[2020.12.15-20.33.57:124][  0]LogBlueprintUserMessages: [BP_Revolver_C_0] GunBase beginplay fired
[2020.12.15-20.33.57:124][  0]LogBlueprintUserMessages: [BP_Revolver_C_0] revolver
[2020.12.15-20.33.57:125][  0]LogBlueprintUserMessages: [BP_Tome_C_0] GunBase beginplay fired
[2020.12.15-20.33.57:125][  0]LogBlueprintUserMessages: [BP_Tome_C_0] Tome
[2020.12.15-20.33.57:128][  0]LogLoad: Took 1.536862 seconds to LoadMap(/Game/Maps/L_PlaytestV2)
[2020.12.15-20.33.57:148][  0]LogSlate: Took 0.000513 seconds to synchronously load lazily loaded font '../../../Engine/Content/Slate/Fonts/Roboto-Regular.ttf' (155K)
[2020.12.15-20.33.57:168][  0]LogLoad: (Engine Initialization) Total time: 7.15 seconds
[2020.12.15-20.33.57:168][  0]LogLoad: (Engine Initialization) Total Blueprint compile time: 0.00 seconds
[2020.12.15-20.33.57:225][  0]LogRenderer: Reallocating scene render targets to support 1280x720 Format 10 NumSamples 1 (Frame:1).
[2020.12.15-20.33.57:288][  0]LogContentStreaming: Texture pool size now 1000 MB
[2020.12.15-20.33.57:297][  0]LogSlate: InvalidateAllWidgets triggered.  All widgets were invalidated
[2020.12.15-20.33.57:390][  1]LogSlate: Took 0.000117 seconds to synchronously load lazily loaded font '../../../Engine/Content/Slate/Fonts/Roboto-Regular.ttf' (155K)
[2020.12.15-20.33.58:051][162]LogBlueprintUserMessages: [BP_Revolver_C_0] revolver fire
[2020.12.15-20.33.58:051][162]LogBlueprintUserMessages: [BP_Revolver_C_0] SM_Stairs_Middle_Foyer_9.StaticMeshComponent0 SM_Stairs_Middle_Foyer_JJ
[2020.12.15-20.34.04:171][922]LogPhysics: Warning: Scale for /Game/Maps/L_Loungah.L_Loungah:PersistentLevel.BP_BasicDoor5_5.Box has a component set to zero, which will result in a bad body instance. Scale:X=5.000 Y=0.000 Z=5.000
[2020.12.15-20.34.04:171][922]LogPhysics: Warning: Scale for /Game/Maps/L_Loungah.L_Loungah:PersistentLevel.BP_BasicDoor6.Box has a component set to zero, which will result in a bad body instance. Scale:X=5.000 Y=0.000 Z=5.000
[2020.12.15-20.34.08:113][682]LogBlueprintUserMessages: [BP_Revolver_C_0] revolver fire
[2020.12.15-20.34.08:530][759]LogBlueprintUserMessages: [BP_Revolver_C_0] revolver fire
[2020.12.15-20.34.08:530][759]LogBlueprintUserMessages: [BP_Revolver_C_0] AI_Cultist_C_0.CharacterMesh0 SK_Mannequin
[2020.12.15-20.34.08:955][837]LogBlueprintUserMessages: [BP_Revolver_C_0] revolver fire
[2020.12.15-20.34.08:955][837]LogBlueprintUserMessages: [BP_Revolver_C_0] AI_Cultist_C_1.CollisionCylinder
[2020.12.15-20.34.09:367][909]LogBlueprintUserMessages: [BP_Revolver_C_0] revolver fire
[2020.12.15-20.34.09:368][909]LogBlueprintUserMessages: [BP_Revolver_C_0] AI_Cultist_C_1.CollisionCylinder
[2020.12.15-20.34.10:334][ 78]LogPlayerController: Error: InputMode:UIOnly - Attempting to focus Non-Focusable widget SObjectWidget [Widget.cpp(799)]!
[2020.12.15-20.34.11:965][405]LogPackageName: SearchForPackageOnDisk took   0.061s to resolve L_MainMenu.umap.
[2020.12.15-20.34.12:024][405]LogPackageName: SearchForPackageOnDisk took   0.059s to resolve L_MainMenu.umap.
[2020.12.15-20.34.12:024][405]LogNet: Browse: /Game/Maps/L_MainMenu
[2020.12.15-20.34.12:024][405]LogLoad: LoadMap: /Game/Maps/L_MainMenu
[2020.12.15-20.34.12:024][405]LogWorld: BeginTearingDown for /Game/Maps/L_PlaytestV2
[2020.12.15-20.34.12:025][405]LogWorld: UWorld::CleanupWorld for L_PlaytestV2, bSessionEnded=true, bCleanupResources=true
[2020.12.15-20.34.12:027][405]LogSlate: InvalidateAllWidgets triggered.  All widgets were invalidated
[2020.12.15-20.34.12:027][405]LogWorld: UWorld::CleanupWorld for L_Loungah, bSessionEnded=true, bCleanupResources=true
[2020.12.15-20.34.12:027][405]LogSlate: InvalidateAllWidgets triggered.  All widgets were invalidated
[2020.12.15-20.34.12:027][405]LogWorld: UWorld::CleanupWorld for l_AP_Foyer, bSessionEnded=true, bCleanupResources=true
[2020.12.15-20.34.12:027][405]LogSlate: InvalidateAllWidgets triggered.  All widgets were invalidated
[2020.12.15-20.34.12:028][405]LogWorld: UWorld::CleanupWorld for L_AP_Library, bSessionEnded=true, bCleanupResources=true
[2020.12.15-20.34.12:028][405]LogSlate: InvalidateAllWidgets triggered.  All widgets were invalidated
[2020.12.15-20.34.12:028][405]LogWorld: UWorld::CleanupWorld for l_AP_SacraficeRoom, bSessionEnded=true, bCleanupResources=true
[2020.12.15-20.34.12:028][405]LogSlate: InvalidateAllWidgets triggered.  All widgets were invalidated
[2020.12.15-20.34.12:028][405]LogWorld: UWorld::CleanupWorld for L_WineCellar, bSessionEnded=true, bCleanupResources=true
[2020.12.15-20.34.12:028][405]LogSlate: InvalidateAllWidgets triggered.  All widgets were invalidated
[2020.12.15-20.34.12:069][405]LogAudio: Display: Waited 40.382900 ms for audio thread.
[2020.12.15-20.34.12:105][405]LogAISub: UAISubsystem::~UAISubsystem AIPerceptionSystem (000001D4122CFB00), frame # 3405
[2020.12.15-20.34.12:105][405]LogAISub: UAISubsystem::~UAISubsystem EnvQueryManager (000001D4041F5A00), frame # 3405
[2020.12.15-20.34.12:114][405]LogUObjectHash: Compacting FUObjectHashTables data took   1.03ms
[2020.12.15-20.34.12:124][405]LogAIModule: Creating AISystem for world L_MainMenu
[2020.12.15-20.34.12:124][405]LogAISub: UAISubsystem::UAISubsystem EnvQueryManager (000001D4735A5400), frame # 3405
[2020.12.15-20.34.12:124][405]LogAISub: UAISubsystem::UAISubsystem AIPerceptionSystem (000001D4333179C0), frame # 3405
[2020.12.15-20.34.12:125][405]LogLoad: Game class is 'MainMenuGamemode_C'
[2020.12.15-20.34.12:126][405]LogWorld: Bringing World /Game/Maps/L_MainMenu.L_MainMenu up for play (max tick rate 0) at 2020.12.15-20.34.12
[2020.12.15-20.34.12:126][405]LogWorld: Bringing up level for play took: 0.000398
[2020.12.15-20.34.12:126][405]LogGameMode: FindPlayerStart: PATHS NOT DEFINED or NO PLAYERSTART with positive rating
[2020.12.15-20.34.12:130][405]LogPlayerController: Error: InputMode:UIOnly - Attempting to focus Non-Focusable widget SObjectWidget [Widget.cpp(799)]!
[2020.12.15-20.34.12:130][405]LogLoad: Took 0.105649 seconds to LoadMap(/Game/Maps/L_MainMenu)
[2020.12.15-20.34.12:898][906]LogSlate: Window 'BA_Project (64-bit Development PCD3D_SM5) ' being destroyed
[2020.12.15-20.34.12:898][906]LogWindowsTextInputMethodSystem: Display: IME system now deactivated.
[2020.12.15-20.34.12:902][906]LogWindowsTextInputMethodSystem: Display: IME system now deactivated.
[2020.12.15-20.34.12:903][906]LogSlate: Updating window title bar state: overlay mode, drag disabled, window buttons hidden, title bar hidden
[2020.12.15-20.34.12:903][906]LogEngine: All Windows Closed
[2020.12.15-20.34.12:903][906]LogWindows: FPlatformMisc::RequestExit(0)
[2020.12.15-20.34.12:903][906]LogCore: Engine exit requested (reason: Win RequestExit)
[2020.12.15-20.34.12:903][907]LogCore: Engine exit requested (reason: EngineExit() was called; note: exit was already requested)
[2020.12.15-20.34.12:904][907]LogAudio: Display: Shutting down audio device while 2 references to it are still alive. For more information, compile with INSTRUMENT_AUDIODEVICE_HANDLES.
[2020.12.15-20.34.12:950][907]LogInit: Display: PreExit Game.
[2020.12.15-20.34.12:992][907]LogWorld: BeginTearingDown for /Game/Maps/L_MainMenu
[2020.12.15-20.34.12:993][907]LogWorld: UWorld::CleanupWorld for L_MainMenu, bSessionEnded=true, bCleanupResources=true
[2020.12.15-20.34.12:993][907]LogSlate: InvalidateAllWidgets triggered.  All widgets were invalidated
[2020.12.15-20.34.13:270][907]LogExit: Preparing to exit.
[2020.12.15-20.34.13:968][907]LogMoviePlayer: Shutting down movie player
[2020.12.15-20.34.14:107][907]LogSlate: Updating window title bar state: overlay mode, drag disabled, window buttons hidden, title bar hidden
[2020.12.15-20.34.14:107][907]LogDemo: Cleaned up 0 splitscreen connections with owner deletion
[2020.12.15-20.34.14:111][907]LogExit: Game engine shut down
[2020.12.15-20.34.14:119][907]LogAISub: UAISubsystem::~UAISubsystem AISubsystem (000001D40BA72480), frame # 3907
[2020.12.15-20.34.14:119][907]LogAISub: UAISubsystem::~UAISubsystem AIPerceptionSystem (000001D40BA05E40), frame # 3907
[2020.12.15-20.34.14:119][907]LogAISub: UAISubsystem::~UAISubsystem EnvQueryManager (000001D40BA03C00), frame # 3907
[2020.12.15-20.34.14:127][907]LogAISub: UAISubsystem::~UAISubsystem AIPerceptionSystem (000001D4333179C0), frame # 3907
[2020.12.15-20.34.14:127][907]LogAISub: UAISubsystem::~UAISubsystem EnvQueryManager (000001D4735A5400), frame # 3907
[2020.12.15-20.34.14:147][907]LogExit: Object subsystem successfully closed.
[2020.12.15-20.34.14:162][907]LogShaderCompilers: Display: Shaders left to compile 0
[2020.12.15-20.34.14:167][907]LogModuleManager: Shutting down and abandoning module SequenceRecorderSections (498)
[2020.12.15-20.34.14:167][907]LogModuleManager: Shutting down and abandoning module SequenceRecorder (496)
[2020.12.15-20.34.14:167][907]LogModuleManager: Shutting down and abandoning module AutomationController (494)
[2020.12.15-20.34.14:167][907]LogModuleManager: Shutting down and abandoning module AutomationWorker (492)
[2020.12.15-20.34.14:167][907]LogModuleManager: Shutting down and abandoning module Voice (490)
[2020.12.15-20.34.14:167][907]LogModuleManager: Shutting down and abandoning module AIModule (488)
[2020.12.15-20.34.14:167][907]LogModuleManager: Shutting down and abandoning module GameplayDebugger (487)
[2020.12.15-20.34.14:167][907]LogModuleManager: Shutting down and abandoning module AITestSuite (485)
[2020.12.15-20.34.14:167][907]LogModuleManager: Shutting down and abandoning module NavigationSystem (483)
[2020.12.15-20.34.14:167][907]LogModuleManager: Shutting down and abandoning module OculusMR (480)
[2020.12.15-20.34.14:167][907]LogModuleManager: Shutting down and abandoning module WmfMediaFactory (478)
[2020.12.15-20.34.14:167][907]LogModuleManager: Shutting down and abandoning module WebMMediaFactory (476)
[2020.12.15-20.34.14:167][907]LogModuleManager: Shutting down and abandoning module WebMMedia (474)
[2020.12.15-20.34.14:167][907]LogModuleManager: Shutting down and abandoning module OpenExrWrapper (472)
[2020.12.15-20.34.14:167][907]LogModuleManager: Shutting down and abandoning module ImgMediaFactory (470)
[2020.12.15-20.34.14:167][907]LogModuleManager: Shutting down and abandoning module AvfMediaFactory (468)
[2020.12.15-20.34.14:167][907]LogModuleManager: Shutting down and abandoning module MagicLeapMediaCodecFactory (466)
[2020.12.15-20.34.14:167][907]LogModuleManager: Shutting down and abandoning module MagicLeapMediaFactory (464)
[2020.12.15-20.34.14:167][907]LogModuleManager: Shutting down and abandoning module PlanarCut (462)
[2020.12.15-20.34.14:167][907]LogModuleManager: Shutting down and abandoning module CharacterAI (460)
[2020.12.15-20.34.14:167][907]LogModuleManager: Shutting down and abandoning module SessionServices (458)
[2020.12.15-20.34.14:167][907]LogModuleManager: Shutting down and abandoning module MovieSceneCapture (456)
[2020.12.15-20.34.14:167][907]LogModuleManager: Shutting down and abandoning module LiveCoding (454)
[2020.12.15-20.34.14:167][907]LogModuleManager: Shutting down and abandoning module LevelSequence (452)
[2020.12.15-20.34.14:167][907]LogModuleManager: Shutting down and abandoning module MovieSceneTracks (450)
[2020.12.15-20.34.14:167][907]LogModuleManager: Shutting down and abandoning module MovieScene (448)
[2020.12.15-20.34.14:167][907]LogModuleManager: Shutting down and abandoning module StreamingPauseRendering (446)
[2020.12.15-20.34.14:167][907]LogModuleManager: Shutting down and abandoning module PortalServices (444)
[2020.12.15-20.34.14:167][907]LogModuleManager: Shutting down and abandoning module PortalRpc (442)
[2020.12.15-20.34.14:167][907]LogModuleManager: Shutting down and abandoning module MessagingRpc (440)
[2020.12.15-20.34.14:167][907]LogModuleManager: Shutting down and abandoning module AudioMixerXAudio2 (438)
[2020.12.15-20.34.14:167][907]LogModuleManager: Shutting down and abandoning module AudioMixerCore (437)
[2020.12.15-20.34.14:167][907]LogModuleManager: Shutting down and abandoning module ProfilerService (434)
[2020.12.15-20.34.14:263][907]LogModuleManager: Shutting down and abandoning module TaskGraph (432)
[2020.12.15-20.34.14:263][907]LogModuleManager: Shutting down and abandoning module Synthesis (430)
[2020.12.15-20.34.14:263][907]LogModuleManager: Shutting down and abandoning module ProceduralMeshComponent (428)
[2020.12.15-20.34.14:263][907]LogModuleManager: Shutting down and abandoning module OculusInput (426)
[2020.12.15-20.34.14:263][907]LogModuleManager: Shutting down and abandoning module MobilePatchingUtils (424)
[2020.12.15-20.34.14:263][907]LogModuleManager: Shutting down and abandoning module GooglePAD (422)
[2020.12.15-20.34.14:263][907]LogModuleManager: Shutting down and abandoning module EditableMesh (420)
[2020.12.15-20.34.14:263][907]LogModuleManager: Shutting down and abandoning module CustomMeshComponent (418)
[2020.12.15-20.34.14:263][907]LogModuleManager: Shutting down and abandoning module CableComponent (416)
[2020.12.15-20.34.14:263][907]LogModuleManager: Shutting down and abandoning module AudioCapture (414)
[2020.12.15-20.34.14:263][907]LogModuleManager: Shutting down and abandoning module AudioCaptureRtAudio (413)
[2020.12.15-20.34.14:263][907]LogModuleManager: Shutting down and abandoning module AssetTags (410)
[2020.12.15-20.34.14:263][907]LogModuleManager: Shutting down and abandoning module ArchVisCharacter (408)
[2020.12.15-20.34.14:263][907]LogModuleManager: Shutting down and abandoning module AppleImageUtilsBlueprintSupport (406)
[2020.12.15-20.34.14:263][907]LogModuleManager: Shutting down and abandoning module AppleImageUtils (404)
[2020.12.15-20.34.14:263][907]LogModuleManager: Shutting down and abandoning module AndroidPermission (402)
[2020.12.15-20.34.14:263][907]LogModuleManager: Shutting down and abandoning module NUTUnrealEngine4 (400)
[2020.12.15-20.34.14:263][907]LogModuleManager: Shutting down and abandoning module NetcodeUnitTest (398)
[2020.12.15-20.34.14:263][907]LogModuleManager: Shutting down and abandoning module TemplateSequence (396)
[2020.12.15-20.34.14:263][907]LogModuleManager: Shutting down and abandoning module MovieRenderPipelineRenderPasses (394)
[2020.12.15-20.34.14:263][907]LogModuleManager: Shutting down and abandoning module MovieRenderPipelineSettings (392)
[2020.12.15-20.34.14:263][907]LogModuleManager: Shutting down and abandoning module MovieRenderPipelineCore (390)
[2020.12.15-20.34.14:263][907]LogModuleManager: Shutting down and abandoning module ImageWriteQueue (389)
[2020.12.15-20.34.14:266][907]LogModuleManager: Shutting down and abandoning module MediaCompositing (386)
[2020.12.15-20.34.14:266][907]LogModuleManager: Shutting down and abandoning module ImgMedia (384)
[2020.12.15-20.34.14:266][907]LogModuleManager: Shutting down and abandoning module MagicLeapSharedWorld (382)
[2020.12.15-20.34.14:266][907]LogModuleManager: Shutting down and abandoning module MagicLeapLightEstimation (380)
[2020.12.15-20.34.14:266][907]LogModuleManager: Shutting down and abandoning module MagicLeapHelperVulkan (378)
[2020.12.15-20.34.14:266][907]LogModuleManager: Shutting down and abandoning module MagicLeapHelperOpenGL (376)
[2020.12.15-20.34.14:266][907]LogModuleManager: Shutting down and abandoning module MagicLeapAudio (374)
[2020.12.15-20.34.14:266][907]LogModuleManager: Shutting down and abandoning module MeshSolverUtilities (372)
[2020.12.15-20.34.14:266][907]LogModuleManager: Shutting down and abandoning module MeshConversion (370)
[2020.12.15-20.34.14:266][907]LogModuleManager: Shutting down and abandoning module DynamicMesh (368)
[2020.12.15-20.34.14:266][907]LogModuleManager: Shutting down and abandoning module GeometryAlgorithms (366)
[2020.12.15-20.34.14:266][907]LogModuleManager: Shutting down and abandoning module GeometricObjects (364)
[2020.12.15-20.34.14:266][907]LogModuleManager: Shutting down and abandoning module GeometryCollectionTracks (362)
[2020.12.15-20.34.14:266][907]LogModuleManager: Shutting down and abandoning module GeometryCollectionSequencer (361)
[2020.12.15-20.34.14:266][907]LogModuleManager: Shutting down and abandoning module GeometryCacheTracks (358)
[2020.12.15-20.34.14:266][907]LogModuleManager: Shutting down and abandoning module GeometryCacheSequencer (357)
[2020.12.15-20.34.14:266][907]LogModuleManager: Shutting down and abandoning module GeometryCache (354)
[2020.12.15-20.34.14:266][907]LogModuleManager: Shutting down and abandoning module GeometryCacheEd (353)
[2020.12.15-20.34.14:266][907]LogModuleManager: Shutting down and abandoning module ChaosNiagara (350)
[2020.12.15-20.34.14:266][907]LogModuleManager: Shutting down and abandoning module ChaosCloth (348)
[2020.12.15-20.34.14:266][907]LogModuleManager: Shutting down and abandoning module BackChannel (346)
[2020.12.15-20.34.14:266][907]LogModuleManager: Shutting down and abandoning module AutomationUtils (344)
[2020.12.15-20.34.14:266][907]LogModuleManager: Shutting down and abandoning module VisualStudioSourceCodeAccess (342)
[2020.12.15-20.34.14:266][907]LogModuleManager: Shutting down and abandoning module HotReload (341)
[2020.12.15-20.34.14:266][907]LogModuleManager: Shutting down and abandoning module VisualStudioCodeSourceCodeAccess (338)
[2020.12.15-20.34.14:266][907]LogModuleManager: Shutting down and abandoning module UObjectPlugin (336)
[2020.12.15-20.34.14:266][907]LogModuleManager: Shutting down and abandoning module SubversionSourceControl (334)
[2020.12.15-20.34.14:266][907]LogModuleManager: Shutting down and abandoning module RiderSourceCodeAccess (332)
[2020.12.15-20.34.14:266][907]LogModuleManager: Shutting down and abandoning module PerforceSourceControl (330)
[2020.12.15-20.34.14:266][907]LogModuleManager: Shutting down and abandoning module SourceControl (329)
[2020.12.15-20.34.14:266][907]LogModuleManager: Shutting down and abandoning module CLionSourceCodeAccess (326)
[2020.12.15-20.34.14:266][907]LogModuleManager: Shutting down and abandoning module ActorLayerUtilities (324)
[2020.12.15-20.34.14:267][907]LogModuleManager: Shutting down and abandoning module SoundFields (322)
[2020.12.15-20.34.14:267][907]LogModuleManager: Shutting down and abandoning module SignificanceManager (320)
[2020.12.15-20.34.14:267][907]LogModuleManager: Shutting down and abandoning module RuntimePhysXCooking (318)
[2020.12.15-20.34.14:267][907]LogModuleManager: Shutting down and abandoning module PhysXVehiclesEditor (316)
[2020.12.15-20.34.14:267][907]LogModuleManager: Shutting down and abandoning module LocationServicesBPLibrary (312)
[2020.12.15-20.34.14:267][907]LogModuleManager: Shutting down and abandoning module ActorSequence (310)
[2020.12.15-20.34.14:267][907]LogModuleManager: Shutting down and abandoning module UdpMessaging (308)
[2020.12.15-20.34.14:367][907]LogModuleManager: Shutting down and abandoning module TcpMessaging (306)
[2020.12.15-20.34.14:962][907]LogModuleManager: Shutting down and abandoning module MagicLeapARPin (304)
[2020.12.15-20.34.14:962][907]LogModuleManager: Shutting down and abandoning module MagicLeapHandMeshing (302)
[2020.12.15-20.34.14:962][907]LogModuleManager: Shutting down and abandoning module MagicLeapSecureStorage (300)
[2020.12.15-20.34.14:962][907]LogModuleManager: Shutting down and abandoning module MagicLeapPrivileges (298)
[2020.12.15-20.34.14:962][907]LogModuleManager: Shutting down and abandoning module MagicLeapPlanes (296)
[2020.12.15-20.34.14:962][907]LogMagicLeapPlanes: Planes tracker already destroyed.
[2020.12.15-20.34.14:962][907]LogModuleManager: Shutting down and abandoning module MagicLeapImageTracker (294)
[2020.12.15-20.34.14:962][907]LogModuleManager: Shutting down and abandoning module MagicLeapIdentity (292)
[2020.12.15-20.34.14:962][907]LogModuleManager: Shutting down and abandoning module MagicLeapHandTracking (290)
[2020.12.15-20.34.14:962][907]LogModuleManager: Shutting down and abandoning module MagicLeapEyeTracker (288)
[2020.12.15-20.34.14:962][907]LogModuleManager: Shutting down and abandoning module MagicLeapController (286)
[2020.12.15-20.34.14:962][907]LogSlate: Slate User Destroyed.  User Index 0, Is Virtual User: 0
[2020.12.15-20.34.14:962][907]LogModuleManager: Shutting down and abandoning module MagicLeapARPinImpl (284)
[2020.12.15-20.34.14:962][907]LogModuleManager: Shutting down and abandoning module MagicLeapAR (282)
[2020.12.15-20.34.14:962][907]LogModuleManager: Shutting down and abandoning module AugmentedReality (281)
[2020.12.15-20.34.14:962][907]LogModuleManager: Shutting down and abandoning module NiagaraAnimNotifies (278)
[2020.12.15-20.34.14:962][907]LogModuleManager: Shutting down and abandoning module Niagara (276)
[2020.12.15-20.34.14:962][907]LogModuleManager: Shutting down and abandoning module SignalProcessing (275)
[2020.12.15-20.34.14:962][907]LogModuleManager: Shutting down and abandoning module NiagaraEditor (273)
[2020.12.15-20.34.14:963][907]LogModuleManager: Shutting down and abandoning module NiagaraCore (270)
[2020.12.15-20.34.14:963][907]LogModuleManager: Shutting down and abandoning module GameplayTagsEditor (268)
[2020.12.15-20.34.14:963][907]LogModuleManager: Shutting down and abandoning module FacialAnimation (266)
[2020.12.15-20.34.14:963][907]LogModuleManager: Shutting down and abandoning module AssetManagerEditor (264)
[2020.12.15-20.34.14:963][907]LogModuleManager: Shutting down and abandoning module TreeMap (263)
[2020.12.15-20.34.14:963][907]LogModuleManager: Shutting down and abandoning module AnimationSharing (260)
[2020.12.15-20.34.14:963][907]LogModuleManager: Shutting down and abandoning module LightPropagationVolumeRuntime (258)
[2020.12.15-20.34.14:963][907]LogModuleManager: Shutting down and abandoning module Paper2D (256)
[2020.12.15-20.34.14:963][907]LogModuleManager: Shutting down and abandoning module WindowsMoviePlayer (254)
[2020.12.15-20.34.14:963][907]LogModuleManager: Shutting down and abandoning module WebMMoviePlayer (252)
[2020.12.15-20.34.14:963][907]LogModuleManager: Shutting down and abandoning module NetworkReplayStreaming (250)
[2020.12.15-20.34.14:963][907]LogModuleManager: Shutting down and abandoning module PacketHandler (248)
[2020.12.15-20.34.14:963][907]LogModuleManager: Shutting down and abandoning module ClothingSystemEditor (246)
[2020.12.15-20.34.14:963][907]LogModuleManager: Shutting down and abandoning module ClothingSystemRuntimeNv (244)
[2020.12.15-20.34.14:963][907]LogModuleManager: Shutting down and abandoning module MediaAssets (242)
[2020.12.15-20.34.14:963][907]LogModuleManager: Shutting down and abandoning module Overlay (240)
[2020.12.15-20.34.14:963][907]LogModuleManager: Shutting down and abandoning module OverlayEditor (239)
[2020.12.15-20.34.14:963][907]LogModuleManager: Shutting down and abandoning module EnvironmentQueryEditor (236)
[2020.12.15-20.34.14:963][907]LogModuleManager: Shutting down and abandoning module VREditor (234)
[2020.12.15-20.34.14:963][907]LogModuleManager: Shutting down and abandoning module StringTableEditor (232)
[2020.12.15-20.34.14:963][907]LogModuleManager: Shutting down and abandoning module GameplayTasksEditor (230)
[2020.12.15-20.34.14:963][907]LogModuleManager: Shutting down and abandoning module BehaviorTreeEditor (228)
[2020.12.15-20.34.14:963][907]LogModuleManager: Shutting down and abandoning module FunctionalTesting (226)
[2020.12.15-20.34.14:963][907]LogModuleManager: Shutting down and abandoning module CollisionAnalyzer (224)
[2020.12.15-20.34.14:963][907]LogModuleManager: Shutting down and abandoning module UMG (222)
[2020.12.15-20.34.14:963][907]LogModuleManager: Shutting down and abandoning module UMGEditor (221)
[2020.12.15-20.34.14:963][907]LogModuleManager: Shutting down and abandoning module Sequencer (220)
[2020.12.15-20.34.14:963][907]LogModuleManager: Shutting down and abandoning module MessageLog (217)
[2020.12.15-20.34.14:963][907]LogModuleManager: Shutting down and abandoning module MaterialEditor (215)
[2020.12.15-20.34.14:963][907]LogModuleManager: Shutting down and abandoning module ContentBrowser (214)
[2020.12.15-20.34.14:964][907]LogModuleManager: Shutting down and abandoning module WorkspaceMenuStructure (213)
[2020.12.15-20.34.14:964][907]LogModuleManager: Shutting down and abandoning module CollectionManager (211)
[2020.12.15-20.34.14:964][907]LogModuleManager: Shutting down and abandoning module DirectoryWatcher (210)
[2020.12.15-20.34.14:964][907]LogModuleManager: Shutting down and abandoning module SlateReflector (202)
[2020.12.15-20.34.14:964][907]LogModuleManager: Shutting down and abandoning module Slate (200)
[2020.12.15-20.34.14:964][907]LogModuleManager: Shutting down and abandoning module SlateCore (198)
[2020.12.15-20.34.14:964][907]LogModuleManager: Shutting down and abandoning module LandscapeEditorUtilities (196)
[2020.12.15-20.34.14:964][907]LogModuleManager: Shutting down and abandoning module EditorStyle (194)
[2020.12.15-20.34.14:964][907]LogModuleManager: Shutting down and abandoning module UnrealEd (192)
[2020.12.15-20.34.14:964][907]LogModuleManager: Shutting down and abandoning module MRMesh (190)
[2020.12.15-20.34.14:964][907]LogModuleManager: Shutting down and abandoning module Messaging (188)
[2020.12.15-20.34.14:964][907]LogModuleManager: Shutting down and abandoning module SourceCodeAccess (186)
[2020.12.15-20.34.14:964][907]LogModuleManager: Shutting down and abandoning module HeadMountedDisplay (184)
[2020.12.15-20.34.14:964][907]LogModuleManager: Shutting down and abandoning module XAudio2 (182)
[2020.12.15-20.34.14:964][907]LogModuleManager: Shutting down and abandoning module Networking (180)
[2020.12.15-20.34.14:964][907]LogModuleManager: Shutting down and abandoning module Core (178)
[2020.12.15-20.34.14:964][907]LogModuleManager: Shutting down and abandoning module MovieSceneTools (176)
[2020.12.15-20.34.14:964][907]LogModuleManager: Shutting down and abandoning module KismetCompiler (174)
[2020.12.15-20.34.14:964][907]LogModuleManager: Shutting down and abandoning module MeshBuilder (172)
[2020.12.15-20.34.14:964][907]LogModuleManager: Shutting down and abandoning module MeshUtilities (170)
[2020.12.15-20.34.14:965][907]LogModuleManager: Shutting down and abandoning module MeshMergeUtilities (169)
[2020.12.15-20.34.14:965][907]LogModuleManager: Shutting down and abandoning module MeshReductionInterface (168)
[2020.12.15-20.34.14:965][907]LogModuleManager: Shutting down and abandoning module MeshBoneReduction (167)
[2020.12.15-20.34.14:965][907]LogModuleManager: Shutting down and abandoning module SkeletalMeshReduction (165)
[2020.12.15-20.34.14:965][907]LogModuleManager: Shutting down and abandoning module ProxyLODMeshReduction (163)
[2020.12.15-20.34.14:965][907]LogModuleManager: Shutting down and abandoning module QuadricMeshReduction (161)
[2020.12.15-20.34.14:965][907]LogModuleManager: Shutting down and abandoning module MaterialBaking (157)
[2020.12.15-20.34.14:965][907]LogModuleManager: Shutting down and abandoning module NullInstallBundleManager (152)
[2020.12.15-20.34.14:965][907]LogModuleManager: Shutting down and abandoning module PIEPreviewDeviceProfileSelector (150)
[2020.12.15-20.34.14:965][907]LogModuleManager: Shutting down and abandoning module DerivedDataCache (148)
[2020.12.15-20.34.14:965][907]LogModuleManager: Shutting down and abandoning module XGEController (146)
[2020.12.15-20.34.14:965][907]LogModuleManager: Shutting down and abandoning module TargetPlatform (144)
[2020.12.15-20.34.14:965][907]LogModuleManager: Shutting down and abandoning module VulkanShaderFormat (143)
[2020.12.15-20.34.14:965][907]LogModuleManager: Shutting down and abandoning module ShaderFormatVectorVM (141)
[2020.12.15-20.34.14:965][907]LogModuleManager: Shutting down and abandoning module ShaderFormatOpenGL (139)
[2020.12.15-20.34.14:965][907]LogModuleManager: Shutting down and abandoning module ShaderFormatD3D (137)
[2020.12.15-20.34.14:965][907]LogModuleManager: Shutting down and abandoning module MetalShaderFormat (135)
[2020.12.15-20.34.14:965][907]LogModuleManager: Shutting down and abandoning module TextureFormatUncompressed (133)
[2020.12.15-20.34.14:965][907]LogModuleManager: Shutting down and abandoning module TextureFormatPVR (131)
[2020.12.15-20.34.14:965][907]LogModuleManager: Shutting down and abandoning module TextureFormatDXT (129)
[2020.12.15-20.34.14:965][907]LogModuleManager: Shutting down and abandoning module TextureFormatIntelISPCTexComp (127)
[2020.12.15-20.34.14:965][907]LogModuleManager: Shutting down and abandoning module TextureFormatASTC (125)
[2020.12.15-20.34.14:965][907]LogModuleManager: Shutting down and abandoning module ImageWrapper (124)
[2020.12.15-20.34.14:965][907]LogModuleManager: Shutting down and abandoning module TextureFormatAndroid (121)
[2020.12.15-20.34.14:965][907]LogModuleManager: Shutting down and abandoning module AudioFormatOpus (119)
[2020.12.15-20.34.14:965][907]LogModuleManager: Shutting down and abandoning module AudioFormatOgg (117)
[2020.12.15-20.34.14:965][907]LogModuleManager: Shutting down and abandoning module AudioFormatADPCM (115)
[2020.12.15-20.34.14:965][907]LogModuleManager: Shutting down and abandoning module WindowsServerTargetPlatform (113)
[2020.12.15-20.34.14:965][907]LogModuleManager: Shutting down and abandoning module WindowsClientTargetPlatform (111)
[2020.12.15-20.34.14:965][907]LogModuleManager: Shutting down and abandoning module WindowsTargetPlatform (109)
[2020.12.15-20.34.14:965][907]LogModuleManager: Shutting down and abandoning module WindowsNoEditorTargetPlatform (107)
[2020.12.15-20.34.14:965][907]LogModuleManager: Shutting down and abandoning module InputCore (104)
[2020.12.15-20.34.14:965][907]LogModuleManager: Shutting down and abandoning module Settings (102)
[2020.12.15-20.34.14:965][907]LogModuleManager: Shutting down and abandoning module PhysXCooking (100)
[2020.12.15-20.34.14:965][907]LogModuleManager: Shutting down and abandoning module ChaosSolvers (98)
[2020.12.15-20.34.14:965][907]LogModuleManager: Shutting down and abandoning module FieldSystemEngine (97)
[2020.12.15-20.34.14:965][907]LogModuleManager: Shutting down and abandoning module Chaos (94)
[2020.12.15-20.34.14:965][907]LogModuleManager: Shutting down and abandoning module WindowsPlatformFeatures (92)
[2020.12.15-20.34.14:965][907]LogModuleManager: Shutting down and abandoning module GameplayMediaEncoder (91)
[2020.12.15-20.34.14:965][907]LogModuleManager: Shutting down and abandoning module AVEncoder (90)
[2020.12.15-20.34.14:965][907]LogModuleManager: Shutting down and abandoning module OculusHMD (86)
[2020.12.15-20.34.14:965][907]LogModuleManager: Shutting down and abandoning module ExampleDeviceProfileSelector (84)
[2020.12.15-20.34.14:965][907]LogModuleManager: Shutting down and abandoning module LauncherChunkInstaller (82)
[2020.12.15-20.34.14:965][907]LogModuleManager: Shutting down and abandoning module OnlineBlueprintSupport (80)
[2020.12.15-20.34.14:965][907]LogModuleManager: Shutting down and abandoning module OnlineSubsystem (76)
[2020.12.15-20.34.14:966][907]LogModuleManager: Shutting down and abandoning module XMPP (71)
[2020.12.15-20.34.14:966][907]LogModuleManager: Shutting down and abandoning module WebSockets (70)
[2020.12.15-20.34.14:980][907]LogModuleManager: Shutting down and abandoning module HTTP (67)
[2020.12.15-20.34.15:013][907]LogModuleManager: Shutting down and abandoning module SSL (66)
[2020.12.15-20.34.15:014][907]LogModuleManager: Shutting down and abandoning module WmfMedia (62)
[2020.12.15-20.34.15:015][907]LogModuleManager: Shutting down and abandoning module Media (61)
[2020.12.15-20.34.15:015][907]LogModuleManager: Shutting down and abandoning module MagicLeap (58)
[2020.12.15-20.34.15:015][907]LogModuleManager: Shutting down and abandoning module NiagaraVertexFactories (56)
[2020.12.15-20.34.15:015][907]LogModuleManager: Shutting down and abandoning module NiagaraShader (54)
[2020.12.15-20.34.15:015][907]LogModuleManager: Shutting down and abandoning module VariantManagerContent (52)
[2020.12.15-20.34.15:015][907]LogModuleManager: Shutting down and abandoning module DatasmithContent (50)
[2020.12.15-20.34.15:016][907]LogModuleManager: Shutting down and abandoning module AISupportModule (48)
[2020.12.15-20.34.15:016][907]LogModuleManager: Shutting down and abandoning module DesktopPlatform (46)
[2020.12.15-20.34.15:016][907]LogModuleManager: Shutting down and abandoning module PlatformCryptoOpenSSL (44)
[2020.12.15-20.34.15:016][907]LogModuleManager: Shutting down and abandoning module PlatformCryptoTypes (42)
[2020.12.15-20.34.15:016][907]LogModuleManager: Shutting down and abandoning module PlatformCrypto (40)
[2020.12.15-20.34.15:016][907]LogModuleManager: Shutting down and abandoning module AnimationModifiers (38)
[2020.12.15-20.34.15:016][907]LogModuleManager: Shutting down and abandoning module PropertyEditor (37)
[2020.12.15-20.34.15:016][907]LogModuleManager: Shutting down and abandoning module AudioEditor (34)
[2020.12.15-20.34.15:016][907]LogModuleManager: Shutting down and abandoning module TextureCompressor (32)
[2020.12.15-20.34.15:016][907]LogModuleManager: Shutting down and abandoning module RenderCore (30)
[2020.12.15-20.34.15:016][907]LogModuleManager: Shutting down and abandoning module Landscape (28)
[2020.12.15-20.34.15:016][907]LogModuleManager: Shutting down and abandoning module SlateRHIRenderer (26)
[2020.12.15-20.34.15:016][907]LogModuleManager: Shutting down and abandoning module OpenGLDrv (24)
[2020.12.15-20.34.15:016][907]LogModuleManager: Shutting down and abandoning module D3D11RHI (22)
[2020.12.15-20.34.15:016][907]LogModuleManager: Shutting down and abandoning module AnimGraphRuntime (20)
[2020.12.15-20.34.15:016][907]LogModuleManager: Shutting down and abandoning module Renderer (18)
[2020.12.15-20.34.15:016][907]LogModuleManager: Shutting down and abandoning module Engine (16)
[2020.12.15-20.34.15:016][907]LogModuleManager: Shutting down and abandoning module CoreUObject (14)
[2020.12.15-20.34.15:016][907]LogModuleManager: Shutting down and abandoning module NetworkFile (12)
[2020.12.15-20.34.15:016][907]LogModuleManager: Shutting down and abandoning module CookedIterativeFile (10)
[2020.12.15-20.34.15:016][907]LogModuleManager: Shutting down and abandoning module StreamingFile (8)
[2020.12.15-20.34.15:016][907]LogModuleManager: Shutting down and abandoning module SandboxFile (6)
[2020.12.15-20.34.15:016][907]LogModuleManager: Shutting down and abandoning module PakFile (4)
[2020.12.15-20.34.15:016][907]LogModuleManager: Shutting down and abandoning module RSA (3)
[2020.12.15-20.34.15:249][907]LogContentStreaming: Display: There are 1 unreleased StreamingManagers
[2020.12.15-20.34.15:250][907]LogD3D11RHI: Shutdown
[2020.12.15-20.34.15:250][907]LogD3D11RHI: CleanupD3DDevice
[2020.12.15-20.34.15:256][907]LogExit: Exiting.
[2020.12.15-20.34.15:262][907]Log file closed, 12/15/20 20:34:15
