Log file open, 11/01/20 18:40:59
LogInit: Display: Running engine for game: BA_Project
LogPlatformFile: Not using cached read wrapper
LogTaskGraph: Started task graph with 5 named threads and 47 total threads with 3 sets of task threads.
LogStats: Stats thread started at 0.250435
LogD3D11RHI: Loaded GFSDK_Aftermath_Lib.x64.dll
LogICUInternationalization: ICU TimeZone Detection - Raw Offset: +0:00, Platform Override: ''
LogPluginManager: Mounting plugin Paper2D
LogPluginManager: Mounting plugin AISupport
LogPluginManager: Mounting plugin LightPropagationVolume
LogPluginManager: Mounting plugin CameraShakePreviewer
LogPluginManager: Mounting plugin ActorLayerUtilities
LogPluginManager: Mounting plugin AnimationSharing
LogPluginManager: Mounting plugin CLionSourceCodeAccess
LogPluginManager: Mounting plugin CodeLiteSourceCodeAccess
LogPluginManager: Mounting plugin GitSourceControl
LogPluginManager: Mounting plugin KDevelopSourceCodeAccess
LogPluginManager: Mounting plugin NullSourceCodeAccess
LogPluginManager: Mounting plugin PerforceSourceControl
LogPluginManager: Mounting plugin PlasticSourceControl
LogPluginManager: Mounting plugin RiderSourceCodeAccess
LogPluginManager: Mounting plugin SubversionSourceControl
LogPluginManager: Mounting plugin UObjectPlugin
LogPluginManager: Mounting plugin VisualStudioCodeSourceCodeAccess
LogPluginManager: Mounting plugin VisualStudioSourceCodeAccess
LogPluginManager: Mounting plugin XCodeSourceCodeAccess
LogPluginManager: Mounting plugin AssetManagerEditor
LogPluginManager: Mounting plugin CryptoKeys
LogPluginManager: Mounting plugin CurveEditorTools
LogPluginManager: Mounting plugin DataValidation
LogPluginManager: Mounting plugin EditorScriptingUtilities
LogPluginManager: Mounting plugin FacialAnimation
LogPluginManager: Mounting plugin GameplayTagsEditor
LogPluginManager: Mounting plugin GeometryMode
LogPluginManager: Mounting plugin MacGraphicsSwitching
LogPluginManager: Mounting plugin MaterialAnalyzer
LogPluginManager: Mounting plugin MobileLauncherProfileWizard
LogPluginManager: Mounting plugin PluginBrowser
LogPluginManager: Mounting plugin SpeedTreeImporter
LogPluginManager: Mounting plugin DatasmithContent
LogPluginManager: Mounting plugin VariantManagerContent
LogPluginManager: Mounting plugin AlembicImporter
LogPluginManager: Mounting plugin AutomationUtils
LogPluginManager: Mounting plugin BackChannel
LogPluginManager: Mounting plugin ChaosCloth
LogPluginManager: Mounting plugin ChaosClothEditor
LogPluginManager: Mounting plugin ChaosEditor
LogPluginManager: Mounting plugin ChaosNiagara
LogPluginManager: Mounting plugin ChaosSolverPlugin
LogPluginManager: Mounting plugin CharacterAI
LogPluginManager: Mounting plugin GeometryCache
LogPluginManager: Mounting plugin GeometryCollectionPlugin
LogPluginManager: Mounting plugin GeometryProcessing
LogPluginManager: Mounting plugin PlanarCut
LogPluginManager: Mounting plugin PlatformCrypto
LogPluginManager: Mounting plugin ProxyLODPlugin
LogPluginManager: Mounting plugin SkeletalReduction
LogPluginManager: Mounting plugin Niagara
LogPluginManager: Mounting plugin MagicLeap
LogPluginManager: Mounting plugin MagicLeapLightEstimation
LogPluginManager: Mounting plugin MagicLeapMedia
LogPluginManager: Mounting plugin MagicLeapPassableWorld
LogPluginManager: Mounting plugin MLSDK
LogPluginManager: Mounting plugin AndroidMedia
LogPluginManager: Mounting plugin AvfMedia
LogPluginManager: Mounting plugin ImgMedia
LogPluginManager: Mounting plugin MediaCompositing
LogPluginManager: Mounting plugin MediaPlayerEditor
LogPluginManager: Mounting plugin WebMMedia
LogPluginManager: Mounting plugin WmfMedia
LogPluginManager: Mounting plugin MeshPainting
LogPluginManager: Mounting plugin TcpMessaging
LogPluginManager: Mounting plugin UdpMessaging
LogPluginManager: Mounting plugin ActorSequence
LogPluginManager: Mounting plugin LevelSequenceEditor
LogPluginManager: Mounting plugin MatineeToLevelSequence
LogPluginManager: Mounting plugin MovieRenderPipeline
LogPluginManager: Mounting plugin TemplateSequence
LogPluginManager: Mounting plugin NetcodeUnitTest
LogPluginManager: Mounting plugin NUTUnrealEngine4
LogPluginManager: Mounting plugin OnlineSubsystemGooglePlay
LogPluginManager: Mounting plugin OnlineSubsystemIOS
LogPluginManager: Mounting plugin OnlineSubsystem
LogPluginManager: Mounting plugin OnlineSubsystemNull
LogPluginManager: Mounting plugin OnlineSubsystemUtils
LogPluginManager: Mounting plugin LauncherChunkInstaller
LogPluginManager: Mounting plugin AndroidDeviceProfileSelector
LogPluginManager: Mounting plugin AndroidMoviePlayer
LogPluginManager: Mounting plugin AndroidPermission
LogPluginManager: Mounting plugin AppleImageUtils
LogPluginManager: Mounting plugin AppleMoviePlayer
LogPluginManager: Mounting plugin ArchVisCharacter
LogPluginManager: Mounting plugin AssetTags
LogPluginManager: Mounting plugin AudioCapture
LogPluginManager: Mounting plugin CableComponent
LogPluginManager: Mounting plugin CustomMeshComponent
LogPluginManager: Mounting plugin EditableMesh
LogPluginManager: Mounting plugin ExampleDeviceProfileSelector
LogPluginManager: Mounting plugin GoogleCloudMessaging
LogPluginManager: Mounting plugin GooglePAD
LogPluginManager: Mounting plugin IOSDeviceProfileSelector
LogPluginManager: Mounting plugin LinuxDeviceProfileSelector
LogPluginManager: Mounting plugin LocationServicesBPLibrary
LogPluginManager: Mounting plugin MobilePatchingUtils
LogPluginManager: Mounting plugin OculusVR
LogPluginManager: Mounting plugin PhysXVehicles
LogPluginManager: Mounting plugin PostSplashScreen
LogPluginManager: Mounting plugin ProceduralMeshComponent
LogPluginManager: Mounting plugin RuntimePhysXCooking
LogPluginManager: Mounting plugin SignificanceManager
LogPluginManager: Mounting plugin SoundFields
LogPluginManager: Mounting plugin SteamVR
LogPluginManager: Mounting plugin Synthesis
LogPluginManager: Mounting plugin WebMMoviePlayer
LogPluginManager: Mounting plugin WindowsMoviePlayer
LogPluginManager: Mounting plugin ScreenshotTools
LogInit: Using libcurl 7.55.1-DEV
LogInit:  - built for x86_64-pc-win32
LogInit:  - supports SSL with OpenSSL/1.1.1
LogInit:  - supports HTTP deflate (compression) using libz 1.2.8
LogInit:  - other features:
LogInit:      CURL_VERSION_SSL
LogInit:      CURL_VERSION_LIBZ
LogInit:      CURL_VERSION_IPV6
LogInit:      CURL_VERSION_ASYNCHDNS
LogInit:      CURL_VERSION_LARGEFILE
LogInit:      CURL_VERSION_IDN
LogInit:  CurlRequestOptions (configurable via config and command line):
LogInit:  - bVerifyPeer = true  - Libcurl will verify peer certificate
LogInit:  - bUseHttpProxy = false  - Libcurl will NOT use HTTP proxy
LogInit:  - bDontReuseConnections = false  - Libcurl will reuse connections
LogInit:  - MaxHostConnections = 16  - Libcurl will limit the number of connections to a host
LogInit:  - LocalHostAddr = Default
LogInit:  - BufferSize = 65536
LogOnline: OSS: Creating online subsystem instance for: NULL
LogInit: WinSock: version 1.1 (2.2), MaxSocks=32767, MaxUdp=65467
LogOnline: OSS: TryLoadSubsystemAndSetDefault: Loaded subsystem for module [NULL]
LogInit: Build: ++UE4+Release-4.25-CL-13942748
LogInit: Engine Version: 4.25.3-13942748+++UE4+Release-4.25
LogInit: Compatible Engine Version: 4.25.0-13144385+++UE4+Release-4.25
LogInit: Net CL: 13144385
LogInit: OS: Windows 10 (Release 1909) (), CPU: AMD Ryzen 7 2700X Eight-Core Processor         , GPU: NVIDIA GeForce GTX 970
LogInit: Compiled (64-bit): Jul 25 2020 02:07:48
LogInit: Compiled with Visual C++: 19.24.28315.00
LogInit: Build Configuration: Development
LogInit: Branch Name: ++UE4+Release-4.25
LogInit: Command Line:  /Game/FirstPersonBP/Maps/L_Example -game -PIEVIACONSOLE -Multiprocess "GameUserSettingsINI=C:/Users/matth/Documents/Game Design/Uni stuff/ICAs Year 3/Beta/8Ball-Studios-Repo/8Ball_Project/Saved/Config/Windows/PIEGameUserSettings0.ini" -MultiprocessSaveConfig -MultiprocessOSS -messaging -SessionName="Play in Standalone Game" -windowed -ResX=1280 -ResY=720
LogInit: Base Directory: C:/Program Files/Epic Games/UE_4.25/Engine/Binaries/Win64/
LogInit: Allocator: TBB
LogInit: Installed Engine Build: 1
LogDevObjectVersion: Number of dev versions registered: 26
LogDevObjectVersion:   Dev-Blueprints (B0D832E4-1F89-4F0D-ACCF-7EB736FD4AA2): 10
LogDevObjectVersion:   Dev-Build (E1C64328-A22C-4D53-A36C-8E866417BD8C): 0
LogDevObjectVersion:   Dev-Core (375EC13C-06E4-48FB-B500-84F0262A717E): 4
LogDevObjectVersion:   Dev-Editor (E4B068ED-F494-42E9-A231-DA0B2E46BB41): 38
LogDevObjectVersion:   Dev-Framework (CFFC743F-43B0-4480-9391-14DF171D2073): 37
LogDevObjectVersion:   Dev-Mobile (B02B49B5-BB20-44E9-A304-32B752E40360): 2
LogDevObjectVersion:   Dev-Networking (A4E4105C-59A1-49B5-A7C5-40C4547EDFEE): 0
LogDevObjectVersion:   Dev-Online (39C831C9-5AE6-47DC-9A44-9C173E1C8E7C): 0
LogDevObjectVersion:   Dev-Physics (78F01B33-EBEA-4F98-B9B4-84EACCB95AA2): 4
LogDevObjectVersion:   Dev-Platform (6631380F-2D4D-43E0-8009-CF276956A95A): 0
LogDevObjectVersion:   Dev-Rendering (12F88B9F-8875-4AFC-A67C-D90C383ABD29): 43
LogDevObjectVersion:   Dev-Sequencer (7B5AE74C-D270-4C10-A958-57980B212A5A): 12
LogDevObjectVersion:   Dev-VR (D7296918-1DD6-4BDD-9DE2-64A83CC13884): 3
LogDevObjectVersion:   Dev-LoadTimes (C2A15278-BFE7-4AFE-6C17-90FF531DF755): 1
LogDevObjectVersion:   Private-Geometry (6EACA3D4-40EC-4CC1-B786-8BED09428FC5): 3
LogDevObjectVersion:   Dev-AnimPhys (29E575DD-E0A3-4627-9D10-D276232CDCEA): 17
LogDevObjectVersion:   Dev-Anim (AF43A65D-7FD3-4947-9873-3E8ED9C1BB05): 7
LogDevObjectVersion:   Dev-ReflectionCapture (6B266CEC-1EC7-4B8F-A30B-E4D90942FC07): 1
LogDevObjectVersion:   Dev-Automation (0DF73D61-A23F-47EA-B727-89E90C41499A): 1
LogDevObjectVersion:   FortniteMain (601D1886-AC64-4F84-AA16-D3DE0DEAC7D6): 31
LogDevObjectVersion:   Dev-Enterprise (9DFFBCD6-494F-0158-E221-12823C92A888): 10
LogDevObjectVersion:   Dev-Niagara (F2AED0AC-9AFE-416F-8664-AA7FFA26D6FC): 1
LogDevObjectVersion:   Dev-Destruction (174F1F0B-B4C6-45A5-B13F-2EE8D0FB917D): 10
LogDevObjectVersion:   Dev-Physics-Ext (35F94A83-E258-406C-A318-09F59610247C): 37
LogDevObjectVersion:   Dev-PhysicsMaterial-Chaos (B68FC16E-8B1B-42E2-B453-215C058844FE): 1
LogDevObjectVersion:   Dev-CineCamera (B2E18506-4273-CFC2-A54E-F4BB758BBA07): 1
LogInit: Presizing for max 25165824 objects, including 0 objects not considered by GC, pre-allocating 0 bytes for permanent pool.
LogConfig: Applying CVar settings from Section [/Script/Engine.StreamingSettings] File [C:/Users/matth/Documents/Game Design/Uni stuff/ICAs Year 3/Beta/8Ball-Studios-Repo/8Ball_Project/Saved/Config/Windows/Engine.ini]
LogConfig: Setting CVar [[s.MinBulkDataSizeForAsyncLoading:131072]]
LogConfig: Setting CVar [[s.AsyncLoadingThreadEnabled:0]]
LogConfig: Setting CVar [[s.EventDrivenLoaderEnabled:1]]
LogConfig: Setting CVar [[s.WarnIfTimeLimitExceeded:0]]
LogConfig: Setting CVar [[s.TimeLimitExceededMultiplier:1.5]]
LogConfig: Setting CVar [[s.TimeLimitExceededMinTime:0.005]]
LogConfig: Setting CVar [[s.UseBackgroundLevelStreaming:1]]
LogConfig: Setting CVar [[s.PriorityAsyncLoadingExtraTime:15.0]]
LogConfig: Setting CVar [[s.LevelStreamingActorsUpdateTimeLimit:5.0]]
LogConfig: Setting CVar [[s.PriorityLevelStreamingActorsUpdateExtraTime:5.0]]
LogConfig: Setting CVar [[s.LevelStreamingComponentsRegistrationGranularity:10]]
LogConfig: Setting CVar [[s.UnregisterComponentsTimeLimit:1.0]]
LogConfig: Setting CVar [[s.LevelStreamingComponentsUnregistrationGranularity:5]]
LogConfig: Setting CVar [[s.FlushStreamingOnExit:1]]
LogInit: Object subsystem initialized
LogConfig: Setting CVar [[con.DebugEarlyDefault:1]]
LogConfig: Setting CVar [[r.setres:1280x720]]
[2020.11.01-18.40.59:631][  0]LogConfig: Setting CVar [[con.DebugEarlyDefault:1]]
[2020.11.01-18.40.59:631][  0]LogConfig: Setting CVar [[r.setres:1280x720]]
[2020.11.01-18.40.59:631][  0]LogConfig: Applying CVar settings from Section [/Script/Engine.RendererSettings] File [C:/Users/matth/Documents/Game Design/Uni stuff/ICAs Year 3/Beta/8Ball-Studios-Repo/8Ball_Project/Saved/Config/Windows/Engine.ini]
[2020.11.01-18.40.59:631][  0]LogConfig: Setting CVar [[r.GPUCrashDebugging:0]]
[2020.11.01-18.40.59:631][  0]LogConfig: Applying CVar settings from Section [/Script/Engine.RendererOverrideSettings] File [C:/Users/matth/Documents/Game Design/Uni stuff/ICAs Year 3/Beta/8Ball-Studios-Repo/8Ball_Project/Saved/Config/Windows/Engine.ini]
[2020.11.01-18.40.59:631][  0]LogConfig: Applying CVar settings from Section [/Script/Engine.StreamingSettings] File [C:/Users/matth/Documents/Game Design/Uni stuff/ICAs Year 3/Beta/8Ball-Studios-Repo/8Ball_Project/Saved/Config/Windows/Engine.ini]
[2020.11.01-18.40.59:631][  0]LogConfig: Setting CVar [[s.MinBulkDataSizeForAsyncLoading:131072]]
[2020.11.01-18.40.59:631][  0]LogConfig: Setting CVar [[s.AsyncLoadingThreadEnabled:0]]
[2020.11.01-18.40.59:631][  0]LogConfig: Setting CVar [[s.EventDrivenLoaderEnabled:1]]
[2020.11.01-18.40.59:631][  0]LogConfig: Setting CVar [[s.WarnIfTimeLimitExceeded:0]]
[2020.11.01-18.40.59:631][  0]LogConfig: Setting CVar [[s.TimeLimitExceededMultiplier:1.5]]
[2020.11.01-18.40.59:631][  0]LogConfig: Setting CVar [[s.TimeLimitExceededMinTime:0.005]]
[2020.11.01-18.40.59:631][  0]LogConfig: Setting CVar [[s.UseBackgroundLevelStreaming:1]]
[2020.11.01-18.40.59:631][  0]LogConfig: Setting CVar [[s.PriorityAsyncLoadingExtraTime:15.0]]
[2020.11.01-18.40.59:631][  0]LogConfig: Setting CVar [[s.LevelStreamingActorsUpdateTimeLimit:5.0]]
[2020.11.01-18.40.59:631][  0]LogConfig: Setting CVar [[s.PriorityLevelStreamingActorsUpdateExtraTime:5.0]]
[2020.11.01-18.40.59:631][  0]LogConfig: Setting CVar [[s.LevelStreamingComponentsRegistrationGranularity:10]]
[2020.11.01-18.40.59:631][  0]LogConfig: Setting CVar [[s.UnregisterComponentsTimeLimit:1.0]]
[2020.11.01-18.40.59:631][  0]LogConfig: Setting CVar [[s.LevelStreamingComponentsUnregistrationGranularity:5]]
[2020.11.01-18.40.59:631][  0]LogConfig: Setting CVar [[s.FlushStreamingOnExit:1]]
[2020.11.01-18.40.59:631][  0]LogConfig: Applying CVar settings from Section [/Script/Engine.GarbageCollectionSettings] File [C:/Users/matth/Documents/Game Design/Uni stuff/ICAs Year 3/Beta/8Ball-Studios-Repo/8Ball_Project/Saved/Config/Windows/Engine.ini]
[2020.11.01-18.40.59:631][  0]LogConfig: Setting CVar [[gc.MaxObjectsNotConsideredByGC:1]]
[2020.11.01-18.40.59:631][  0]LogConfig: Setting CVar [[gc.SizeOfPermanentObjectPool:0]]
[2020.11.01-18.40.59:631][  0]LogConfig: Setting CVar [[gc.FlushStreamingOnGC:0]]
[2020.11.01-18.40.59:631][  0]LogConfig: Setting CVar [[gc.NumRetriesBeforeForcingGC:10]]
[2020.11.01-18.40.59:631][  0]LogConfig: Setting CVar [[gc.AllowParallelGC:1]]
[2020.11.01-18.40.59:631][  0]LogConfig: Setting CVar [[gc.TimeBetweenPurgingPendingKillObjects:61.1]]
[2020.11.01-18.40.59:632][  0]LogConfig: Setting CVar [[gc.MaxObjectsInEditor:25165824]]
[2020.11.01-18.40.59:632][  0]LogConfig: Setting CVar [[gc.IncrementalBeginDestroyEnabled:1]]
[2020.11.01-18.40.59:632][  0]LogConfig: Setting CVar [[gc.CreateGCClusters:1]]
[2020.11.01-18.40.59:632][  0]LogConfig: Setting CVar [[gc.MinGCClusterSize:5]]
[2020.11.01-18.40.59:632][  0]LogConfig: Setting CVar [[gc.ActorClusteringEnabled:0]]
[2020.11.01-18.40.59:632][  0]LogConfig: Setting CVar [[gc.BlueprintClusteringEnabled:0]]
[2020.11.01-18.40.59:632][  0]LogConfig: Setting CVar [[gc.UseDisregardForGCOnDedicatedServers:0]]
[2020.11.01-18.40.59:632][  0]LogConfig: Applying CVar settings from Section [/Script/Engine.NetworkSettings] File [C:/Users/matth/Documents/Game Design/Uni stuff/ICAs Year 3/Beta/8Ball-Studios-Repo/8Ball_Project/Saved/Config/Windows/Engine.ini]
[2020.11.01-18.40.59:632][  0]LogConfig: Applying CVar settings from Section [/Script/UnrealEd.CookerSettings] File [C:/Users/matth/Documents/Game Design/Uni stuff/ICAs Year 3/Beta/8Ball-Studios-Repo/8Ball_Project/Saved/Config/Windows/Engine.ini]
[2020.11.01-18.40.59:634][  0]LogConfig: Applying CVar settings from Section [ViewDistanceQuality@3] File [C:/Users/matth/Documents/Game Design/Uni stuff/ICAs Year 3/Beta/8Ball-Studios-Repo/8Ball_Project/Saved/Config/Windows/Scalability.ini]
[2020.11.01-18.40.59:634][  0]LogConfig: Setting CVar [[r.SkeletalMeshLODBias:0]]
[2020.11.01-18.40.59:634][  0]LogConfig: Setting CVar [[r.ViewDistanceScale:1.0]]
[2020.11.01-18.40.59:634][  0]LogConfig: Applying CVar settings from Section [AntiAliasingQuality@3] File [C:/Users/matth/Documents/Game Design/Uni stuff/ICAs Year 3/Beta/8Ball-Studios-Repo/8Ball_Project/Saved/Config/Windows/Scalability.ini]
[2020.11.01-18.40.59:635][  0]LogConfig: Setting CVar [[r.PostProcessAAQuality:4]]
[2020.11.01-18.40.59:635][  0]LogConfig: Applying CVar settings from Section [ShadowQuality@3] File [C:/Users/matth/Documents/Game Design/Uni stuff/ICAs Year 3/Beta/8Ball-Studios-Repo/8Ball_Project/Saved/Config/Windows/Scalability.ini]
[2020.11.01-18.40.59:635][  0]LogConfig: Setting CVar [[r.LightFunctionQuality:1]]
[2020.11.01-18.40.59:635][  0]LogConfig: Setting CVar [[r.ShadowQuality:5]]
[2020.11.01-18.40.59:635][  0]LogConfig: Setting CVar [[r.Shadow.CSM.MaxCascades:10]]
[2020.11.01-18.40.59:635][  0]LogConfig: Setting CVar [[r.Shadow.MaxResolution:2048]]
[2020.11.01-18.40.59:635][  0]LogConfig: Setting CVar [[r.Shadow.MaxCSMResolution:2048]]
[2020.11.01-18.40.59:635][  0]LogConfig: Setting CVar [[r.Shadow.RadiusThreshold:0.01]]
[2020.11.01-18.40.59:635][  0]LogConfig: Setting CVar [[r.Shadow.DistanceScale:1.0]]
[2020.11.01-18.40.59:635][  0]LogConfig: Setting CVar [[r.Shadow.CSM.TransitionScale:1.0]]
[2020.11.01-18.40.59:635][  0]LogConfig: Setting CVar [[r.Shadow.PreShadowResolutionFactor:1.0]]
[2020.11.01-18.40.59:635][  0]LogConfig: Setting CVar [[r.DistanceFieldShadowing:1]]
[2020.11.01-18.40.59:635][  0]LogConfig: Setting CVar [[r.DistanceFieldAO:1]]
[2020.11.01-18.40.59:635][  0]LogConfig: Setting CVar [[r.AOQuality:2]]
[2020.11.01-18.40.59:635][  0]LogConfig: Setting CVar [[r.VolumetricFog:1]]
[2020.11.01-18.40.59:635][  0]LogConfig: Setting CVar [[r.VolumetricFog.GridPixelSize:8]]
[2020.11.01-18.40.59:635][  0]LogConfig: Setting CVar [[r.VolumetricFog.GridSizeZ:128]]
[2020.11.01-18.40.59:635][  0]LogConfig: Setting CVar [[r.VolumetricFog.HistoryMissSupersampleCount:4]]
[2020.11.01-18.40.59:635][  0]LogConfig: Setting CVar [[r.LightMaxDrawDistanceScale:1]]
[2020.11.01-18.40.59:635][  0]LogConfig: Setting CVar [[r.CapsuleShadows:1]]
[2020.11.01-18.40.59:635][  0]LogConfig: Applying CVar settings from Section [PostProcessQuality@3] File [C:/Users/matth/Documents/Game Design/Uni stuff/ICAs Year 3/Beta/8Ball-Studios-Repo/8Ball_Project/Saved/Config/Windows/Scalability.ini]
[2020.11.01-18.40.59:635][  0]LogConfig: Setting CVar [[r.MotionBlurQuality:4]]
[2020.11.01-18.40.59:635][  0]LogConfig: Setting CVar [[r.AmbientOcclusionMipLevelFactor:0.4]]
[2020.11.01-18.40.59:635][  0]LogConfig: Setting CVar [[r.AmbientOcclusionMaxQuality:100]]
[2020.11.01-18.40.59:635][  0]LogConfig: Setting CVar [[r.AmbientOcclusionLevels:-1]]
[2020.11.01-18.40.59:635][  0]LogConfig: Setting CVar [[r.AmbientOcclusionRadiusScale:1.0]]
[2020.11.01-18.40.59:635][  0]LogConfig: Setting CVar [[r.DepthOfFieldQuality:2]]
[2020.11.01-18.40.59:635][  0]LogConfig: Setting CVar [[r.RenderTargetPoolMin:400]]
[2020.11.01-18.40.59:635][  0]LogConfig: Setting CVar [[r.LensFlareQuality:2]]
[2020.11.01-18.40.59:635][  0]LogConfig: Setting CVar [[r.SceneColorFringeQuality:1]]
[2020.11.01-18.40.59:635][  0]LogConfig: Setting CVar [[r.EyeAdaptationQuality:2]]
[2020.11.01-18.40.59:635][  0]LogConfig: Setting CVar [[r.BloomQuality:5]]
[2020.11.01-18.40.59:635][  0]LogConfig: Setting CVar [[r.FastBlurThreshold:100]]
[2020.11.01-18.40.59:635][  0]LogConfig: Setting CVar [[r.Upscale.Quality:3]]
[2020.11.01-18.40.59:635][  0]LogConfig: Setting CVar [[r.Tonemapper.GrainQuantization:1]]
[2020.11.01-18.40.59:635][  0]LogConfig: Setting CVar [[r.LightShaftQuality:1]]
[2020.11.01-18.40.59:635][  0]LogConfig: Setting CVar [[r.Filter.SizeScale:1]]
[2020.11.01-18.40.59:635][  0]LogConfig: Setting CVar [[r.Tonemapper.Quality:5]]
[2020.11.01-18.40.59:635][  0]LogConfig: Setting CVar [[r.DOF.Gather.AccumulatorQuality:1        ; higher gathering accumulator quality]]
[2020.11.01-18.40.59:635][  0]LogConfig: Setting CVar [[r.DOF.Gather.PostfilterMethod:1          ; Median3x3 postfilering method]]
[2020.11.01-18.40.59:635][  0]LogConfig: Setting CVar [[r.DOF.Gather.EnableBokehSettings:0       ; no bokeh simulation when gathering]]
[2020.11.01-18.40.59:635][  0]LogConfig: Setting CVar [[r.DOF.Gather.RingCount:4                 ; medium number of samples when gathering]]
[2020.11.01-18.40.59:635][  0]LogConfig: Setting CVar [[r.DOF.Scatter.ForegroundCompositing:1    ; additive foreground scattering]]
[2020.11.01-18.40.59:635][  0]LogConfig: Setting CVar [[r.DOF.Scatter.BackgroundCompositing:2    ; additive background scattering]]
[2020.11.01-18.40.59:635][  0]LogConfig: Setting CVar [[r.DOF.Scatter.EnableBokehSettings:1      ; bokeh simulation when scattering]]
[2020.11.01-18.40.59:635][  0]LogConfig: Setting CVar [[r.DOF.Scatter.MaxSpriteRatio:0.1         ; only a maximum of 10% of scattered bokeh]]
[2020.11.01-18.40.59:635][  0]LogConfig: Setting CVar [[r.DOF.Recombine.Quality:1                ; cheap slight out of focus]]
[2020.11.01-18.40.59:635][  0]LogConfig: Setting CVar [[r.DOF.Recombine.EnableBokehSettings:0    ; no bokeh simulation on slight out of focus]]
[2020.11.01-18.40.59:635][  0]LogConfig: Setting CVar [[r.DOF.TemporalAAQuality:1                ; more stable temporal accumulation]]
[2020.11.01-18.40.59:635][  0]LogConfig: Setting CVar [[r.DOF.Kernel.MaxForegroundRadius:0.025]]
[2020.11.01-18.40.59:635][  0]LogConfig: Setting CVar [[r.DOF.Kernel.MaxBackgroundRadius:0.025]]
[2020.11.01-18.40.59:635][  0]LogConfig: Applying CVar settings from Section [TextureQuality@3] File [C:/Users/matth/Documents/Game Design/Uni stuff/ICAs Year 3/Beta/8Ball-Studios-Repo/8Ball_Project/Saved/Config/Windows/Scalability.ini]
[2020.11.01-18.40.59:635][  0]LogConfig: Setting CVar [[r.Streaming.MipBias:0]]
[2020.11.01-18.40.59:635][  0]LogConfig: Setting CVar [[r.Streaming.AmortizeCPUToGPUCopy:0]]
[2020.11.01-18.40.59:635][  0]LogConfig: Setting CVar [[r.Streaming.MaxNumTexturesToStreamPerFrame:0]]
[2020.11.01-18.40.59:635][  0]LogConfig: Setting CVar [[r.Streaming.Boost:1]]
[2020.11.01-18.40.59:635][  0]LogConfig: Setting CVar [[r.MaxAnisotropy:8]]
[2020.11.01-18.40.59:635][  0]LogConfig: Setting CVar [[r.VT.MaxAnisotropy:8]]
[2020.11.01-18.40.59:635][  0]LogConfig: Setting CVar [[r.Streaming.LimitPoolSizeToVRAM:0]]
[2020.11.01-18.40.59:635][  0]LogConfig: Setting CVar [[r.Streaming.PoolSize:1000]]
[2020.11.01-18.40.59:635][  0]LogConfig: Setting CVar [[r.Streaming.MaxEffectiveScreenSize:0]]
[2020.11.01-18.40.59:635][  0]LogConfig: Applying CVar settings from Section [EffectsQuality@3] File [C:/Users/matth/Documents/Game Design/Uni stuff/ICAs Year 3/Beta/8Ball-Studios-Repo/8Ball_Project/Saved/Config/Windows/Scalability.ini]
[2020.11.01-18.40.59:635][  0]LogConfig: Setting CVar [[r.TranslucencyLightingVolumeDim:64]]
[2020.11.01-18.40.59:635][  0]LogConfig: Setting CVar [[r.RefractionQuality:2]]
[2020.11.01-18.40.59:635][  0]LogConfig: Setting CVar [[r.SSR.Quality:3]]
[2020.11.01-18.40.59:635][  0]LogConfig: Setting CVar [[r.SSR.HalfResSceneColor:0]]
[2020.11.01-18.40.59:635][  0]LogConfig: Setting CVar [[r.SceneColorFormat:4]]
[2020.11.01-18.40.59:635][  0]LogConfig: Setting CVar [[r.DetailMode:2]]
[2020.11.01-18.40.59:635][  0]LogConfig: Setting CVar [[r.TranslucencyVolumeBlur:1]]
[2020.11.01-18.40.59:635][  0]LogConfig: Setting CVar [[r.MaterialQualityLevel:1 ; High quality]]
[2020.11.01-18.40.59:635][  0]LogConfig: Setting CVar [[r.SSS.Scale:1]]
[2020.11.01-18.40.59:636][  0]LogConfig: Setting CVar [[r.SSS.SampleSet:2]]
[2020.11.01-18.40.59:636][  0]LogConfig: Setting CVar [[r.SSS.Quality:1]]
[2020.11.01-18.40.59:636][  0]LogConfig: Setting CVar [[r.SSS.HalfRes:0]]
[2020.11.01-18.40.59:636][  0]LogConfig: Setting CVar [[r.SSGI.Quality:3]]
[2020.11.01-18.40.59:636][  0]LogConfig: Setting CVar [[r.EmitterSpawnRateScale:1.0]]
[2020.11.01-18.40.59:636][  0]LogConfig: Setting CVar [[r.ParticleLightQuality:2]]
[2020.11.01-18.40.59:636][  0]LogConfig: Setting CVar [[r.SkyAtmosphere.AerialPerspectiveLUT.FastApplyOnOpaque:1 ; Always have FastSkyLUT 1 in this case to avoid wrong sky]]
[2020.11.01-18.40.59:636][  0]LogConfig: Setting CVar [[r.SkyAtmosphere.AerialPerspectiveLUT.SampleCountPerSlice:1]]
[2020.11.01-18.40.59:636][  0]LogConfig: Setting CVar [[r.SkyAtmosphere.AerialPerspectiveLUT.DepthResolution:16.0]]
[2020.11.01-18.40.59:636][  0]LogConfig: Setting CVar [[r.SkyAtmosphere.FastSkyLUT:1]]
[2020.11.01-18.40.59:636][  0]LogConfig: Setting CVar [[r.SkyAtmosphere.FastSkyLUT.SampleCountMin:4.0]]
[2020.11.01-18.40.59:636][  0]LogConfig: Setting CVar [[r.SkyAtmosphere.FastSkyLUT.SampleCountMax:32.0]]
[2020.11.01-18.40.59:636][  0]LogConfig: Setting CVar [[r.SkyAtmosphere.SampleCountMin:4.0]]
[2020.11.01-18.40.59:636][  0]LogConfig: Setting CVar [[r.SkyAtmosphere.SampleCountMax:32.0]]
[2020.11.01-18.40.59:636][  0]LogConfig: Setting CVar [[r.SkyAtmosphere.TransmittanceLUT.UseSmallFormat:0]]
[2020.11.01-18.40.59:636][  0]LogConfig: Setting CVar [[r.SkyAtmosphere.TransmittanceLUT.SampleCount:10.0]]
[2020.11.01-18.40.59:636][  0]LogConfig: Setting CVar [[r.SkyAtmosphere.MultiScatteringLUT.SampleCount:15.0]]
[2020.11.01-18.40.59:636][  0]LogConfig: Applying CVar settings from Section [FoliageQuality@3] File [C:/Users/matth/Documents/Game Design/Uni stuff/ICAs Year 3/Beta/8Ball-Studios-Repo/8Ball_Project/Saved/Config/Windows/Scalability.ini]
[2020.11.01-18.40.59:636][  0]LogConfig: Setting CVar [[foliage.DensityScale:1.0]]
[2020.11.01-18.40.59:636][  0]LogConfig: Setting CVar [[grass.DensityScale:1.0]]
[2020.11.01-18.40.59:636][  0]LogConfig: Applying CVar settings from Section [ShadingQuality@3] File [C:/Users/matth/Documents/Game Design/Uni stuff/ICAs Year 3/Beta/8Ball-Studios-Repo/8Ball_Project/Saved/Config/Windows/Scalability.ini]
[2020.11.01-18.40.59:636][  0]LogConfig: Setting CVar [[r.HairStrands.SkyLighting.SampleCount:16]]
[2020.11.01-18.40.59:636][  0]LogConfig: Setting CVar [[r.HairStrands.SkyLighting.JitterIntegration:0]]
[2020.11.01-18.40.59:636][  0]LogConfig: Setting CVar [[r.HairStrands.SkyAO.SampleCount:16]]
[2020.11.01-18.40.59:636][  0]LogConfig: Setting CVar [[r.HairStrands.DeepShadow.SuperSampling:0]]
[2020.11.01-18.40.59:636][  0]LogConfig: Setting CVar [[r.HairStrands.VisibilityPPLL:0]]
[2020.11.01-18.40.59:636][  0]LogConfig: Setting CVar [[r.HairStrands.RasterizationScale:0.5]]
[2020.11.01-18.40.59:636][  0]LogConfig: Setting CVar [[r.HairStrands.VelocityRasterizationScale:1]]
[2020.11.01-18.40.59:636][  0]LogInit: Selected Device Profile: [Windows]
[2020.11.01-18.40.59:636][  0]LogInit: Applying CVar settings loaded from the selected device profile: [Windows]
[2020.11.01-18.40.59:636][  0]LogHAL: Display: Platform has ~ 16 GB [17080975360 / 17179869184 / 16], which maps to Larger [LargestMinGB=32, LargerMinGB=12, DefaultMinGB=8, SmallerMinGB=6, SmallestMinGB=0)
[2020.11.01-18.40.59:636][  0]LogInit: Going up to parent DeviceProfile []
[2020.11.01-18.40.59:636][  0]LogConfig: Applying CVar settings from Section [ViewDistanceQuality@3] File [C:/Users/matth/Documents/Game Design/Uni stuff/ICAs Year 3/Beta/8Ball-Studios-Repo/8Ball_Project/Saved/Config/Windows/Scalability.ini]
[2020.11.01-18.40.59:636][  0]LogConfig: Setting CVar [[r.SkeletalMeshLODBias:0]]
[2020.11.01-18.40.59:636][  0]LogConfig: Setting CVar [[r.ViewDistanceScale:1.0]]
[2020.11.01-18.40.59:636][  0]LogConfig: Applying CVar settings from Section [AntiAliasingQuality@3] File [C:/Users/matth/Documents/Game Design/Uni stuff/ICAs Year 3/Beta/8Ball-Studios-Repo/8Ball_Project/Saved/Config/Windows/Scalability.ini]
[2020.11.01-18.40.59:636][  0]LogConfig: Setting CVar [[r.PostProcessAAQuality:4]]
[2020.11.01-18.40.59:636][  0]LogConfig: Applying CVar settings from Section [ShadowQuality@3] File [C:/Users/matth/Documents/Game Design/Uni stuff/ICAs Year 3/Beta/8Ball-Studios-Repo/8Ball_Project/Saved/Config/Windows/Scalability.ini]
[2020.11.01-18.40.59:636][  0]LogConfig: Setting CVar [[r.LightFunctionQuality:1]]
[2020.11.01-18.40.59:636][  0]LogConfig: Setting CVar [[r.ShadowQuality:5]]
[2020.11.01-18.40.59:636][  0]LogConfig: Setting CVar [[r.Shadow.CSM.MaxCascades:10]]
[2020.11.01-18.40.59:636][  0]LogConfig: Setting CVar [[r.Shadow.MaxResolution:2048]]
[2020.11.01-18.40.59:636][  0]LogConfig: Setting CVar [[r.Shadow.MaxCSMResolution:2048]]
[2020.11.01-18.40.59:636][  0]LogConfig: Setting CVar [[r.Shadow.RadiusThreshold:0.01]]
[2020.11.01-18.40.59:636][  0]LogConfig: Setting CVar [[r.Shadow.DistanceScale:1.0]]
[2020.11.01-18.40.59:636][  0]LogConfig: Setting CVar [[r.Shadow.CSM.TransitionScale:1.0]]
[2020.11.01-18.40.59:636][  0]LogConfig: Setting CVar [[r.Shadow.PreShadowResolutionFactor:1.0]]
[2020.11.01-18.40.59:636][  0]LogConfig: Setting CVar [[r.DistanceFieldShadowing:1]]
[2020.11.01-18.40.59:636][  0]LogConfig: Setting CVar [[r.DistanceFieldAO:1]]
[2020.11.01-18.40.59:636][  0]LogConfig: Setting CVar [[r.AOQuality:2]]
[2020.11.01-18.40.59:636][  0]LogConfig: Setting CVar [[r.VolumetricFog:1]]
[2020.11.01-18.40.59:636][  0]LogConfig: Setting CVar [[r.VolumetricFog.GridPixelSize:8]]
[2020.11.01-18.40.59:636][  0]LogConfig: Setting CVar [[r.VolumetricFog.GridSizeZ:128]]
[2020.11.01-18.40.59:636][  0]LogConfig: Setting CVar [[r.VolumetricFog.HistoryMissSupersampleCount:4]]
[2020.11.01-18.40.59:636][  0]LogConfig: Setting CVar [[r.LightMaxDrawDistanceScale:1]]
[2020.11.01-18.40.59:636][  0]LogConfig: Setting CVar [[r.CapsuleShadows:1]]
[2020.11.01-18.40.59:636][  0]LogConfig: Applying CVar settings from Section [PostProcessQuality@3] File [C:/Users/matth/Documents/Game Design/Uni stuff/ICAs Year 3/Beta/8Ball-Studios-Repo/8Ball_Project/Saved/Config/Windows/Scalability.ini]
[2020.11.01-18.40.59:636][  0]LogConfig: Setting CVar [[r.MotionBlurQuality:4]]
[2020.11.01-18.40.59:636][  0]LogConfig: Setting CVar [[r.AmbientOcclusionMipLevelFactor:0.4]]
[2020.11.01-18.40.59:636][  0]LogConfig: Setting CVar [[r.AmbientOcclusionMaxQuality:100]]
[2020.11.01-18.40.59:636][  0]LogConfig: Setting CVar [[r.AmbientOcclusionLevels:-1]]
[2020.11.01-18.40.59:636][  0]LogConfig: Setting CVar [[r.AmbientOcclusionRadiusScale:1.0]]
[2020.11.01-18.40.59:636][  0]LogConfig: Setting CVar [[r.DepthOfFieldQuality:2]]
[2020.11.01-18.40.59:636][  0]LogConfig: Setting CVar [[r.RenderTargetPoolMin:400]]
[2020.11.01-18.40.59:637][  0]LogConfig: Setting CVar [[r.LensFlareQuality:2]]
[2020.11.01-18.40.59:637][  0]LogConfig: Setting CVar [[r.SceneColorFringeQuality:1]]
[2020.11.01-18.40.59:637][  0]LogConfig: Setting CVar [[r.EyeAdaptationQuality:2]]
[2020.11.01-18.40.59:637][  0]LogConfig: Setting CVar [[r.BloomQuality:5]]
[2020.11.01-18.40.59:637][  0]LogConfig: Setting CVar [[r.FastBlurThreshold:100]]
[2020.11.01-18.40.59:637][  0]LogConfig: Setting CVar [[r.Upscale.Quality:3]]
[2020.11.01-18.40.59:637][  0]LogConfig: Setting CVar [[r.Tonemapper.GrainQuantization:1]]
[2020.11.01-18.40.59:637][  0]LogConfig: Setting CVar [[r.LightShaftQuality:1]]
[2020.11.01-18.40.59:637][  0]LogConfig: Setting CVar [[r.Filter.SizeScale:1]]
[2020.11.01-18.40.59:637][  0]LogConfig: Setting CVar [[r.Tonemapper.Quality:5]]
[2020.11.01-18.40.59:637][  0]LogConfig: Setting CVar [[r.DOF.Gather.AccumulatorQuality:1        ; higher gathering accumulator quality]]
[2020.11.01-18.40.59:637][  0]LogConfig: Setting CVar [[r.DOF.Gather.PostfilterMethod:1          ; Median3x3 postfilering method]]
[2020.11.01-18.40.59:637][  0]LogConfig: Setting CVar [[r.DOF.Gather.EnableBokehSettings:0       ; no bokeh simulation when gathering]]
[2020.11.01-18.40.59:637][  0]LogConfig: Setting CVar [[r.DOF.Gather.RingCount:4                 ; medium number of samples when gathering]]
[2020.11.01-18.40.59:637][  0]LogConfig: Setting CVar [[r.DOF.Scatter.ForegroundCompositing:1    ; additive foreground scattering]]
[2020.11.01-18.40.59:637][  0]LogConfig: Setting CVar [[r.DOF.Scatter.BackgroundCompositing:2    ; additive background scattering]]
[2020.11.01-18.40.59:637][  0]LogConfig: Setting CVar [[r.DOF.Scatter.EnableBokehSettings:1      ; bokeh simulation when scattering]]
[2020.11.01-18.40.59:637][  0]LogConfig: Setting CVar [[r.DOF.Scatter.MaxSpriteRatio:0.1         ; only a maximum of 10% of scattered bokeh]]
[2020.11.01-18.40.59:637][  0]LogConfig: Setting CVar [[r.DOF.Recombine.Quality:1                ; cheap slight out of focus]]
[2020.11.01-18.40.59:637][  0]LogConfig: Setting CVar [[r.DOF.Recombine.EnableBokehSettings:0    ; no bokeh simulation on slight out of focus]]
[2020.11.01-18.40.59:637][  0]LogConfig: Setting CVar [[r.DOF.TemporalAAQuality:1                ; more stable temporal accumulation]]
[2020.11.01-18.40.59:637][  0]LogConfig: Setting CVar [[r.DOF.Kernel.MaxForegroundRadius:0.025]]
[2020.11.01-18.40.59:637][  0]LogConfig: Setting CVar [[r.DOF.Kernel.MaxBackgroundRadius:0.025]]
[2020.11.01-18.40.59:637][  0]LogConfig: Applying CVar settings from Section [TextureQuality@3] File [C:/Users/matth/Documents/Game Design/Uni stuff/ICAs Year 3/Beta/8Ball-Studios-Repo/8Ball_Project/Saved/Config/Windows/Scalability.ini]
[2020.11.01-18.40.59:637][  0]LogConfig: Setting CVar [[r.Streaming.MipBias:0]]
[2020.11.01-18.40.59:637][  0]LogConfig: Setting CVar [[r.Streaming.AmortizeCPUToGPUCopy:0]]
[2020.11.01-18.40.59:637][  0]LogConfig: Setting CVar [[r.Streaming.MaxNumTexturesToStreamPerFrame:0]]
[2020.11.01-18.40.59:637][  0]LogConfig: Setting CVar [[r.Streaming.Boost:1]]
[2020.11.01-18.40.59:637][  0]LogConfig: Setting CVar [[r.MaxAnisotropy:8]]
[2020.11.01-18.40.59:637][  0]LogConfig: Setting CVar [[r.VT.MaxAnisotropy:8]]
[2020.11.01-18.40.59:637][  0]LogConfig: Setting CVar [[r.Streaming.LimitPoolSizeToVRAM:0]]
[2020.11.01-18.40.59:637][  0]LogConfig: Setting CVar [[r.Streaming.PoolSize:1000]]
[2020.11.01-18.40.59:637][  0]LogConfig: Setting CVar [[r.Streaming.MaxEffectiveScreenSize:0]]
[2020.11.01-18.40.59:637][  0]LogConfig: Applying CVar settings from Section [EffectsQuality@3] File [C:/Users/matth/Documents/Game Design/Uni stuff/ICAs Year 3/Beta/8Ball-Studios-Repo/8Ball_Project/Saved/Config/Windows/Scalability.ini]
[2020.11.01-18.40.59:637][  0]LogConfig: Setting CVar [[r.TranslucencyLightingVolumeDim:64]]
[2020.11.01-18.40.59:637][  0]LogConfig: Setting CVar [[r.RefractionQuality:2]]
[2020.11.01-18.40.59:637][  0]LogConfig: Setting CVar [[r.SSR.Quality:3]]
[2020.11.01-18.40.59:637][  0]LogConfig: Setting CVar [[r.SSR.HalfResSceneColor:0]]
[2020.11.01-18.40.59:637][  0]LogConfig: Setting CVar [[r.SceneColorFormat:4]]
[2020.11.01-18.40.59:637][  0]LogConfig: Setting CVar [[r.DetailMode:2]]
[2020.11.01-18.40.59:637][  0]LogConfig: Setting CVar [[r.TranslucencyVolumeBlur:1]]
[2020.11.01-18.40.59:637][  0]LogConfig: Setting CVar [[r.MaterialQualityLevel:1 ; High quality]]
[2020.11.01-18.40.59:637][  0]LogConfig: Setting CVar [[r.SSS.Scale:1]]
[2020.11.01-18.40.59:637][  0]LogConfig: Setting CVar [[r.SSS.SampleSet:2]]
[2020.11.01-18.40.59:637][  0]LogConfig: Setting CVar [[r.SSS.Quality:1]]
[2020.11.01-18.40.59:637][  0]LogConfig: Setting CVar [[r.SSS.HalfRes:0]]
[2020.11.01-18.40.59:637][  0]LogConfig: Setting CVar [[r.SSGI.Quality:3]]
[2020.11.01-18.40.59:637][  0]LogConfig: Setting CVar [[r.EmitterSpawnRateScale:1.0]]
[2020.11.01-18.40.59:637][  0]LogConfig: Setting CVar [[r.ParticleLightQuality:2]]
[2020.11.01-18.40.59:637][  0]LogConfig: Setting CVar [[r.SkyAtmosphere.AerialPerspectiveLUT.FastApplyOnOpaque:1 ; Always have FastSkyLUT 1 in this case to avoid wrong sky]]
[2020.11.01-18.40.59:637][  0]LogConfig: Setting CVar [[r.SkyAtmosphere.AerialPerspectiveLUT.SampleCountPerSlice:1]]
[2020.11.01-18.40.59:637][  0]LogConfig: Setting CVar [[r.SkyAtmosphere.AerialPerspectiveLUT.DepthResolution:16.0]]
[2020.11.01-18.40.59:637][  0]LogConfig: Setting CVar [[r.SkyAtmosphere.FastSkyLUT:1]]
[2020.11.01-18.40.59:637][  0]LogConfig: Setting CVar [[r.SkyAtmosphere.FastSkyLUT.SampleCountMin:4.0]]
[2020.11.01-18.40.59:637][  0]LogConfig: Setting CVar [[r.SkyAtmosphere.FastSkyLUT.SampleCountMax:32.0]]
[2020.11.01-18.40.59:637][  0]LogConfig: Setting CVar [[r.SkyAtmosphere.SampleCountMin:4.0]]
[2020.11.01-18.40.59:637][  0]LogConfig: Setting CVar [[r.SkyAtmosphere.SampleCountMax:32.0]]
[2020.11.01-18.40.59:637][  0]LogConfig: Setting CVar [[r.SkyAtmosphere.TransmittanceLUT.UseSmallFormat:0]]
[2020.11.01-18.40.59:637][  0]LogConfig: Setting CVar [[r.SkyAtmosphere.TransmittanceLUT.SampleCount:10.0]]
[2020.11.01-18.40.59:637][  0]LogConfig: Setting CVar [[r.SkyAtmosphere.MultiScatteringLUT.SampleCount:15.0]]
[2020.11.01-18.40.59:637][  0]LogConfig: Applying CVar settings from Section [FoliageQuality@3] File [C:/Users/matth/Documents/Game Design/Uni stuff/ICAs Year 3/Beta/8Ball-Studios-Repo/8Ball_Project/Saved/Config/Windows/Scalability.ini]
[2020.11.01-18.40.59:637][  0]LogConfig: Setting CVar [[foliage.DensityScale:1.0]]
[2020.11.01-18.40.59:637][  0]LogConfig: Setting CVar [[grass.DensityScale:1.0]]
[2020.11.01-18.40.59:637][  0]LogConfig: Applying CVar settings from Section [ShadingQuality@3] File [C:/Users/matth/Documents/Game Design/Uni stuff/ICAs Year 3/Beta/8Ball-Studios-Repo/8Ball_Project/Saved/Config/Windows/Scalability.ini]
[2020.11.01-18.40.59:637][  0]LogConfig: Setting CVar [[r.HairStrands.SkyLighting.SampleCount:16]]
[2020.11.01-18.40.59:637][  0]LogConfig: Setting CVar [[r.HairStrands.SkyLighting.JitterIntegration:0]]
[2020.11.01-18.40.59:637][  0]LogConfig: Setting CVar [[r.HairStrands.SkyAO.SampleCount:16]]
[2020.11.01-18.40.59:637][  0]LogConfig: Setting CVar [[r.HairStrands.DeepShadow.SuperSampling:0]]
[2020.11.01-18.40.59:637][  0]LogConfig: Setting CVar [[r.HairStrands.VisibilityPPLL:0]]
[2020.11.01-18.40.59:637][  0]LogConfig: Setting CVar [[r.HairStrands.RasterizationScale:0.5]]
[2020.11.01-18.40.59:637][  0]LogConfig: Setting CVar [[r.HairStrands.VelocityRasterizationScale:1]]
[2020.11.01-18.40.59:637][  0]LogConfig: Applying CVar settings from Section [Startup] File [../../../Engine/Config/ConsoleVariables.ini]
[2020.11.01-18.40.59:638][  0]LogConfig: Setting CVar [[net.UseAdaptiveNetUpdateFrequency:0]]
[2020.11.01-18.40.59:638][  0]LogConfig: Setting CVar [[p.chaos.AllowCreatePhysxBodies:1]]
[2020.11.01-18.40.59:638][  0]LogConfig: Setting CVar [[fx.SkipVectorVMBackendOptimizations:1]]
[2020.11.01-18.40.59:638][  0]LogConfig: Applying CVar settings from Section [ConsoleVariables] File [C:/Users/matth/Documents/Game Design/Uni stuff/ICAs Year 3/Beta/8Ball-Studios-Repo/8Ball_Project/Saved/Config/Windows/Engine.ini]
[2020.11.01-18.40.59:638][  0]LogInit: Computer: DESKTOP-280I10F
[2020.11.01-18.40.59:638][  0]LogInit: User: matth
[2020.11.01-18.40.59:638][  0]LogInit: CPU Page size=4096, Cores=8
[2020.11.01-18.40.59:638][  0]LogInit: High frequency timer resolution =10.000000 MHz
[2020.11.01-18.40.59:639][  0]LogMemory: Memory total: Physical=15.9GB (16GB approx)
[2020.11.01-18.40.59:639][  0]LogMemory: Platform Memory Stats for Windows
[2020.11.01-18.40.59:639][  0]LogMemory: Process Physical Memory: 117.54 MB used, 117.54 MB peak
[2020.11.01-18.40.59:639][  0]LogMemory: Process Virtual Memory: 116.44 MB used, 116.44 MB peak
[2020.11.01-18.40.59:639][  0]LogMemory: Physical Memory: 8024.57 MB used,  8265.12 MB free, 16289.69 MB total
[2020.11.01-18.40.59:639][  0]LogMemory: Virtual Memory: 5182.08 MB used,  134212544.00 MB free, 134217728.00 MB total
[2020.11.01-18.40.59:646][  0]LogWindows: WindowsPlatformFeatures enabled
[2020.11.01-18.40.59:723][  0]LogInit: Physics initialised using underlying interface: PhysX
[2020.11.01-18.40.59:723][  0]LogInit: Using OS detected language (en-GB).
[2020.11.01-18.40.59:724][  0]LogInit: Using OS detected locale (en-GB).
[2020.11.01-18.40.59:732][  0]LogTextLocalizationManager: No specific localization for 'en-GB' exists, so the 'en' localization will be used.
[2020.11.01-18.40.59:985][  0]LogSlate: New Slate User Created.  User Index 0, Is Virtual User: 0
[2020.11.01-18.40.59:985][  0]LogSlate: Slate User Registered.  User Index 0, Is Virtual User: 0
[2020.11.01-18.40.59:995][  0]LogHMD: Failed to initialize OpenVR with code 110
[2020.11.01-18.40.59:995][  0]LogD3D11RHI: D3D11 min allowed feature level: 11_0
[2020.11.01-18.40.59:995][  0]LogD3D11RHI: D3D11 max allowed feature level: 11_0
[2020.11.01-18.40.59:995][  0]LogD3D11RHI: D3D11 adapters:
[2020.11.01-18.41.00:076][  0]LogD3D11RHI:    0. 'NVIDIA GeForce GTX 970' (Feature Level 11_0)
[2020.11.01-18.41.00:076][  0]LogD3D11RHI:       4043/0/8144 MB DedicatedVideo/DedicatedSystem/SharedSystem, Outputs:1, VendorId:0x10de
[2020.11.01-18.41.00:079][  0]LogD3D11RHI:    1. 'Microsoft Basic Render Driver' (Feature Level 11_0)
[2020.11.01-18.41.00:079][  0]LogD3D11RHI:       0/0/8144 MB DedicatedVideo/DedicatedSystem/SharedSystem, Outputs:0, VendorId:0x1414
[2020.11.01-18.41.00:079][  0]LogD3D11RHI: Chosen D3D11 Adapter: 0
[2020.11.01-18.41.00:089][  0]LogD3D11RHI: Creating new Direct3DDevice
[2020.11.01-18.41.00:089][  0]LogD3D11RHI:     GPU DeviceId: 0x13c2 (for the marketing name, search the web for "GPU Device Id")
[2020.11.01-18.41.00:089][  0]LogWindows: EnumDisplayDevices:
[2020.11.01-18.41.00:089][  0]LogWindows:    0. 'NVIDIA GeForce GTX 970' (P:1 D:1)
[2020.11.01-18.41.00:089][  0]LogWindows:    1. 'NVIDIA GeForce GTX 970' (P:0 D:0)
[2020.11.01-18.41.00:090][  0]LogWindows:    2. 'NVIDIA GeForce GTX 970' (P:0 D:0)
[2020.11.01-18.41.00:090][  0]LogWindows:    3. 'NVIDIA GeForce GTX 970' (P:0 D:0)
[2020.11.01-18.41.00:090][  0]LogWindows: DebugString: FoundDriverCount:4 
[2020.11.01-18.41.00:090][  0]LogD3D11RHI:     Adapter Name: NVIDIA GeForce GTX 970
[2020.11.01-18.41.00:090][  0]LogD3D11RHI:   Driver Version: 456.71 (internal:27.21.14.5671, unified:456.71)
[2020.11.01-18.41.00:090][  0]LogD3D11RHI:      Driver Date: 9-30-2020
[2020.11.01-18.41.00:090][  0]LogRHI: Texture pool is 2830 MB (70% of 4043 MB)
[2020.11.01-18.41.00:147][  0]LogD3D11RHI: RHI has support for 64 bit atomics
[2020.11.01-18.41.00:147][  0]LogD3D11RHI: Async texture creation enabled
[2020.11.01-18.41.00:147][  0]LogD3D11RHI: Array index from any shader is supported
[2020.11.01-18.41.00:166][  0]LogD3D11RHI: GPU Timing Frequency: 1000.000000 (Debug: 2 1)
[2020.11.01-18.41.00:538][  0]LogTargetPlatformManager: Display: Loaded TargetPlatform 'WindowsNoEditor'
[2020.11.01-18.41.00:544][  0]LogTargetPlatformManager: Display: Loaded TargetPlatform 'Windows'
[2020.11.01-18.41.00:557][  0]LogTargetPlatformManager: Display: Loaded TargetPlatform 'WindowsClient'
[2020.11.01-18.41.00:567][  0]LogTargetPlatformManager: Display: Loaded TargetPlatform 'WindowsServer'
[2020.11.01-18.41.00:567][  0]LogTargetPlatformManager: Display: Building Assets For Windows
[2020.11.01-18.41.00:576][  0]LogAudioDebug: Display: Lib vorbis DLL was dynamically loaded.
[2020.11.01-18.41.00:654][  0]LogShaderCompilers: Guid format shader working directory is -65 characters bigger than the processId version (../../../../../../Users/matth/Documents/Game Design/Uni stuff/ICAs Year 3/Beta/8Ball-Studios-Repo/8Ball_Project/Intermediate/Shaders/WorkingDirectory/9696/).
[2020.11.01-18.41.00:654][  0]LogShaderCompilers: Cleaned the shader compiler working directory 'C:/Users/matth/AppData/Local/Temp/UnrealShaderWorkingDir/E48F133743EA65B2DE526A8AB96234A9/'.
[2020.11.01-18.41.00:655][  0]LogXGEController: Cannot use XGE Controller as Incredibuild is not installed on this machine.
[2020.11.01-18.41.00:655][  0]LogShaderCompilers: Cannot use XGE Shader Compiler as Incredibuild is not installed on this machine.
[2020.11.01-18.41.00:656][  0]LogShaderCompilers: Display: Using Local Shader Compiler.
[2020.11.01-18.41.01:403][  0]LogDerivedDataCache: Display: Max Cache Size: 512 MB
[2020.11.01-18.41.01:461][  0]LogDerivedDataCache: Loaded boot cache 0.06s 75MB C:/Users/matth/AppData/Local/UnrealEngine/4.25/DerivedDataCache/Boot.ddc.
[2020.11.01-18.41.01:461][  0]LogDerivedDataCache: Display: Loaded Boot cache: C:/Users/matth/AppData/Local/UnrealEngine/4.25/DerivedDataCache/Boot.ddc
[2020.11.01-18.41.01:461][  0]LogDerivedDataCache: FDerivedDataBackendGraph:  Pak pak cache file ../../../../../../Users/matth/Documents/Game Design/Uni stuff/ICAs Year 3/Beta/8Ball-Studios-Repo/8Ball_Project/DerivedDataCache/DDC.ddp not found, will not use a pak cache.
[2020.11.01-18.41.01:461][  0]LogDerivedDataCache: Unable to find inner node Pak for hierarchical cache Hierarchy.
[2020.11.01-18.41.01:461][  0]LogDerivedDataCache: FDerivedDataBackendGraph:  CompressedPak pak cache file ../../../../../../Users/matth/Documents/Game Design/Uni stuff/ICAs Year 3/Beta/8Ball-Studios-Repo/8Ball_Project/DerivedDataCache/Compressed.ddp not found, will not use a pak cache.
[2020.11.01-18.41.01:461][  0]LogDerivedDataCache: Unable to find inner node CompressedPak for hierarchical cache Hierarchy.
[2020.11.01-18.41.01:472][  0]LogDerivedDataCache: Display: Pak cache opened for reading ../../../Engine/DerivedDataCache/Compressed.ddp.
[2020.11.01-18.41.01:472][  0]LogDerivedDataCache: FDerivedDataBackendGraph:  EnterprisePak pak cache file ../../../Enterprise/DerivedDataCache/Compressed.ddp not found, will not use a pak cache.
[2020.11.01-18.41.01:472][  0]LogDerivedDataCache: Unable to find inner node EnterprisePak for hierarchical cache Hierarchy.
[2020.11.01-18.41.01:474][  0]LogDerivedDataCache: Using Local data cache path C:/Users/matth/AppData/Local/UnrealEngine/Common/DerivedDataCache: Writable
[2020.11.01-18.41.01:474][  0]LogDerivedDataCache: Shared data cache path not found in *engine.ini, will not use an Shared cache.
[2020.11.01-18.41.01:474][  0]LogDerivedDataCache: Unable to find inner node Shared for hierarchical cache Hierarchy.
[2020.11.01-18.41.01:514][  0]LogSlate: Using FreeType 2.10.0
[2020.11.01-18.41.01:515][  0]LogSlate: SlateFontServices - WITH_FREETYPE: 1, WITH_HARFBUZZ: 1
[2020.11.01-18.41.01:594][  0]LogInit: Using OS detected language (en-GB).
[2020.11.01-18.41.01:594][  0]LogInit: Using OS detected locale (en-GB).
[2020.11.01-18.41.01:594][  0]LogTextLocalizationManager: No localization for 'en-GB' exists, so 'en' will be used for the language.
[2020.11.01-18.41.01:594][  0]LogTextLocalizationManager: No localization for 'en-GB' exists, so 'en' will be used for the locale.
[2020.11.01-18.41.01:594][  0]LogSlate: FontCache flush requested. Reason: Culture for localization was changed
[2020.11.01-18.41.01:594][  0]LogSlate: FontCache flush requested. Reason: Culture for localization was changed
[2020.11.01-18.41.01:595][  0]LogTextLocalizationManager: Compacting localization data took   0.00ms
[2020.11.01-18.41.01:598][  0]LogAssetRegistry: FAssetRegistry took 0.0019 seconds to start up
[2020.11.01-18.41.01:780][  0]LogPackageLocalizationCache: Processed 19 localized package path(s) for 1 prioritized culture(s) in 0.001191 seconds
[2020.11.01-18.41.01:834][  0]LogInit: Selected Device Profile: [Windows]
[2020.11.01-18.41.01:939][  0]LogMeshReduction: Using QuadricMeshReduction for automatic static mesh reduction
[2020.11.01-18.41.01:939][  0]LogMeshReduction: Using SimplygonMeshReduction for automatic skeletal mesh reduction
[2020.11.01-18.41.01:939][  0]LogMeshReduction: Using ProxyLODMeshReduction for automatic mesh merging
[2020.11.01-18.41.01:939][  0]LogMeshReduction: No distributed automatic mesh merging module available
[2020.11.01-18.41.01:939][  0]LogMeshMerging: No distributed automatic mesh merging module available
[2020.11.01-18.41.01:956][  0]LogNetVersion: BA_Project 1.0.0, NetCL: 13144385, EngineNetVer: 14, GameNetVer: 0 (Checksum: 1708554116)
[2020.11.01-18.41.02:215][  0]LogAISub: UAISubsystem::UAISubsystem AISubsystem (0000025F57EFFA40), frame # 0
[2020.11.01-18.41.02:215][  0]LogAISub: UAISubsystem::UAISubsystem AIPerceptionSystem (0000025F57F15D00), frame # 0
[2020.11.01-18.41.02:216][  0]LogAISub: UAISubsystem::UAISubsystem EnvQueryManager (0000025F57F71A00), frame # 0
[2020.11.01-18.41.02:387][  0]LogMoviePlayer: Initializing movie player
[2020.11.01-18.41.02:583][  0]LogTcpMessaging: Initializing TcpMessaging bridge
[2020.11.01-18.41.02:589][  0]LogUdpMessaging: Initializing bridge on interface 0.0.0.0:0 to multicast group 230.0.0.1:6666.
[2020.11.01-18.41.02:635][  0]SourceControl: Source control is disabled
[2020.11.01-18.41.02:635][  0]SourceControl: Source control is disabled
[2020.11.01-18.41.02:643][  0]SourceControl: Source control is disabled
[2020.11.01-18.41.02:658][  0]LogVSAccessor: Display: Unable to create Visual Studio setup instance: 80040154
[2020.11.01-18.41.02:659][  0]LogVSAccessor: Display: Unable to create Visual Studio setup instance: 80040154
[2020.11.01-18.41.02:795][  0]LogAndroidPermission: UAndroidPermissionCallbackProxy::GetInstance
[2020.11.01-18.41.02:816][  0]LogAudioCaptureCore: Display: No Audio Capture implementations found. Audio input will be silent.
[2020.11.01-18.41.02:816][  0]LogAudioCaptureCore: Display: No Audio Capture implementations found. Audio input will be silent.
[2020.11.01-18.41.02:865][  0]LogOcInput: OculusInput pre-init called
[2020.11.01-18.41.02:881][  0]LogUObjectArray: 19080 objects as part of root set at end of initial load.
[2020.11.01-18.41.02:881][  0]LogUObjectAllocator: 5022256 out of 0 bytes used by permanent object pool.
[2020.11.01-18.41.02:881][  0]LogUObjectArray: CloseDisregardForGC: 0/0 objects in disregard for GC pool
[2020.11.01-18.41.02:926][  0]LogEngine: Initializing Engine...
[2020.11.01-18.41.02:928][  0]LogHMD: Failed to initialize OpenVR with code 110
[2020.11.01-18.41.02:928][  0]LogMagicLeap: Warning: VR disabled because ZI is not enabled.  To enable, in the editor, Edit -> Project Settings -> Plugins -> Magic Leap Plugin -> Enable Zero Iteration
[2020.11.01-18.41.02:930][  0]LogStats: UGameplayTagsManager::InitializeManager -  0.000 s
[2020.11.01-18.41.03:022][  0]LogInit: Initializing FReadOnlyCVARCache
[2020.11.01-18.41.03:028][  0]LogAudioMixer: Display: Audio Mixer Platform Settings:
[2020.11.01-18.41.03:028][  0]LogAudioMixer: Display: 	Sample Rate:						  48000
[2020.11.01-18.41.03:028][  0]LogAudioMixer: Display: 	Callback Buffer Frame Size Requested: 1024
[2020.11.01-18.41.03:028][  0]LogAudioMixer: Display: 	Callback Buffer Frame Size To Use:	  1024
[2020.11.01-18.41.03:028][  0]LogAudioMixer: Display: 	Number of buffers to queue:			  2
[2020.11.01-18.41.03:028][  0]LogAudioMixer: Display: 	Max Channels (voices):				  32
[2020.11.01-18.41.03:028][  0]LogAudioMixer: Display: 	Number of Async Source Workers:		  0
[2020.11.01-18.41.03:028][  0]LogAudio: Display: AudioDevice MaxSources: 32
[2020.11.01-18.41.03:028][  0]LogAudio: Display: Using built-in audio occlusion.
[2020.11.01-18.41.03:028][  0]LogAudioMixer: Display: Initializing audio mixer.
[2020.11.01-18.41.03:044][  0]LogAudioMixer: Display: 0: FrontLeft
[2020.11.01-18.41.03:044][  0]LogAudioMixer: Display: 1: FrontRight
[2020.11.01-18.41.03:075][  0]LogAudioMixer: Display: Using Audio Device Speakers (High Definition Audio Device)
[2020.11.01-18.41.03:082][  0]LogAudioMixer: Display: Initializing Sound Submixes...
[2020.11.01-18.41.03:084][  0]LogAudioMixer: Display: Creating Master Submix 'MasterSubmixDefault'
[2020.11.01-18.41.03:084][  0]LogAudioMixer: Display: Creating Master Submix 'MasterReverbSubmixDefault'
[2020.11.01-18.41.03:085][  0]LogAudioMixer: Display: Creating Master Submix 'MasterEQSubmixDefault'
[2020.11.01-18.41.03:086][  0]LogInit: FAudioDevice initialized.
[2020.11.01-18.41.03:087][  0]LogNetVersion: Set ProjectVersion to 1.0.0.0. Version Checksum will be recalculated on next use.
[2020.11.01-18.41.03:087][  0]LogInit: Texture streaming: Enabled
[2020.11.01-18.41.03:154][  0]LogUObjectGlobals: Warning: Failed to load '/Game/FirstPersonBP/Blueprints/BP_GameInstance': Can't find file.
[2020.11.01-18.41.03:154][  0]LogUObjectGlobals: Warning: Failed to load '/Game/FirstPersonBP/Blueprints/BP_GameInstance': Can't find file.
[2020.11.01-18.41.03:154][  0]LogUObjectGlobals: Warning: Failed to find object 'Class /Game/FirstPersonBP/Blueprints/BP_GameInstance.BP_GameInstance_C'
[2020.11.01-18.41.03:154][  0]LogEngine: Error: Unable to load GameInstance Class '/Game/FirstPersonBP/Blueprints/BP_GameInstance.BP_GameInstance_C'. Falling back to generic UGameInstance.
[2020.11.01-18.41.03:159][  0]LogSlate: Updating window title bar state: overlay mode, drag disabled, window buttons hidden, title bar hidden
[2020.11.01-18.41.03:160][  0]LogInit: Display: Game Engine Initialized.
[2020.11.01-18.41.03:160][  0]LogNiagaraEditor: Warning: GEditor isn't valid! Particle reset commands will not work for Niagara components!
[2020.11.01-18.41.03:204][  0]LogInit: Display: Starting Game.
[2020.11.01-18.41.03:204][  0]LogNet: Browse: /Game/FirstPersonBP/Maps/L_Example?Name=Player
[2020.11.01-18.41.03:204][  0]LogLoad: LoadMap: /Game/FirstPersonBP/Maps/L_Example?Name=Player
[2020.11.01-18.41.03:204][  0]LogWorld: BeginTearingDown for /Temp/Untitled_0
[2020.11.01-18.41.03:206][  0]LogWorld: UWorld::CleanupWorld for Untitled, bSessionEnded=true, bCleanupResources=true
[2020.11.01-18.41.03:206][  0]LogSlate: InvalidateAllWidgets triggered.  All widgets were invalidated
[2020.11.01-18.41.03:226][  0]LogUObjectHash: Compacting FUObjectHashTables data took   0.61ms
[2020.11.01-18.41.03:790][  0]LogStaticMesh: Building static mesh Horseshoe...
[2020.11.01-18.41.03:791][  0]LogStaticMesh: Built static mesh [0.00s] /Game/FirstPersonBP/Blueprints/KyleStuff/Horseshoe.Horseshoe
[2020.11.01-18.41.03:808][  0]LogAIModule: Creating AISystem for world L_Example
[2020.11.01-18.41.03:808][  0]LogAISub: UAISubsystem::UAISubsystem EnvQueryManager (0000025F4FAD9C00), frame # 0
[2020.11.01-18.41.03:808][  0]LogAISub: UAISubsystem::UAISubsystem AIPerceptionSystem (0000025F5A7A1F80), frame # 0
[2020.11.01-18.41.03:809][  0]LogLoad: Game class is 'FirstPersonGameMode_C'
[2020.11.01-18.41.03:809][  0]LogStreaming: Display: ULevelStreaming::RequestLevel(/Game/FirstPersonBP/Maps/Room_3) is flushing async loading
[2020.11.01-18.41.03:809][  0]LogStreaming: Display: Flushing async loaders.
[2020.11.01-18.41.03:844][  0]LogStreaming: Display: ULevelStreaming::RequestLevel(/Game/FirstPersonBP/Maps/Room_2) is flushing async loading
[2020.11.01-18.41.03:881][  0]LogStreaming: Display: ULevelStreaming::RequestLevel(/Game/FirstPersonBP/Maps/Room_1) is flushing async loading
[2020.11.01-18.41.03:902][  0]LogWorld: Bringing World /Game/FirstPersonBP/Maps/L_Example.L_Example up for play (max tick rate 0) at 2020.11.01-18.41.03
[2020.11.01-18.41.03:910][  0]LogWorld: Bringing up level for play took: 0.016428
[2020.11.01-18.41.03:914][  0]LogLevel: ActivateLevel /Game/FirstPersonBP/Maps/Room_2 1 1 1
[2020.11.01-18.41.03:915][  0]LogBlueprintUserMessages: [BP_Revolver_C_0] GunBase beginplay fired
[2020.11.01-18.41.03:915][  0]LogBlueprintUserMessages: [BP_Revolver_C_0] revolver
[2020.11.01-18.41.03:920][  0]LogLoad: Took 0.716086 seconds to LoadMap(/Game/FirstPersonBP/Maps/L_Example)
[2020.11.01-18.41.03:931][  0]LogSlate: Took 0.000227 seconds to synchronously load lazily loaded font '../../../Engine/Content/Slate/Fonts/Roboto-Regular.ttf' (155K)
[2020.11.01-18.41.03:950][  0]LogRenderer: Reallocating scene render targets to support 1280x720 Format 10 NumSamples 1 (Frame:1).
[2020.11.01-18.41.03:950][  0]LogLoad: (Engine Initialization) Total time: 6.93 seconds
[2020.11.01-18.41.03:950][  0]LogLoad: (Engine Initialization) Total Blueprint compile time: 0.00 seconds
[2020.11.01-18.41.03:974][  0]LogLevel: ActivateLevel /Game/FirstPersonBP/Maps/Room_1 1 1 1
[2020.11.01-18.41.03:977][  0]LogContentStreaming: Texture pool size now 1000 MB
[2020.11.01-18.41.03:982][  0]LogSlate: InvalidateAllWidgets triggered.  All widgets were invalidated
[2020.11.01-18.41.04:120][  1]LogBlueprintUserMessages: [BTT_AreEnoughCultistsInRange_C_3] 2
[2020.11.01-18.41.04:121][  1]LogLevel: ActivateLevel /Game/FirstPersonBP/Maps/Room_3 1 1 1
[2020.11.01-18.41.04:122][  1]LogSlate: Took 0.000219 seconds to synchronously load lazily loaded font '../../../Engine/Content/Slate/Fonts/Roboto-Regular.ttf' (155K)
[2020.11.01-18.41.05:589][507]LogBlueprintUserMessages: [BP_Revolver_C_0] revolver fire
[2020.11.01-18.41.05:590][507]LogBlueprintUserMessages: [BP_Revolver_C_0] DefaultPhysicalMaterial
[2020.11.01-18.41.05:938][637]LogBlueprintUserMessages: [BP_Revolver_C_0] revolver fire
[2020.11.01-18.41.05:938][637]LogBlueprintUserMessages: [BP_Revolver_C_0] DefaultPhysicalMaterial
[2020.11.01-18.41.06:587][888]LogBlueprintUserMessages: [BP_Revolver_C_0] revolver fire
[2020.11.01-18.41.06:587][888]LogBlueprintUserMessages: [BP_Revolver_C_0] DefaultPhysicalMaterial
[2020.11.01-18.41.07:061][ 70]LogBlueprintUserMessages: [BP_Revolver_C_0] revolver fire
[2020.11.01-18.41.07:061][ 70]LogBlueprintUserMessages: [BP_Revolver_C_0] DefaultPhysicalMaterial
[2020.11.01-18.41.07:061][ 70]LogScript: Warning: Accessed None trying to read property ManagerRef
	AI_Cultist_C /Game/FirstPersonBP/Maps/Room_1.Room_1:PersistentLevel.AI_Cultist_7
	Function /Game/AI/AI_Cultist.AI_Cultist_C:ExecuteUbergraph_AI_Cultist:001A
[2020.11.01-18.41.07:061][ 70]LogScript: Warning: Script call stack:
	Function /Game/AI/AI_Cultist.AI_Cultist_C:ReceiveAnyDamage
	Function /Game/AI/AI_Cultist.AI_Cultist_C:ExecuteUbergraph_AI_Cultist

[2020.11.01-18.41.07:634][292]LogBlueprintUserMessages: [BP_Revolver_C_0] revolver fire
[2020.11.01-18.41.07:634][292]LogBlueprintUserMessages: [BP_Revolver_C_0] DefaultPhysicalMaterial
[2020.11.01-18.41.07:634][292]LogScript: Warning: Accessed None trying to read property ManagerRef
	AI_Cultist_C /Game/FirstPersonBP/Maps/L_Example.L_Example:PersistentLevel.AI_Cultist2
	Function /Game/AI/AI_Cultist.AI_Cultist_C:ExecuteUbergraph_AI_Cultist:001A
[2020.11.01-18.41.07:634][292]LogScript: Warning: Script call stack:
	Function /Game/AI/AI_Cultist.AI_Cultist_C:ReceiveAnyDamage
	Function /Game/AI/AI_Cultist.AI_Cultist_C:ExecuteUbergraph_AI_Cultist

[2020.11.01-18.41.09:321][938]LogBlueprintUserMessages: [BTT_AreEnoughCultistsInRange_C_3] 3
[2020.11.01-18.41.09:635][ 47]LogScript: Warning: Accessed None trying to read property SpriteComponent
	BP_RoomManager_C /Game/FirstPersonBP/Maps/Room_2.Room_2:PersistentLevel.BP_RoomManager_2
	Function /Game/FirstPersonBP/Blueprints/Weapons/BP_RoomManager.BP_RoomManager_C:SpawnEnemies:003B
[2020.11.01-18.41.09:635][ 47]LogScript: Warning: Script call stack:
	Function /Game/FirstPersonBP/Blueprints/Weapons/BP_RoomManager.BP_RoomManager_C:BndEvt__Cube_K2Node_ComponentBoundEvent_1_ComponentBeginOverlapSignature__DelegateSignature
	Function /Game/FirstPersonBP/Blueprints/Weapons/BP_RoomManager.BP_RoomManager_C:ExecuteUbergraph_BP_RoomManager
	Function /Game/FirstPersonBP/Blueprints/Weapons/BP_RoomManager.BP_RoomManager_C:StartSpawning
	Function /Game/FirstPersonBP/Blueprints/Weapons/BP_RoomManager.BP_RoomManager_C:ExecuteUbergraph_BP_RoomManager
	Function /Game/FirstPersonBP/Blueprints/Weapons/BP_RoomManager.BP_RoomManager_C:SpawnEnemies

[2020.11.01-18.41.09:635][ 47]LogScript: Warning: Accessed None trying to read property SpriteComponent
	BP_RoomManager_C /Game/FirstPersonBP/Maps/Room_2.Room_2:PersistentLevel.BP_RoomManager_2
	Function /Game/FirstPersonBP/Blueprints/Weapons/BP_RoomManager.BP_RoomManager_C:SpawnEnemies:008C
[2020.11.01-18.41.09:635][ 47]LogScript: Warning: Script call stack:
	Function /Game/FirstPersonBP/Blueprints/Weapons/BP_RoomManager.BP_RoomManager_C:BndEvt__Cube_K2Node_ComponentBoundEvent_1_ComponentBeginOverlapSignature__DelegateSignature
	Function /Game/FirstPersonBP/Blueprints/Weapons/BP_RoomManager.BP_RoomManager_C:ExecuteUbergraph_BP_RoomManager
	Function /Game/FirstPersonBP/Blueprints/Weapons/BP_RoomManager.BP_RoomManager_C:StartSpawning
	Function /Game/FirstPersonBP/Blueprints/Weapons/BP_RoomManager.BP_RoomManager_C:ExecuteUbergraph_BP_RoomManager
	Function /Game/FirstPersonBP/Blueprints/Weapons/BP_RoomManager.BP_RoomManager_C:SpawnEnemies

[2020.11.01-18.41.09:637][ 47]LogPhysics: Warning: Scale for /Game/FirstPersonBP/Maps/Room_2.Room_2:PersistentLevel.BP_BasicDoor.Box has a component set to zero, which will result in a bad body instance. Scale:X=5.000 Y=0.000 Z=5.000
[2020.11.01-18.41.09:637][ 47]LogPhysics: Warning: Scale for /Game/FirstPersonBP/Maps/Room_2.Room_2:PersistentLevel.BP_BasicDoor2_7.Box has a component set to zero, which will result in a bad body instance. Scale:X=5.000 Y=0.000 Z=5.000
[2020.11.01-18.41.09:637][ 47]LogPhysics: Warning: Scale for /Game/FirstPersonBP/Maps/Room_2.Room_2:PersistentLevel.BP_BasicDoor4.Box has a component set to zero, which will result in a bad body instance. Scale:X=5.000 Y=0.000 Z=5.000
[2020.11.01-18.41.09:640][ 48]LogCharacterMovement: FirstPersonCharacter_C_0 is stuck and failed to move! Velocity: X=-864.40 Y=-250.62 Z=0.00 Location: X=677.27 Y=-1227.89 Z=136.89 Normal: X=1.00 Y=0.00 Z=-0.00 PenetrationDepth:29.700 Actor:BP_BasicDoor Component:Box BoneName:None (0 other events since notify)
[2020.11.01-18.41.14:527][940]LogBlueprintUserMessages: [BTT_AreEnoughCultistsInRange_C_3] 4
[2020.11.01-18.41.17:665][135]LogWindowsDesktop: Alt-F4 pressed!
[2020.11.01-18.41.17:673][135]LogSlate: Window 'BA_Project (64-bit Development PCD3D_SM5) ' being destroyed
[2020.11.01-18.41.17:674][135]LogWindowsTextInputMethodSystem: Display: IME system now deactivated.
[2020.11.01-18.41.17:677][135]LogWindowsTextInputMethodSystem: Display: IME system now deactivated.
[2020.11.01-18.41.17:678][135]LogSlate: Updating window title bar state: overlay mode, drag disabled, window buttons hidden, title bar hidden
[2020.11.01-18.41.17:678][135]LogEngine: All Windows Closed
[2020.11.01-18.41.17:678][135]LogWindows: FPlatformMisc::RequestExit(0)
[2020.11.01-18.41.17:678][135]LogCore: Engine exit requested (reason: Win RequestExit)
[2020.11.01-18.41.17:678][136]LogCore: Engine exit requested (reason: EngineExit() was called; note: exit was already requested)
[2020.11.01-18.41.17:679][136]LogAudio: Display: Shutting down audio device while 2 references to it are still alive. For more information, compile with INSTRUMENT_AUDIODEVICE_HANDLES.
[2020.11.01-18.41.17:729][136]LogInit: Display: PreExit Game.
[2020.11.01-18.41.17:780][136]LogWorld: BeginTearingDown for /Game/FirstPersonBP/Maps/L_Example
[2020.11.01-18.41.17:781][136]LogWorld: UWorld::CleanupWorld for L_Example, bSessionEnded=true, bCleanupResources=true
[2020.11.01-18.41.17:782][136]LogSlate: InvalidateAllWidgets triggered.  All widgets were invalidated
[2020.11.01-18.41.17:782][136]LogWorld: UWorld::CleanupWorld for Room_3, bSessionEnded=true, bCleanupResources=true
[2020.11.01-18.41.17:782][136]LogSlate: InvalidateAllWidgets triggered.  All widgets were invalidated
[2020.11.01-18.41.17:782][136]LogWorld: UWorld::CleanupWorld for Room_2, bSessionEnded=true, bCleanupResources=true
[2020.11.01-18.41.17:782][136]LogSlate: InvalidateAllWidgets triggered.  All widgets were invalidated
[2020.11.01-18.41.17:782][136]LogWorld: UWorld::CleanupWorld for Room_1, bSessionEnded=true, bCleanupResources=true
[2020.11.01-18.41.17:782][136]LogSlate: InvalidateAllWidgets triggered.  All widgets were invalidated
[2020.11.01-18.41.17:954][136]LogExit: Preparing to exit.
[2020.11.01-18.41.18:599][136]LogMoviePlayer: Shutting down movie player
[2020.11.01-18.41.18:759][136]LogSlate: Updating window title bar state: overlay mode, drag disabled, window buttons hidden, title bar hidden
[2020.11.01-18.41.18:769][136]LogExit: Game engine shut down
[2020.11.01-18.41.18:770][136]LogDemo: Cleaned up 0 splitscreen connections with owner deletion
[2020.11.01-18.41.18:792][136]LogAISub: UAISubsystem::~UAISubsystem AISubsystem (0000025F57EFFA40), frame # 5136
[2020.11.01-18.41.18:792][136]LogAISub: UAISubsystem::~UAISubsystem AIPerceptionSystem (0000025F57F15D00), frame # 5136
[2020.11.01-18.41.18:792][136]LogAISub: UAISubsystem::~UAISubsystem EnvQueryManager (0000025F57F71A00), frame # 5136
[2020.11.01-18.41.18:795][136]LogAISub: UAISubsystem::~UAISubsystem EnvQueryManager (0000025F4FAD9C00), frame # 5136
[2020.11.01-18.41.18:795][136]LogAISub: UAISubsystem::~UAISubsystem AIPerceptionSystem (0000025F5A7A1F80), frame # 5136
[2020.11.01-18.41.18:823][136]LogExit: Object subsystem successfully closed.
[2020.11.01-18.41.18:840][136]LogShaderCompilers: Display: Shaders left to compile 0
[2020.11.01-18.41.18:868][136]LogModuleManager: Shutting down and abandoning module SequenceRecorderSections (500)
[2020.11.01-18.41.18:868][136]LogModuleManager: Shutting down and abandoning module SequenceRecorder (498)
[2020.11.01-18.41.18:868][136]LogModuleManager: Shutting down and abandoning module AutomationController (496)
[2020.11.01-18.41.18:868][136]LogModuleManager: Shutting down and abandoning module AutomationWorker (494)
[2020.11.01-18.41.18:868][136]LogModuleManager: Shutting down and abandoning module Voice (492)
[2020.11.01-18.41.18:868][136]LogModuleManager: Shutting down and abandoning module AIModule (490)
[2020.11.01-18.41.18:868][136]LogModuleManager: Shutting down and abandoning module GameplayDebugger (489)
[2020.11.01-18.41.18:868][136]LogModuleManager: Shutting down and abandoning module AITestSuite (487)
[2020.11.01-18.41.18:868][136]LogModuleManager: Shutting down and abandoning module NavigationSystem (485)
[2020.11.01-18.41.18:868][136]LogModuleManager: Shutting down and abandoning module OculusMR (482)
[2020.11.01-18.41.18:868][136]LogModuleManager: Shutting down and abandoning module WmfMediaFactory (480)
[2020.11.01-18.41.18:868][136]LogModuleManager: Shutting down and abandoning module WebMMediaFactory (478)
[2020.11.01-18.41.18:868][136]LogModuleManager: Shutting down and abandoning module WebMMedia (476)
[2020.11.01-18.41.18:868][136]LogModuleManager: Shutting down and abandoning module OpenExrWrapper (474)
[2020.11.01-18.41.18:868][136]LogModuleManager: Shutting down and abandoning module ImgMediaFactory (472)
[2020.11.01-18.41.18:868][136]LogModuleManager: Shutting down and abandoning module AvfMediaFactory (470)
[2020.11.01-18.41.18:868][136]LogModuleManager: Shutting down and abandoning module MagicLeapMediaCodecFactory (468)
[2020.11.01-18.41.18:868][136]LogModuleManager: Shutting down and abandoning module MagicLeapMediaFactory (466)
[2020.11.01-18.41.18:868][136]LogModuleManager: Shutting down and abandoning module PlanarCut (464)
[2020.11.01-18.41.18:868][136]LogModuleManager: Shutting down and abandoning module CharacterAI (462)
[2020.11.01-18.41.18:868][136]LogModuleManager: Shutting down and abandoning module SessionServices (460)
[2020.11.01-18.41.18:868][136]LogModuleManager: Shutting down and abandoning module MovieSceneCapture (458)
[2020.11.01-18.41.18:868][136]LogModuleManager: Shutting down and abandoning module LiveCoding (456)
[2020.11.01-18.41.18:868][136]LogModuleManager: Shutting down and abandoning module LevelSequence (454)
[2020.11.01-18.41.18:868][136]LogModuleManager: Shutting down and abandoning module MovieSceneTracks (452)
[2020.11.01-18.41.18:868][136]LogModuleManager: Shutting down and abandoning module MovieScene (450)
[2020.11.01-18.41.18:868][136]LogModuleManager: Shutting down and abandoning module StreamingPauseRendering (448)
[2020.11.01-18.41.18:868][136]LogModuleManager: Shutting down and abandoning module PortalServices (446)
[2020.11.01-18.41.18:868][136]LogModuleManager: Shutting down and abandoning module PortalRpc (444)
[2020.11.01-18.41.18:868][136]LogModuleManager: Shutting down and abandoning module MessagingRpc (442)
[2020.11.01-18.41.18:868][136]LogModuleManager: Shutting down and abandoning module AudioMixerXAudio2 (440)
[2020.11.01-18.41.18:868][136]LogModuleManager: Shutting down and abandoning module AudioMixerCore (439)
[2020.11.01-18.41.18:868][136]LogModuleManager: Shutting down and abandoning module ProfilerService (436)
[2020.11.01-18.41.18:918][136]LogModuleManager: Shutting down and abandoning module TaskGraph (434)
[2020.11.01-18.41.18:918][136]LogModuleManager: Shutting down and abandoning module Synthesis (432)
[2020.11.01-18.41.18:918][136]LogModuleManager: Shutting down and abandoning module ProceduralMeshComponent (430)
[2020.11.01-18.41.18:918][136]LogModuleManager: Shutting down and abandoning module OculusInput (428)
[2020.11.01-18.41.18:918][136]LogModuleManager: Shutting down and abandoning module MobilePatchingUtils (426)
[2020.11.01-18.41.18:918][136]LogModuleManager: Shutting down and abandoning module GooglePAD (424)
[2020.11.01-18.41.18:918][136]LogModuleManager: Shutting down and abandoning module EditableMesh (422)
[2020.11.01-18.41.18:918][136]LogModuleManager: Shutting down and abandoning module CustomMeshComponent (420)
[2020.11.01-18.41.18:918][136]LogModuleManager: Shutting down and abandoning module CableComponent (418)
[2020.11.01-18.41.18:919][136]LogModuleManager: Shutting down and abandoning module AudioCapture (416)
[2020.11.01-18.41.18:919][136]LogModuleManager: Shutting down and abandoning module AudioCaptureRtAudio (415)
[2020.11.01-18.41.18:919][136]LogModuleManager: Shutting down and abandoning module AssetTags (412)
[2020.11.01-18.41.18:919][136]LogModuleManager: Shutting down and abandoning module ArchVisCharacter (410)
[2020.11.01-18.41.18:919][136]LogModuleManager: Shutting down and abandoning module AppleImageUtilsBlueprintSupport (408)
[2020.11.01-18.41.18:919][136]LogModuleManager: Shutting down and abandoning module AppleImageUtils (406)
[2020.11.01-18.41.18:919][136]LogModuleManager: Shutting down and abandoning module AndroidPermission (404)
[2020.11.01-18.41.18:919][136]LogModuleManager: Shutting down and abandoning module NUTUnrealEngine4 (402)
[2020.11.01-18.41.18:919][136]LogModuleManager: Shutting down and abandoning module NetcodeUnitTest (400)
[2020.11.01-18.41.18:919][136]LogModuleManager: Shutting down and abandoning module TemplateSequence (398)
[2020.11.01-18.41.18:919][136]LogModuleManager: Shutting down and abandoning module MovieRenderPipelineRenderPasses (396)
[2020.11.01-18.41.18:919][136]LogModuleManager: Shutting down and abandoning module MovieRenderPipelineSettings (394)
[2020.11.01-18.41.18:919][136]LogModuleManager: Shutting down and abandoning module MovieRenderPipelineCore (392)
[2020.11.01-18.41.18:919][136]LogModuleManager: Shutting down and abandoning module ImageWriteQueue (391)
[2020.11.01-18.41.18:923][136]LogModuleManager: Shutting down and abandoning module MediaCompositing (388)
[2020.11.01-18.41.18:923][136]LogModuleManager: Shutting down and abandoning module ImgMedia (386)
[2020.11.01-18.41.18:923][136]LogModuleManager: Shutting down and abandoning module MagicLeapSharedWorld (384)
[2020.11.01-18.41.18:923][136]LogModuleManager: Shutting down and abandoning module MagicLeapLightEstimation (382)
[2020.11.01-18.41.18:923][136]LogModuleManager: Shutting down and abandoning module MagicLeapHelperVulkan (380)
[2020.11.01-18.41.18:923][136]LogModuleManager: Shutting down and abandoning module MagicLeapHelperOpenGL (378)
[2020.11.01-18.41.18:923][136]LogModuleManager: Shutting down and abandoning module MagicLeapAudio (376)
[2020.11.01-18.41.18:923][136]LogModuleManager: Shutting down and abandoning module MeshSolverUtilities (374)
[2020.11.01-18.41.18:923][136]LogModuleManager: Shutting down and abandoning module MeshConversion (372)
[2020.11.01-18.41.18:923][136]LogModuleManager: Shutting down and abandoning module DynamicMesh (370)
[2020.11.01-18.41.18:923][136]LogModuleManager: Shutting down and abandoning module GeometryAlgorithms (368)
[2020.11.01-18.41.18:923][136]LogModuleManager: Shutting down and abandoning module GeometricObjects (366)
[2020.11.01-18.41.18:923][136]LogModuleManager: Shutting down and abandoning module GeometryCollectionTracks (364)
[2020.11.01-18.41.18:923][136]LogModuleManager: Shutting down and abandoning module GeometryCollectionSequencer (363)
[2020.11.01-18.41.18:923][136]LogModuleManager: Shutting down and abandoning module GeometryCacheTracks (360)
[2020.11.01-18.41.18:923][136]LogModuleManager: Shutting down and abandoning module GeometryCacheSequencer (359)
[2020.11.01-18.41.18:923][136]LogModuleManager: Shutting down and abandoning module GeometryCache (356)
[2020.11.01-18.41.18:923][136]LogModuleManager: Shutting down and abandoning module GeometryCacheEd (355)
[2020.11.01-18.41.18:923][136]LogModuleManager: Shutting down and abandoning module ChaosNiagara (352)
[2020.11.01-18.41.18:923][136]LogModuleManager: Shutting down and abandoning module ChaosCloth (350)
[2020.11.01-18.41.18:923][136]LogModuleManager: Shutting down and abandoning module BackChannel (348)
[2020.11.01-18.41.18:923][136]LogModuleManager: Shutting down and abandoning module AutomationUtils (346)
[2020.11.01-18.41.18:923][136]LogModuleManager: Shutting down and abandoning module VisualStudioSourceCodeAccess (344)
[2020.11.01-18.41.18:923][136]LogModuleManager: Shutting down and abandoning module HotReload (343)
[2020.11.01-18.41.18:923][136]LogModuleManager: Shutting down and abandoning module DirectoryWatcher (342)
[2020.11.01-18.41.18:923][136]LogModuleManager: Shutting down and abandoning module VisualStudioCodeSourceCodeAccess (338)
[2020.11.01-18.41.18:924][136]LogModuleManager: Shutting down and abandoning module UObjectPlugin (336)
[2020.11.01-18.41.18:924][136]LogModuleManager: Shutting down and abandoning module SubversionSourceControl (334)
[2020.11.01-18.41.18:924][136]LogModuleManager: Shutting down and abandoning module RiderSourceCodeAccess (332)
[2020.11.01-18.41.18:924][136]LogModuleManager: Shutting down and abandoning module PerforceSourceControl (330)
[2020.11.01-18.41.18:924][136]LogModuleManager: Shutting down and abandoning module SourceControl (329)
[2020.11.01-18.41.18:924][136]LogModuleManager: Shutting down and abandoning module CLionSourceCodeAccess (326)
[2020.11.01-18.41.18:924][136]LogModuleManager: Shutting down and abandoning module ActorLayerUtilities (324)
[2020.11.01-18.41.18:924][136]LogModuleManager: Shutting down and abandoning module SoundFields (322)
[2020.11.01-18.41.18:924][136]LogModuleManager: Shutting down and abandoning module SignificanceManager (320)
[2020.11.01-18.41.18:924][136]LogModuleManager: Shutting down and abandoning module RuntimePhysXCooking (318)
[2020.11.01-18.41.18:924][136]LogModuleManager: Shutting down and abandoning module PhysXVehiclesEditor (316)
[2020.11.01-18.41.18:924][136]LogModuleManager: Shutting down and abandoning module LocationServicesBPLibrary (312)
[2020.11.01-18.41.18:924][136]LogModuleManager: Shutting down and abandoning module ActorSequence (310)
[2020.11.01-18.41.18:924][136]LogModuleManager: Shutting down and abandoning module UdpMessaging (308)
[2020.11.01-18.41.19:025][136]LogModuleManager: Shutting down and abandoning module TcpMessaging (306)
[2020.11.01-18.41.19:593][136]LogModuleManager: Shutting down and abandoning module MagicLeapARPin (304)
[2020.11.01-18.41.19:593][136]LogModuleManager: Shutting down and abandoning module MagicLeapHandMeshing (302)
[2020.11.01-18.41.19:593][136]LogModuleManager: Shutting down and abandoning module MagicLeapSecureStorage (300)
[2020.11.01-18.41.19:593][136]LogModuleManager: Shutting down and abandoning module MagicLeapPrivileges (298)
[2020.11.01-18.41.19:593][136]LogModuleManager: Shutting down and abandoning module MagicLeapPlanes (296)
[2020.11.01-18.41.19:593][136]LogMagicLeapPlanes: Planes tracker already destroyed.
[2020.11.01-18.41.19:593][136]LogModuleManager: Shutting down and abandoning module MagicLeapImageTracker (294)
[2020.11.01-18.41.19:593][136]LogModuleManager: Shutting down and abandoning module MagicLeapIdentity (292)
[2020.11.01-18.41.19:593][136]LogModuleManager: Shutting down and abandoning module MagicLeapHandTracking (290)
[2020.11.01-18.41.19:593][136]LogModuleManager: Shutting down and abandoning module MagicLeapEyeTracker (288)
[2020.11.01-18.41.19:593][136]LogModuleManager: Shutting down and abandoning module MagicLeapController (286)
[2020.11.01-18.41.19:593][136]LogSlate: Slate User Destroyed.  User Index 0, Is Virtual User: 0
[2020.11.01-18.41.19:593][136]LogModuleManager: Shutting down and abandoning module MagicLeapARPinImpl (284)
[2020.11.01-18.41.19:593][136]LogModuleManager: Shutting down and abandoning module MagicLeapAR (282)
[2020.11.01-18.41.19:593][136]LogModuleManager: Shutting down and abandoning module AugmentedReality (281)
[2020.11.01-18.41.19:593][136]LogModuleManager: Shutting down and abandoning module NiagaraAnimNotifies (278)
[2020.11.01-18.41.19:593][136]LogModuleManager: Shutting down and abandoning module Niagara (276)
[2020.11.01-18.41.19:593][136]LogModuleManager: Shutting down and abandoning module SignalProcessing (275)
[2020.11.01-18.41.19:593][136]LogModuleManager: Shutting down and abandoning module NiagaraEditor (273)
[2020.11.01-18.41.19:594][136]LogModuleManager: Shutting down and abandoning module NiagaraCore (270)
[2020.11.01-18.41.19:594][136]LogModuleManager: Shutting down and abandoning module GameplayTagsEditor (268)
[2020.11.01-18.41.19:594][136]LogModuleManager: Shutting down and abandoning module FacialAnimation (266)
[2020.11.01-18.41.19:594][136]LogModuleManager: Shutting down and abandoning module AssetManagerEditor (264)
[2020.11.01-18.41.19:594][136]LogModuleManager: Shutting down and abandoning module TreeMap (263)
[2020.11.01-18.41.19:594][136]LogModuleManager: Shutting down and abandoning module AnimationSharing (260)
[2020.11.01-18.41.19:594][136]LogModuleManager: Shutting down and abandoning module LightPropagationVolumeRuntime (258)
[2020.11.01-18.41.19:594][136]LogModuleManager: Shutting down and abandoning module Paper2D (256)
[2020.11.01-18.41.19:594][136]LogModuleManager: Shutting down and abandoning module WindowsMoviePlayer (254)
[2020.11.01-18.41.19:594][136]LogModuleManager: Shutting down and abandoning module WebMMoviePlayer (252)
[2020.11.01-18.41.19:594][136]LogModuleManager: Shutting down and abandoning module NetworkReplayStreaming (250)
[2020.11.01-18.41.19:594][136]LogModuleManager: Shutting down and abandoning module PacketHandler (248)
[2020.11.01-18.41.19:594][136]LogModuleManager: Shutting down and abandoning module ClothingSystemEditor (246)
[2020.11.01-18.41.19:594][136]LogModuleManager: Shutting down and abandoning module ClothingSystemRuntimeNv (244)
[2020.11.01-18.41.19:594][136]LogModuleManager: Shutting down and abandoning module MediaAssets (242)
[2020.11.01-18.41.19:595][136]LogModuleManager: Shutting down and abandoning module Overlay (240)
[2020.11.01-18.41.19:595][136]LogModuleManager: Shutting down and abandoning module OverlayEditor (239)
[2020.11.01-18.41.19:595][136]LogModuleManager: Shutting down and abandoning module EnvironmentQueryEditor (236)
[2020.11.01-18.41.19:595][136]LogModuleManager: Shutting down and abandoning module VREditor (234)
[2020.11.01-18.41.19:595][136]LogModuleManager: Shutting down and abandoning module StringTableEditor (232)
[2020.11.01-18.41.19:595][136]LogModuleManager: Shutting down and abandoning module GameplayTasksEditor (230)
[2020.11.01-18.41.19:595][136]LogModuleManager: Shutting down and abandoning module BehaviorTreeEditor (228)
[2020.11.01-18.41.19:595][136]LogModuleManager: Shutting down and abandoning module FunctionalTesting (226)
[2020.11.01-18.41.19:595][136]LogModuleManager: Shutting down and abandoning module CollisionAnalyzer (224)
[2020.11.01-18.41.19:595][136]LogModuleManager: Shutting down and abandoning module WorkspaceMenuStructure (223)
[2020.11.01-18.41.19:595][136]LogModuleManager: Shutting down and abandoning module UMG (220)
[2020.11.01-18.41.19:595][136]LogModuleManager: Shutting down and abandoning module UMGEditor (219)
[2020.11.01-18.41.19:595][136]LogModuleManager: Shutting down and abandoning module Sequencer (218)
[2020.11.01-18.41.19:595][136]LogModuleManager: Shutting down and abandoning module MessageLog (215)
[2020.11.01-18.41.19:595][136]LogModuleManager: Shutting down and abandoning module MaterialEditor (213)
[2020.11.01-18.41.19:595][136]LogModuleManager: Shutting down and abandoning module SlateReflector (208)
[2020.11.01-18.41.19:595][136]LogModuleManager: Shutting down and abandoning module Slate (206)
[2020.11.01-18.41.19:595][136]LogModuleManager: Shutting down and abandoning module SlateCore (204)
[2020.11.01-18.41.19:595][136]LogModuleManager: Shutting down and abandoning module LandscapeEditorUtilities (202)
[2020.11.01-18.41.19:595][136]LogModuleManager: Shutting down and abandoning module EditorStyle (200)
[2020.11.01-18.41.19:596][136]LogModuleManager: Shutting down and abandoning module UnrealEd (198)
[2020.11.01-18.41.19:597][136]LogModuleManager: Shutting down and abandoning module MRMesh (196)
[2020.11.01-18.41.19:597][136]LogModuleManager: Shutting down and abandoning module Messaging (194)
[2020.11.01-18.41.19:597][136]LogModuleManager: Shutting down and abandoning module SourceCodeAccess (192)
[2020.11.01-18.41.19:597][136]LogModuleManager: Shutting down and abandoning module HeadMountedDisplay (190)
[2020.11.01-18.41.19:597][136]LogModuleManager: Shutting down and abandoning module XAudio2 (188)
[2020.11.01-18.41.19:597][136]LogModuleManager: Shutting down and abandoning module Networking (186)
[2020.11.01-18.41.19:597][136]LogModuleManager: Shutting down and abandoning module Core (184)
[2020.11.01-18.41.19:597][136]LogModuleManager: Shutting down and abandoning module MovieSceneTools (182)
[2020.11.01-18.41.19:597][136]LogModuleManager: Shutting down and abandoning module KismetCompiler (180)
[2020.11.01-18.41.19:597][136]LogModuleManager: Shutting down and abandoning module MeshBuilder (178)
[2020.11.01-18.41.19:597][136]LogModuleManager: Shutting down and abandoning module MeshUtilities (176)
[2020.11.01-18.41.19:597][136]LogModuleManager: Shutting down and abandoning module MeshMergeUtilities (175)
[2020.11.01-18.41.19:597][136]LogModuleManager: Shutting down and abandoning module MeshReductionInterface (174)
[2020.11.01-18.41.19:597][136]LogModuleManager: Shutting down and abandoning module MeshBoneReduction (173)
[2020.11.01-18.41.19:597][136]LogModuleManager: Shutting down and abandoning module SkeletalMeshReduction (171)
[2020.11.01-18.41.19:597][136]LogModuleManager: Shutting down and abandoning module ProxyLODMeshReduction (169)
[2020.11.01-18.41.19:597][136]LogModuleManager: Shutting down and abandoning module QuadricMeshReduction (167)
[2020.11.01-18.41.19:597][136]LogModuleManager: Shutting down and abandoning module MaterialBaking (163)
[2020.11.01-18.41.19:597][136]LogModuleManager: Shutting down and abandoning module NullInstallBundleManager (158)
[2020.11.01-18.41.19:597][136]LogModuleManager: Shutting down and abandoning module PIEPreviewDeviceProfileSelector (156)
[2020.11.01-18.41.19:597][136]LogModuleManager: Shutting down and abandoning module DerivedDataCache (154)
[2020.11.01-18.41.19:597][136]LogModuleManager: Shutting down and abandoning module XGEController (152)
[2020.11.01-18.41.19:597][136]LogModuleManager: Shutting down and abandoning module TargetPlatform (150)
[2020.11.01-18.41.19:597][136]LogModuleManager: Shutting down and abandoning module VulkanShaderFormat (149)
[2020.11.01-18.41.19:597][136]LogModuleManager: Shutting down and abandoning module ShaderFormatVectorVM (147)
[2020.11.01-18.41.19:597][136]LogModuleManager: Shutting down and abandoning module ShaderFormatOpenGL (145)
[2020.11.01-18.41.19:597][136]LogModuleManager: Shutting down and abandoning module ShaderFormatD3D (143)
[2020.11.01-18.41.19:597][136]LogModuleManager: Shutting down and abandoning module MetalShaderFormat (141)
[2020.11.01-18.41.19:597][136]LogModuleManager: Shutting down and abandoning module TextureFormatUncompressed (139)
[2020.11.01-18.41.19:597][136]LogModuleManager: Shutting down and abandoning module TextureFormatPVR (137)
[2020.11.01-18.41.19:597][136]LogModuleManager: Shutting down and abandoning module TextureFormatDXT (135)
[2020.11.01-18.41.19:597][136]LogModuleManager: Shutting down and abandoning module TextureFormatIntelISPCTexComp (133)
[2020.11.01-18.41.19:598][136]LogModuleManager: Shutting down and abandoning module TextureFormatASTC (131)
[2020.11.01-18.41.19:598][136]LogModuleManager: Shutting down and abandoning module ImageWrapper (130)
[2020.11.01-18.41.19:598][136]LogModuleManager: Shutting down and abandoning module TextureFormatAndroid (127)
[2020.11.01-18.41.19:598][136]LogModuleManager: Shutting down and abandoning module AudioFormatOpus (125)
[2020.11.01-18.41.19:598][136]LogModuleManager: Shutting down and abandoning module AudioFormatOgg (123)
[2020.11.01-18.41.19:598][136]LogModuleManager: Shutting down and abandoning module AudioFormatADPCM (121)
[2020.11.01-18.41.19:598][136]LogModuleManager: Shutting down and abandoning module WindowsServerTargetPlatform (119)
[2020.11.01-18.41.19:598][136]LogModuleManager: Shutting down and abandoning module WindowsClientTargetPlatform (117)
[2020.11.01-18.41.19:598][136]LogModuleManager: Shutting down and abandoning module WindowsTargetPlatform (115)
[2020.11.01-18.41.19:598][136]LogModuleManager: Shutting down and abandoning module WindowsNoEditorTargetPlatform (113)
[2020.11.01-18.41.19:598][136]LogModuleManager: Shutting down and abandoning module InputCore (110)
[2020.11.01-18.41.19:598][136]LogModuleManager: Shutting down and abandoning module Settings (108)
[2020.11.01-18.41.19:598][136]LogModuleManager: Shutting down and abandoning module PhysXCooking (106)
[2020.11.01-18.41.19:598][136]LogModuleManager: Shutting down and abandoning module ChaosSolvers (104)
[2020.11.01-18.41.19:598][136]LogModuleManager: Shutting down and abandoning module FieldSystemEngine (103)
[2020.11.01-18.41.19:598][136]LogModuleManager: Shutting down and abandoning module Chaos (100)
[2020.11.01-18.41.19:598][136]LogModuleManager: Shutting down and abandoning module WindowsPlatformFeatures (98)
[2020.11.01-18.41.19:598][136]LogModuleManager: Shutting down and abandoning module GameplayMediaEncoder (97)
[2020.11.01-18.41.19:598][136]LogModuleManager: Shutting down and abandoning module AVEncoder (96)
[2020.11.01-18.41.19:598][136]LogModuleManager: Shutting down and abandoning module SteamVRInputDevice (92)
[2020.11.01-18.41.19:598][136]LogModuleManager: Shutting down and abandoning module SteamVRInput (90)
[2020.11.01-18.41.19:598][136]LogModuleManager: Shutting down and abandoning module SteamVR (88)
[2020.11.01-18.41.19:598][136]LogHMD: Freeing OpenVRDLLHandle.
[2020.11.01-18.41.19:598][136]LogModuleManager: Shutting down and abandoning module OculusHMD (86)
[2020.11.01-18.41.19:598][136]LogModuleManager: Shutting down and abandoning module ExampleDeviceProfileSelector (84)
[2020.11.01-18.41.19:598][136]LogModuleManager: Shutting down and abandoning module LauncherChunkInstaller (82)
[2020.11.01-18.41.19:598][136]LogModuleManager: Shutting down and abandoning module OnlineBlueprintSupport (80)
[2020.11.01-18.41.19:598][136]LogModuleManager: Shutting down and abandoning module OnlineSubsystem (76)
[2020.11.01-18.41.19:599][136]LogModuleManager: Shutting down and abandoning module XMPP (71)
[2020.11.01-18.41.19:599][136]LogModuleManager: Shutting down and abandoning module WebSockets (70)
[2020.11.01-18.41.19:621][136]LogModuleManager: Shutting down and abandoning module HTTP (67)
[2020.11.01-18.41.19:626][136]LogModuleManager: Shutting down and abandoning module SSL (66)
[2020.11.01-18.41.19:627][136]LogModuleManager: Shutting down and abandoning module WmfMedia (62)
[2020.11.01-18.41.19:628][136]LogModuleManager: Shutting down and abandoning module Media (61)
[2020.11.01-18.41.19:629][136]LogModuleManager: Shutting down and abandoning module MagicLeap (58)
[2020.11.01-18.41.19:629][136]LogModuleManager: Shutting down and abandoning module NiagaraVertexFactories (56)
[2020.11.01-18.41.19:629][136]LogModuleManager: Shutting down and abandoning module NiagaraShader (54)
[2020.11.01-18.41.19:629][136]LogModuleManager: Shutting down and abandoning module VariantManagerContent (52)
[2020.11.01-18.41.19:629][136]LogModuleManager: Shutting down and abandoning module DatasmithContent (50)
[2020.11.01-18.41.19:630][136]LogModuleManager: Shutting down and abandoning module AISupportModule (48)
[2020.11.01-18.41.19:630][136]LogModuleManager: Shutting down and abandoning module DesktopPlatform (46)
[2020.11.01-18.41.19:630][136]LogModuleManager: Shutting down and abandoning module PlatformCryptoOpenSSL (44)
[2020.11.01-18.41.19:630][136]LogModuleManager: Shutting down and abandoning module PlatformCryptoTypes (42)
[2020.11.01-18.41.19:630][136]LogModuleManager: Shutting down and abandoning module PlatformCrypto (40)
[2020.11.01-18.41.19:630][136]LogModuleManager: Shutting down and abandoning module AnimationModifiers (38)
[2020.11.01-18.41.19:630][136]LogModuleManager: Shutting down and abandoning module PropertyEditor (37)
[2020.11.01-18.41.19:630][136]LogModuleManager: Shutting down and abandoning module AudioEditor (34)
[2020.11.01-18.41.19:630][136]LogModuleManager: Shutting down and abandoning module TextureCompressor (32)
[2020.11.01-18.41.19:630][136]LogModuleManager: Shutting down and abandoning module RenderCore (30)
[2020.11.01-18.41.19:630][136]LogModuleManager: Shutting down and abandoning module Landscape (28)
[2020.11.01-18.41.19:630][136]LogModuleManager: Shutting down and abandoning module SlateRHIRenderer (26)
[2020.11.01-18.41.19:630][136]LogModuleManager: Shutting down and abandoning module OpenGLDrv (24)
[2020.11.01-18.41.19:630][136]LogModuleManager: Shutting down and abandoning module D3D11RHI (22)
[2020.11.01-18.41.19:630][136]LogModuleManager: Shutting down and abandoning module AnimGraphRuntime (20)
[2020.11.01-18.41.19:630][136]LogModuleManager: Shutting down and abandoning module Renderer (18)
[2020.11.01-18.41.19:630][136]LogModuleManager: Shutting down and abandoning module Engine (16)
[2020.11.01-18.41.19:631][136]LogModuleManager: Shutting down and abandoning module CoreUObject (14)
[2020.11.01-18.41.19:631][136]LogModuleManager: Shutting down and abandoning module NetworkFile (12)
[2020.11.01-18.41.19:631][136]LogModuleManager: Shutting down and abandoning module CookedIterativeFile (10)
[2020.11.01-18.41.19:631][136]LogModuleManager: Shutting down and abandoning module StreamingFile (8)
[2020.11.01-18.41.19:631][136]LogModuleManager: Shutting down and abandoning module SandboxFile (6)
[2020.11.01-18.41.19:631][136]LogModuleManager: Shutting down and abandoning module PakFile (4)
[2020.11.01-18.41.19:631][136]LogModuleManager: Shutting down and abandoning module RSA (3)
[2020.11.01-18.41.19:860][136]LogContentStreaming: Display: There are 1 unreleased StreamingManagers
[2020.11.01-18.41.19:860][136]LogD3D11RHI: Shutdown
[2020.11.01-18.41.19:860][136]LogD3D11RHI: CleanupD3DDevice
[2020.11.01-18.41.19:878][136]LogExit: Exiting.
[2020.11.01-18.41.19:888][136]Log file closed, 11/01/20 18:41:19
